Analysis & Synthesis report for Keyboard
Wed Nov 04 08:58:03 2020
Quartus Prime Version 17.1.0 Build 590 10/25/2017 SJ Lite Edition


---------------------
; Table of Contents ;
---------------------
  1. Legal Notice
  2. Analysis & Synthesis Summary
  3. Analysis & Synthesis Settings
  4. Parallel Compilation
  5. Analysis & Synthesis Source Files Read
  6. Analysis & Synthesis Resource Usage Summary
  7. Analysis & Synthesis Resource Utilization by Entity
  8. Analysis & Synthesis RAM Summary
  9. User-Specified and Inferred Latches
 10. General Register Statistics
 11. Registers Packed Into Inferred Megafunctions
 12. Registers Added for RAM Pass-Through Logic
 13. Multiplexer Restructuring Statistics (Restructuring Performed)
 14. Source assignments for ascii:display|altsyncram:myrom_rtl_0|altsyncram_n8b1:auto_generated
 15. Source assignments for ps2_keyboard:i|altsyncram:fifo_rtl_0|altsyncram_edi1:auto_generated
 16. Parameter Settings for User Entity Instance: ascii:display
 17. Parameter Settings for Inferred Entity Instance: ascii:display|altsyncram:myrom_rtl_0
 18. Parameter Settings for Inferred Entity Instance: ps2_keyboard:i|altsyncram:fifo_rtl_0
 19. altsyncram Parameter Settings by Entity Instance
 20. Port Connectivity Checks: "ascii:display|decode_hex:d_hex5"
 21. Port Connectivity Checks: "ascii:display|decode_hex:d_hex4"
 22. Post-Synthesis Netlist Statistics for Top Partition
 23. Elapsed Time Per Partition
 24. Analysis & Synthesis Messages
 25. Analysis & Synthesis Suppressed Messages



----------------
; Legal Notice ;
----------------
Copyright (C) 2017  Intel Corporation. All rights reserved.
Your use of Intel Corporation's design tools, logic functions 
and other software and tools, and its AMPP partner logic 
functions, and any output files from any of the foregoing 
(including device programming or simulation files), and any 
associated documentation or information are expressly subject 
to the terms and conditions of the Intel Program License 
Subscription Agreement, the Intel Quartus Prime License Agreement,
the Intel FPGA IP License Agreement, or other applicable license
agreement, including, without limitation, that your use is for
the sole purpose of programming logic devices manufactured by
Intel and sold by Intel or its authorized distributors.  Please
refer to the applicable agreement for further details.



+-------------------------------------------------------------------------------+
; Analysis & Synthesis Summary                                                  ;
+---------------------------------+---------------------------------------------+
; Analysis & Synthesis Status     ; Successful - Wed Nov 04 08:58:03 2020       ;
; Quartus Prime Version           ; 17.1.0 Build 590 10/25/2017 SJ Lite Edition ;
; Revision Name                   ; Keyboard                                    ;
; Top-level Entity Name           ; Keyboard                                    ;
; Family                          ; Cyclone V                                   ;
; Logic utilization (in ALMs)     ; N/A                                         ;
; Total registers                 ; 54                                          ;
; Total pins                      ; 62                                          ;
; Total virtual pins              ; 0                                           ;
; Total block memory bits         ; 2,112                                       ;
; Total DSP Blocks                ; 0                                           ;
; Total HSSI RX PCSs              ; 0                                           ;
; Total HSSI PMA RX Deserializers ; 0                                           ;
; Total HSSI TX PCSs              ; 0                                           ;
; Total HSSI PMA TX Serializers   ; 0                                           ;
; Total PLLs                      ; 0                                           ;
; Total DLLs                      ; 0                                           ;
+---------------------------------+---------------------------------------------+


+---------------------------------------------------------------------------------------------------------------------------+
; Analysis & Synthesis Settings                                                                                             ;
+---------------------------------------------------------------------------------+--------------------+--------------------+
; Option                                                                          ; Setting            ; Default Value      ;
+---------------------------------------------------------------------------------+--------------------+--------------------+
; Device                                                                          ; 5CSXFC6D6F31C6     ;                    ;
; Top-level entity name                                                           ; Keyboard           ; Keyboard           ;
; Family name                                                                     ; Cyclone V          ; Cyclone V          ;
; Use smart compilation                                                           ; Off                ; Off                ;
; Enable parallel Assembler and TimeQuest Timing Analyzer during compilation      ; On                 ; On                 ;
; Enable compact report table                                                     ; Off                ; Off                ;
; Restructure Multiplexers                                                        ; Auto               ; Auto               ;
; MLAB Add Timing Constraints For Mixed-Port Feed-Through Mode Setting Don't Care ; Off                ; Off                ;
; Create Debugging Nodes for IP Cores                                             ; Off                ; Off                ;
; Preserve fewer node names                                                       ; On                 ; On                 ;
; Intel FPGA IP Evaluation Mode                                                   ; Enable             ; Enable             ;
; Verilog Version                                                                 ; Verilog_2001       ; Verilog_2001       ;
; VHDL Version                                                                    ; VHDL_1993          ; VHDL_1993          ;
; State Machine Processing                                                        ; Auto               ; Auto               ;
; Safe State Machine                                                              ; Off                ; Off                ;
; Extract Verilog State Machines                                                  ; On                 ; On                 ;
; Extract VHDL State Machines                                                     ; On                 ; On                 ;
; Ignore Verilog initial constructs                                               ; Off                ; Off                ;
; Iteration limit for constant Verilog loops                                      ; 5000               ; 5000               ;
; Iteration limit for non-constant Verilog loops                                  ; 250                ; 250                ;
; Add Pass-Through Logic to Inferred RAMs                                         ; On                 ; On                 ;
; Infer RAMs from Raw Logic                                                       ; On                 ; On                 ;
; Parallel Synthesis                                                              ; On                 ; On                 ;
; DSP Block Balancing                                                             ; Auto               ; Auto               ;
; NOT Gate Push-Back                                                              ; On                 ; On                 ;
; Power-Up Don't Care                                                             ; On                 ; On                 ;
; Remove Redundant Logic Cells                                                    ; Off                ; Off                ;
; Remove Duplicate Registers                                                      ; On                 ; On                 ;
; Ignore CARRY Buffers                                                            ; Off                ; Off                ;
; Ignore CASCADE Buffers                                                          ; Off                ; Off                ;
; Ignore GLOBAL Buffers                                                           ; Off                ; Off                ;
; Ignore ROW GLOBAL Buffers                                                       ; Off                ; Off                ;
; Ignore LCELL Buffers                                                            ; Off                ; Off                ;
; Ignore SOFT Buffers                                                             ; On                 ; On                 ;
; Limit AHDL Integers to 32 Bits                                                  ; Off                ; Off                ;
; Optimization Technique                                                          ; Balanced           ; Balanced           ;
; Carry Chain Length                                                              ; 70                 ; 70                 ;
; Auto Carry Chains                                                               ; On                 ; On                 ;
; Auto Open-Drain Pins                                                            ; On                 ; On                 ;
; Perform WYSIWYG Primitive Resynthesis                                           ; Off                ; Off                ;
; Auto ROM Replacement                                                            ; On                 ; On                 ;
; Auto RAM Replacement                                                            ; On                 ; On                 ;
; Auto DSP Block Replacement                                                      ; On                 ; On                 ;
; Auto Shift Register Replacement                                                 ; Auto               ; Auto               ;
; Allow Shift Register Merging across Hierarchies                                 ; Auto               ; Auto               ;
; Auto Clock Enable Replacement                                                   ; On                 ; On                 ;
; Strict RAM Replacement                                                          ; Off                ; Off                ;
; Allow Synchronous Control Signals                                               ; On                 ; On                 ;
; Force Use of Synchronous Clear Signals                                          ; Off                ; Off                ;
; Auto Resource Sharing                                                           ; Off                ; Off                ;
; Allow Any RAM Size For Recognition                                              ; Off                ; Off                ;
; Allow Any ROM Size For Recognition                                              ; Off                ; Off                ;
; Allow Any Shift Register Size For Recognition                                   ; Off                ; Off                ;
; Use LogicLock Constraints during Resource Balancing                             ; On                 ; On                 ;
; Ignore translate_off and synthesis_off directives                               ; Off                ; Off                ;
; Timing-Driven Synthesis                                                         ; On                 ; On                 ;
; Report Parameter Settings                                                       ; On                 ; On                 ;
; Report Source Assignments                                                       ; On                 ; On                 ;
; Report Connectivity Checks                                                      ; On                 ; On                 ;
; Ignore Maximum Fan-Out Assignments                                              ; Off                ; Off                ;
; Synchronization Register Chain Length                                           ; 3                  ; 3                  ;
; Power Optimization During Synthesis                                             ; Normal compilation ; Normal compilation ;
; HDL message level                                                               ; Level2             ; Level2             ;
; Suppress Register Optimization Related Messages                                 ; Off                ; Off                ;
; Number of Removed Registers Reported in Synthesis Report                        ; 5000               ; 5000               ;
; Number of Swept Nodes Reported in Synthesis Report                              ; 5000               ; 5000               ;
; Number of Inverted Registers Reported in Synthesis Report                       ; 100                ; 100                ;
; Clock MUX Protection                                                            ; On                 ; On                 ;
; Auto Gated Clock Conversion                                                     ; Off                ; Off                ;
; Block Design Naming                                                             ; Auto               ; Auto               ;
; SDC constraint protection                                                       ; Off                ; Off                ;
; Synthesis Effort                                                                ; Auto               ; Auto               ;
; Shift Register Replacement - Allow Asynchronous Clear Signal                    ; On                 ; On                 ;
; Pre-Mapping Resynthesis Optimization                                            ; Off                ; Off                ;
; Analysis & Synthesis Message Level                                              ; Medium             ; Medium             ;
; Disable Register Merging Across Hierarchies                                     ; Auto               ; Auto               ;
; Resource Aware Inference For Block RAM                                          ; On                 ; On                 ;
; Automatic Parallel Synthesis                                                    ; On                 ; On                 ;
; Partial Reconfiguration Bitstream ID                                            ; Off                ; Off                ;
+---------------------------------------------------------------------------------+--------------------+--------------------+


+------------------------------------------+
; Parallel Compilation                     ;
+----------------------------+-------------+
; Processors                 ; Number      ;
+----------------------------+-------------+
; Number detected on machine ; 8           ;
; Maximum allowed            ; 4           ;
;                            ;             ;
; Average used               ; 1.00        ;
; Maximum used               ; 4           ;
;                            ;             ;
; Usage by Processor         ; % Time Used ;
;     Processor 1            ; 100.0%      ;
;     Processors 2-4         ;   0.0%      ;
+----------------------------+-------------+


+--------------------------------------------------------------------------------------------------------------------------------------------------------------------------------------+
; Analysis & Synthesis Source Files Read                                                                                                                                               ;
+----------------------------------+-----------------+----------------------------------------+------------------------------------------------------------------------------+---------+
; File Name with User-Entered Path ; Used in Netlist ; File Type                              ; File Name with Absolute Path                                                 ; Library ;
+----------------------------------+-----------------+----------------------------------------+------------------------------------------------------------------------------+---------+
; Keyboard.v                       ; yes             ; User Verilog HDL File                  ; D:/data/Homework/FPGA/Exp/Exp8/Keyboard/Keyboard.v                           ;         ;
; ascii.v                          ; yes             ; User Verilog HDL File                  ; D:/data/Homework/FPGA/Exp/Exp8/Keyboard/ascii.v                              ;         ;
; decode_ascii_hex.v               ; yes             ; User Verilog HDL File                  ; D:/data/Homework/FPGA/Exp/Exp8/Keyboard/decode_ascii_hex.v                   ;         ;
; out.v                            ; yes             ; User Verilog HDL File                  ; D:/data/Homework/FPGA/Exp/Exp8/Keyboard/out.v                                ;         ;
; ps2_keyboard.v                   ; yes             ; Auto-Found Verilog HDL File            ; D:/data/Homework/FPGA/Exp/Exp8/Keyboard/ps2_keyboard.v                       ;         ;
; decode_hex.v                     ; yes             ; Auto-Found Verilog HDL File            ; D:/data/Homework/FPGA/Exp/Exp8/Keyboard/decode_hex.v                         ;         ;
; altsyncram.tdf                   ; yes             ; Megafunction                           ; d:/intelfpga_lite/17.1/quartus/libraries/megafunctions/altsyncram.tdf        ;         ;
; stratix_ram_block.inc            ; yes             ; Megafunction                           ; d:/intelfpga_lite/17.1/quartus/libraries/megafunctions/stratix_ram_block.inc ;         ;
; lpm_mux.inc                      ; yes             ; Megafunction                           ; d:/intelfpga_lite/17.1/quartus/libraries/megafunctions/lpm_mux.inc           ;         ;
; lpm_decode.inc                   ; yes             ; Megafunction                           ; d:/intelfpga_lite/17.1/quartus/libraries/megafunctions/lpm_decode.inc        ;         ;
; aglobal171.inc                   ; yes             ; Megafunction                           ; d:/intelfpga_lite/17.1/quartus/libraries/megafunctions/aglobal171.inc        ;         ;
; a_rdenreg.inc                    ; yes             ; Megafunction                           ; d:/intelfpga_lite/17.1/quartus/libraries/megafunctions/a_rdenreg.inc         ;         ;
; altrom.inc                       ; yes             ; Megafunction                           ; d:/intelfpga_lite/17.1/quartus/libraries/megafunctions/altrom.inc            ;         ;
; altram.inc                       ; yes             ; Megafunction                           ; d:/intelfpga_lite/17.1/quartus/libraries/megafunctions/altram.inc            ;         ;
; altdpram.inc                     ; yes             ; Megafunction                           ; d:/intelfpga_lite/17.1/quartus/libraries/megafunctions/altdpram.inc          ;         ;
; db/altsyncram_n8b1.tdf           ; yes             ; Auto-Generated Megafunction            ; D:/data/Homework/FPGA/Exp/Exp8/Keyboard/db/altsyncram_n8b1.tdf               ;         ;
; ascii.mif                        ; yes             ; Auto-Found Memory Initialization File  ; D:/data/Homework/FPGA/Exp/Exp8/Keyboard/ascii.mif                            ;         ;
; db/altsyncram_edi1.tdf           ; yes             ; Auto-Generated Megafunction            ; D:/data/Homework/FPGA/Exp/Exp8/Keyboard/db/altsyncram_edi1.tdf               ;         ;
+----------------------------------+-----------------+----------------------------------------+------------------------------------------------------------------------------+---------+


+---------------------------------------------------------+
; Analysis & Synthesis Resource Usage Summary             ;
+---------------------------------------------+-----------+
; Resource                                    ; Usage     ;
+---------------------------------------------+-----------+
; Estimate of Logic utilization (ALMs needed) ; 98        ;
;                                             ;           ;
; Combinational ALUT usage for logic          ; 150       ;
;     -- 7 input functions                    ; 0         ;
;     -- 6 input functions                    ; 44        ;
;     -- 5 input functions                    ; 24        ;
;     -- 4 input functions                    ; 55        ;
;     -- <=3 input functions                  ; 27        ;
;                                             ;           ;
; Dedicated logic registers                   ; 54        ;
;                                             ;           ;
; I/O pins                                    ; 62        ;
; Total MLAB memory bits                      ; 0         ;
; Total block memory bits                     ; 2112      ;
;                                             ;           ;
; Total DSP Blocks                            ; 0         ;
;                                             ;           ;
; Maximum fan-out node                        ; clk~input ;
; Maximum fan-out                             ; 48        ;
; Total fan-out                               ; 1079      ;
; Average fan-out                             ; 3.14      ;
+---------------------------------------------+-----------+


+----------------------------------------------------------------------------------------------------------------------------------------------------------------------------------------------------------------------------------------------------------------------+
; Analysis & Synthesis Resource Utilization by Entity                                                                                                                                                                                                                  ;
+-------------------------------------------+---------------------+---------------------------+-------------------+------------+------+--------------+-------------------------------------------------------------------------------+------------------+--------------+
; Compilation Hierarchy Node                ; Combinational ALUTs ; Dedicated Logic Registers ; Block Memory Bits ; DSP Blocks ; Pins ; Virtual Pins ; Full Hierarchy Name                                                           ; Entity Name      ; Library Name ;
+-------------------------------------------+---------------------+---------------------------+-------------------+------------+------+--------------+-------------------------------------------------------------------------------+------------------+--------------+
; |Keyboard                                 ; 150 (0)             ; 54 (0)                    ; 2112              ; 0          ; 62   ; 0            ; |Keyboard                                                                     ; Keyboard         ; work         ;
;    |ascii:display|                        ; 93 (23)             ; 14 (14)                   ; 2048              ; 0          ; 0    ; 0            ; |Keyboard|ascii:display                                                       ; ascii            ; work         ;
;       |altsyncram:myrom_rtl_0|            ; 0 (0)               ; 0 (0)                     ; 2048              ; 0          ; 0    ; 0            ; |Keyboard|ascii:display|altsyncram:myrom_rtl_0                                ; altsyncram       ; work         ;
;          |altsyncram_n8b1:auto_generated| ; 0 (0)               ; 0 (0)                     ; 2048              ; 0          ; 0    ; 0            ; |Keyboard|ascii:display|altsyncram:myrom_rtl_0|altsyncram_n8b1:auto_generated ; altsyncram_n8b1  ; work         ;
;       |decode_ascii_hex:d_hex2|           ; 14 (14)             ; 0 (0)                     ; 0                 ; 0          ; 0    ; 0            ; |Keyboard|ascii:display|decode_ascii_hex:d_hex2                               ; decode_ascii_hex ; work         ;
;       |decode_ascii_hex:d_hex3|           ; 14 (14)             ; 0 (0)                     ; 0                 ; 0          ; 0    ; 0            ; |Keyboard|ascii:display|decode_ascii_hex:d_hex3                               ; decode_ascii_hex ; work         ;
;       |decode_hex:d_hex0|                 ; 14 (14)             ; 0 (0)                     ; 0                 ; 0          ; 0    ; 0            ; |Keyboard|ascii:display|decode_hex:d_hex0                                     ; decode_hex       ; work         ;
;       |decode_hex:d_hex1|                 ; 14 (14)             ; 0 (0)                     ; 0                 ; 0          ; 0    ; 0            ; |Keyboard|ascii:display|decode_hex:d_hex1                                     ; decode_hex       ; work         ;
;       |decode_hex:d_hex4|                 ; 7 (7)               ; 0 (0)                     ; 0                 ; 0          ; 0    ; 0            ; |Keyboard|ascii:display|decode_hex:d_hex4                                     ; decode_hex       ; work         ;
;       |decode_hex:d_hex5|                 ; 7 (7)               ; 0 (0)                     ; 0                 ; 0          ; 0    ; 0            ; |Keyboard|ascii:display|decode_hex:d_hex5                                     ; decode_hex       ; work         ;
;    |out:o|                                ; 8 (8)               ; 0 (0)                     ; 0                 ; 0          ; 0    ; 0            ; |Keyboard|out:o                                                               ; out              ; work         ;
;    |ps2_keyboard:i|                       ; 49 (49)             ; 40 (40)                   ; 64                ; 0          ; 0    ; 0            ; |Keyboard|ps2_keyboard:i                                                      ; ps2_keyboard     ; work         ;
;       |altsyncram:fifo_rtl_0|             ; 0 (0)               ; 0 (0)                     ; 64                ; 0          ; 0    ; 0            ; |Keyboard|ps2_keyboard:i|altsyncram:fifo_rtl_0                                ; altsyncram       ; work         ;
;          |altsyncram_edi1:auto_generated| ; 0 (0)               ; 0 (0)                     ; 64                ; 0          ; 0    ; 0            ; |Keyboard|ps2_keyboard:i|altsyncram:fifo_rtl_0|altsyncram_edi1:auto_generated ; altsyncram_edi1  ; work         ;
+-------------------------------------------+---------------------+---------------------------+-------------------+------------+------+--------------+-------------------------------------------------------------------------------+------------------+--------------+
Note: For table entries with two numbers listed, the numbers in parentheses indicate the number of resources of the given type used by the specific entity alone. The numbers listed outside of parentheses indicate the total resources of the given type used by the specific entity and all of its sub-entities in the hierarchy.


+-----------------------------------------------------------------------------------------------------------------------------------------------------------------------------------------+
; Analysis & Synthesis RAM Summary                                                                                                                                                        ;
+--------------------------------------------------------------------------------+------+------------------+--------------+--------------+--------------+--------------+------+-----------+
; Name                                                                           ; Type ; Mode             ; Port A Depth ; Port A Width ; Port B Depth ; Port B Width ; Size ; MIF       ;
+--------------------------------------------------------------------------------+------+------------------+--------------+--------------+--------------+--------------+------+-----------+
; ascii:display|altsyncram:myrom_rtl_0|altsyncram_n8b1:auto_generated|ALTSYNCRAM ; AUTO ; ROM              ; 256          ; 8            ; --           ; --           ; 2048 ; ascii.mif ;
; ps2_keyboard:i|altsyncram:fifo_rtl_0|altsyncram_edi1:auto_generated|ALTSYNCRAM ; AUTO ; Simple Dual Port ; 8            ; 8            ; 8            ; 8            ; 64   ; None      ;
+--------------------------------------------------------------------------------+------+------------------+--------------+--------------+--------------+--------------+------+-----------+


+----------------------------------------------------------------------------------------------------+
; User-Specified and Inferred Latches                                                                ;
+----------------------------------------------------+----------------------+------------------------+
; Latch Name                                         ; Latch Enable Signal  ; Free of Timing Hazards ;
+----------------------------------------------------+----------------------+------------------------+
; out:o|data[0]                                      ; ps2_keyboard:i|ready ; yes                    ;
; out:o|data[1]                                      ; ps2_keyboard:i|ready ; yes                    ;
; out:o|data[2]                                      ; ps2_keyboard:i|ready ; yes                    ;
; out:o|data[3]                                      ; ps2_keyboard:i|ready ; yes                    ;
; out:o|data[4]                                      ; ps2_keyboard:i|ready ; yes                    ;
; out:o|data[5]                                      ; ps2_keyboard:i|ready ; yes                    ;
; out:o|data[6]                                      ; ps2_keyboard:i|ready ; yes                    ;
; out:o|data[7]                                      ; ps2_keyboard:i|ready ; yes                    ;
; Number of user-specified and inferred latches = 8  ;                      ;                        ;
+----------------------------------------------------+----------------------+------------------------+
Note: All latches listed above may not be present at the end of synthesis due to various synthesis optimizations.


+------------------------------------------------------+
; General Register Statistics                          ;
+----------------------------------------------+-------+
; Statistic                                    ; Value ;
+----------------------------------------------+-------+
; Total registers                              ; 54    ;
; Number of registers using Synchronous Clear  ; 0     ;
; Number of registers using Synchronous Load   ; 0     ;
; Number of registers using Asynchronous Clear ; 14    ;
; Number of registers using Asynchronous Load  ; 0     ;
; Number of registers using Clock Enable       ; 15    ;
; Number of registers using Preset             ; 0     ;
+----------------------------------------------+-------+


+--------------------------------------------------------------+
; Registers Packed Into Inferred Megafunctions                 ;
+---------------------------+---------------------------+------+
; Register Name             ; Megafunction              ; Type ;
+---------------------------+---------------------------+------+
; ascii:display|ascii[0..7] ; ascii:display|myrom_rtl_0 ; RAM  ;
+---------------------------+---------------------------+------+


+------------------------------------------------------------------+
; Registers Added for RAM Pass-Through Logic                       ;
+--------------------------------------+---------------------------+
; Register Name                        ; RAM Name                  ;
+--------------------------------------+---------------------------+
; ps2_keyboard:i|fifo_rtl_0_bypass[0]  ; ps2_keyboard:i|fifo_rtl_0 ;
; ps2_keyboard:i|fifo_rtl_0_bypass[1]  ; ps2_keyboard:i|fifo_rtl_0 ;
; ps2_keyboard:i|fifo_rtl_0_bypass[2]  ; ps2_keyboard:i|fifo_rtl_0 ;
; ps2_keyboard:i|fifo_rtl_0_bypass[3]  ; ps2_keyboard:i|fifo_rtl_0 ;
; ps2_keyboard:i|fifo_rtl_0_bypass[4]  ; ps2_keyboard:i|fifo_rtl_0 ;
; ps2_keyboard:i|fifo_rtl_0_bypass[5]  ; ps2_keyboard:i|fifo_rtl_0 ;
; ps2_keyboard:i|fifo_rtl_0_bypass[6]  ; ps2_keyboard:i|fifo_rtl_0 ;
; ps2_keyboard:i|fifo_rtl_0_bypass[7]  ; ps2_keyboard:i|fifo_rtl_0 ;
; ps2_keyboard:i|fifo_rtl_0_bypass[8]  ; ps2_keyboard:i|fifo_rtl_0 ;
; ps2_keyboard:i|fifo_rtl_0_bypass[9]  ; ps2_keyboard:i|fifo_rtl_0 ;
; ps2_keyboard:i|fifo_rtl_0_bypass[10] ; ps2_keyboard:i|fifo_rtl_0 ;
; ps2_keyboard:i|fifo_rtl_0_bypass[11] ; ps2_keyboard:i|fifo_rtl_0 ;
; ps2_keyboard:i|fifo_rtl_0_bypass[12] ; ps2_keyboard:i|fifo_rtl_0 ;
; ps2_keyboard:i|fifo_rtl_0_bypass[13] ; ps2_keyboard:i|fifo_rtl_0 ;
; ps2_keyboard:i|fifo_rtl_0_bypass[14] ; ps2_keyboard:i|fifo_rtl_0 ;
+--------------------------------------+---------------------------+


+-------------------------------------------------------------------------------------------------------------------------------------------------+
; Multiplexer Restructuring Statistics (Restructuring Performed)                                                                                  ;
+--------------------+-----------+---------------+----------------------+------------------------+------------+-----------------------------------+
; Multiplexer Inputs ; Bus Width ; Baseline Area ; Area if Restructured ; Saving if Restructured ; Registered ; Example Multiplexer Output        ;
+--------------------+-----------+---------------+----------------------+------------------------+------------+-----------------------------------+
; 3:1                ; 3 bits    ; 6 LEs         ; 3 LEs                ; 3 LEs                  ; Yes        ; |Keyboard|ps2_keyboard:i|w_ptr[2] ;
; 4:1                ; 4 bits    ; 8 LEs         ; 8 LEs                ; 0 LEs                  ; Yes        ; |Keyboard|ps2_keyboard:i|count[0] ;
; 12:1               ; 8 bits    ; 64 LEs        ; 0 LEs                ; 64 LEs                 ; Yes        ; |Keyboard|ascii:display|count[0]  ;
; 3:1                ; 3 bits    ; 6 LEs         ; 6 LEs                ; 0 LEs                  ; No         ; |Keyboard|ps2_keyboard:i|r_ptr    ;
+--------------------+-----------+---------------+----------------------+------------------------+------------+-----------------------------------+


+--------------------------------------------------------------------------------------------+
; Source assignments for ascii:display|altsyncram:myrom_rtl_0|altsyncram_n8b1:auto_generated ;
+---------------------------------+--------------------+------+------------------------------+
; Assignment                      ; Value              ; From ; To                           ;
+---------------------------------+--------------------+------+------------------------------+
; OPTIMIZE_POWER_DURING_SYNTHESIS ; NORMAL_COMPILATION ; -    ; -                            ;
+---------------------------------+--------------------+------+------------------------------+


+--------------------------------------------------------------------------------------------+
; Source assignments for ps2_keyboard:i|altsyncram:fifo_rtl_0|altsyncram_edi1:auto_generated ;
+---------------------------------+--------------------+------+------------------------------+
; Assignment                      ; Value              ; From ; To                           ;
+---------------------------------+--------------------+------+------------------------------+
; OPTIMIZE_POWER_DURING_SYNTHESIS ; NORMAL_COMPILATION ; -    ; -                            ;
+---------------------------------+--------------------+------+------------------------------+


+------------------------------------------------------------+
; Parameter Settings for User Entity Instance: ascii:display ;
+----------------+----------+--------------------------------+
; Parameter Name ; Value    ; Type                           ;
+----------------+----------+--------------------------------+
; Caps           ; 01011000 ; Unsigned Binary                ;
; Shift          ; 00010010 ; Unsigned Binary                ;
; Ctrl           ; 00010100 ; Unsigned Binary                ;
; Break          ; 11110000 ; Unsigned Binary                ;
; None           ; 11111111 ; Unsigned Binary                ;
+----------------+----------+--------------------------------+
Note: In order to hide this table in the UI and the text report file, please set the "Show Parameter Settings in Synthesis Report" option in "Analysis and Synthesis Settings -> More Settings" to "Off".


+---------------------------------------------------------------------------------------+
; Parameter Settings for Inferred Entity Instance: ascii:display|altsyncram:myrom_rtl_0 ;
+------------------------------------+----------------------+---------------------------+
; Parameter Name                     ; Value                ; Type                      ;
+------------------------------------+----------------------+---------------------------+
; BYTE_SIZE_BLOCK                    ; 8                    ; Untyped                   ;
; AUTO_CARRY_CHAINS                  ; ON                   ; AUTO_CARRY                ;
; IGNORE_CARRY_BUFFERS               ; OFF                  ; IGNORE_CARRY              ;
; AUTO_CASCADE_CHAINS                ; ON                   ; AUTO_CASCADE              ;
; IGNORE_CASCADE_BUFFERS             ; OFF                  ; IGNORE_CASCADE            ;
; WIDTH_BYTEENA                      ; 1                    ; Untyped                   ;
; OPERATION_MODE                     ; ROM                  ; Untyped                   ;
; WIDTH_A                            ; 8                    ; Untyped                   ;
; WIDTHAD_A                          ; 8                    ; Untyped                   ;
; NUMWORDS_A                         ; 256                  ; Untyped                   ;
; OUTDATA_REG_A                      ; UNREGISTERED         ; Untyped                   ;
; ADDRESS_ACLR_A                     ; NONE                 ; Untyped                   ;
; OUTDATA_ACLR_A                     ; NONE                 ; Untyped                   ;
; WRCONTROL_ACLR_A                   ; NONE                 ; Untyped                   ;
; INDATA_ACLR_A                      ; NONE                 ; Untyped                   ;
; BYTEENA_ACLR_A                     ; NONE                 ; Untyped                   ;
; WIDTH_B                            ; 1                    ; Untyped                   ;
; WIDTHAD_B                          ; 1                    ; Untyped                   ;
; NUMWORDS_B                         ; 1                    ; Untyped                   ;
; INDATA_REG_B                       ; CLOCK1               ; Untyped                   ;
; WRCONTROL_WRADDRESS_REG_B          ; CLOCK1               ; Untyped                   ;
; RDCONTROL_REG_B                    ; CLOCK1               ; Untyped                   ;
; ADDRESS_REG_B                      ; CLOCK1               ; Untyped                   ;
; OUTDATA_REG_B                      ; UNREGISTERED         ; Untyped                   ;
; BYTEENA_REG_B                      ; CLOCK1               ; Untyped                   ;
; INDATA_ACLR_B                      ; NONE                 ; Untyped                   ;
; WRCONTROL_ACLR_B                   ; NONE                 ; Untyped                   ;
; ADDRESS_ACLR_B                     ; NONE                 ; Untyped                   ;
; OUTDATA_ACLR_B                     ; NONE                 ; Untyped                   ;
; RDCONTROL_ACLR_B                   ; NONE                 ; Untyped                   ;
; BYTEENA_ACLR_B                     ; NONE                 ; Untyped                   ;
; WIDTH_BYTEENA_A                    ; 1                    ; Untyped                   ;
; WIDTH_BYTEENA_B                    ; 1                    ; Untyped                   ;
; RAM_BLOCK_TYPE                     ; AUTO                 ; Untyped                   ;
; BYTE_SIZE                          ; 8                    ; Untyped                   ;
; READ_DURING_WRITE_MODE_MIXED_PORTS ; DONT_CARE            ; Untyped                   ;
; READ_DURING_WRITE_MODE_PORT_A      ; NEW_DATA_NO_NBE_READ ; Untyped                   ;
; READ_DURING_WRITE_MODE_PORT_B      ; NEW_DATA_NO_NBE_READ ; Untyped                   ;
; INIT_FILE                          ; ascii.mif            ; Untyped                   ;
; INIT_FILE_LAYOUT                   ; PORT_A               ; Untyped                   ;
; MAXIMUM_DEPTH                      ; 0                    ; Untyped                   ;
; CLOCK_ENABLE_INPUT_A               ; NORMAL               ; Untyped                   ;
; CLOCK_ENABLE_INPUT_B               ; NORMAL               ; Untyped                   ;
; CLOCK_ENABLE_OUTPUT_A              ; NORMAL               ; Untyped                   ;
; CLOCK_ENABLE_OUTPUT_B              ; NORMAL               ; Untyped                   ;
; CLOCK_ENABLE_CORE_A                ; USE_INPUT_CLKEN      ; Untyped                   ;
; CLOCK_ENABLE_CORE_B                ; USE_INPUT_CLKEN      ; Untyped                   ;
; ENABLE_ECC                         ; FALSE                ; Untyped                   ;
; ECC_PIPELINE_STAGE_ENABLED         ; FALSE                ; Untyped                   ;
; WIDTH_ECCSTATUS                    ; 3                    ; Untyped                   ;
; DEVICE_FAMILY                      ; Cyclone V            ; Untyped                   ;
; CBXI_PARAMETER                     ; altsyncram_n8b1      ; Untyped                   ;
+------------------------------------+----------------------+---------------------------+
Note: In order to hide this table in the UI and the text report file, please set the "Show Parameter Settings in Synthesis Report" option in "Analysis and Synthesis Settings -> More Settings" to "Off".


+---------------------------------------------------------------------------------------+
; Parameter Settings for Inferred Entity Instance: ps2_keyboard:i|altsyncram:fifo_rtl_0 ;
+------------------------------------+----------------------+---------------------------+
; Parameter Name                     ; Value                ; Type                      ;
+------------------------------------+----------------------+---------------------------+
; BYTE_SIZE_BLOCK                    ; 8                    ; Untyped                   ;
; AUTO_CARRY_CHAINS                  ; ON                   ; AUTO_CARRY                ;
; IGNORE_CARRY_BUFFERS               ; OFF                  ; IGNORE_CARRY              ;
; AUTO_CASCADE_CHAINS                ; ON                   ; AUTO_CASCADE              ;
; IGNORE_CASCADE_BUFFERS             ; OFF                  ; IGNORE_CASCADE            ;
; WIDTH_BYTEENA                      ; 1                    ; Untyped                   ;
; OPERATION_MODE                     ; DUAL_PORT            ; Untyped                   ;
; WIDTH_A                            ; 8                    ; Untyped                   ;
; WIDTHAD_A                          ; 3                    ; Untyped                   ;
; NUMWORDS_A                         ; 8                    ; Untyped                   ;
; OUTDATA_REG_A                      ; UNREGISTERED         ; Untyped                   ;
; ADDRESS_ACLR_A                     ; NONE                 ; Untyped                   ;
; OUTDATA_ACLR_A                     ; NONE                 ; Untyped                   ;
; WRCONTROL_ACLR_A                   ; NONE                 ; Untyped                   ;
; INDATA_ACLR_A                      ; NONE                 ; Untyped                   ;
; BYTEENA_ACLR_A                     ; NONE                 ; Untyped                   ;
; WIDTH_B                            ; 8                    ; Untyped                   ;
; WIDTHAD_B                          ; 3                    ; Untyped                   ;
; NUMWORDS_B                         ; 8                    ; Untyped                   ;
; INDATA_REG_B                       ; CLOCK1               ; Untyped                   ;
; WRCONTROL_WRADDRESS_REG_B          ; CLOCK1               ; Untyped                   ;
; RDCONTROL_REG_B                    ; CLOCK1               ; Untyped                   ;
; ADDRESS_REG_B                      ; CLOCK0               ; Untyped                   ;
; OUTDATA_REG_B                      ; UNREGISTERED         ; Untyped                   ;
; BYTEENA_REG_B                      ; CLOCK1               ; Untyped                   ;
; INDATA_ACLR_B                      ; NONE                 ; Untyped                   ;
; WRCONTROL_ACLR_B                   ; NONE                 ; Untyped                   ;
; ADDRESS_ACLR_B                     ; NONE                 ; Untyped                   ;
; OUTDATA_ACLR_B                     ; NONE                 ; Untyped                   ;
; RDCONTROL_ACLR_B                   ; NONE                 ; Untyped                   ;
; BYTEENA_ACLR_B                     ; NONE                 ; Untyped                   ;
; WIDTH_BYTEENA_A                    ; 1                    ; Untyped                   ;
; WIDTH_BYTEENA_B                    ; 1                    ; Untyped                   ;
; RAM_BLOCK_TYPE                     ; AUTO                 ; Untyped                   ;
; BYTE_SIZE                          ; 8                    ; Untyped                   ;
; READ_DURING_WRITE_MODE_MIXED_PORTS ; DONT_CARE            ; Untyped                   ;
; READ_DURING_WRITE_MODE_PORT_A      ; NEW_DATA_NO_NBE_READ ; Untyped                   ;
; READ_DURING_WRITE_MODE_PORT_B      ; NEW_DATA_NO_NBE_READ ; Untyped                   ;
; INIT_FILE                          ; UNUSED               ; Untyped                   ;
; INIT_FILE_LAYOUT                   ; PORT_A               ; Untyped                   ;
; MAXIMUM_DEPTH                      ; 0                    ; Untyped                   ;
; CLOCK_ENABLE_INPUT_A               ; NORMAL               ; Untyped                   ;
; CLOCK_ENABLE_INPUT_B               ; NORMAL               ; Untyped                   ;
; CLOCK_ENABLE_OUTPUT_A              ; NORMAL               ; Untyped                   ;
; CLOCK_ENABLE_OUTPUT_B              ; NORMAL               ; Untyped                   ;
; CLOCK_ENABLE_CORE_A                ; USE_INPUT_CLKEN      ; Untyped                   ;
; CLOCK_ENABLE_CORE_B                ; USE_INPUT_CLKEN      ; Untyped                   ;
; ENABLE_ECC                         ; FALSE                ; Untyped                   ;
; ECC_PIPELINE_STAGE_ENABLED         ; FALSE                ; Untyped                   ;
; WIDTH_ECCSTATUS                    ; 3                    ; Untyped                   ;
; DEVICE_FAMILY                      ; Cyclone V            ; Untyped                   ;
; CBXI_PARAMETER                     ; altsyncram_edi1      ; Untyped                   ;
+------------------------------------+----------------------+---------------------------+
Note: In order to hide this table in the UI and the text report file, please set the "Show Parameter Settings in Synthesis Report" option in "Analysis and Synthesis Settings -> More Settings" to "Off".


+----------------------------------------------------------------------------------+
; altsyncram Parameter Settings by Entity Instance                                 ;
+-------------------------------------------+--------------------------------------+
; Name                                      ; Value                                ;
+-------------------------------------------+--------------------------------------+
; Number of entity instances                ; 2                                    ;
; Entity Instance                           ; ascii:display|altsyncram:myrom_rtl_0 ;
;     -- OPERATION_MODE                     ; ROM                                  ;
;     -- WIDTH_A                            ; 8                                    ;
;     -- NUMWORDS_A                         ; 256                                  ;
;     -- OUTDATA_REG_A                      ; UNREGISTERED                         ;
;     -- WIDTH_B                            ; 1                                    ;
;     -- NUMWORDS_B                         ; 1                                    ;
;     -- ADDRESS_REG_B                      ; CLOCK1                               ;
;     -- OUTDATA_REG_B                      ; UNREGISTERED                         ;
;     -- RAM_BLOCK_TYPE                     ; AUTO                                 ;
;     -- READ_DURING_WRITE_MODE_MIXED_PORTS ; DONT_CARE                            ;
; Entity Instance                           ; ps2_keyboard:i|altsyncram:fifo_rtl_0 ;
;     -- OPERATION_MODE                     ; DUAL_PORT                            ;
;     -- WIDTH_A                            ; 8                                    ;
;     -- NUMWORDS_A                         ; 8                                    ;
;     -- OUTDATA_REG_A                      ; UNREGISTERED                         ;
;     -- WIDTH_B                            ; 8                                    ;
;     -- NUMWORDS_B                         ; 8                                    ;
;     -- ADDRESS_REG_B                      ; CLOCK0                               ;
;     -- OUTDATA_REG_B                      ; UNREGISTERED                         ;
;     -- RAM_BLOCK_TYPE                     ; AUTO                                 ;
;     -- READ_DURING_WRITE_MODE_MIXED_PORTS ; DONT_CARE                            ;
+-------------------------------------------+--------------------------------------+


+-------------------------------------------------------------+
; Port Connectivity Checks: "ascii:display|decode_hex:d_hex5" ;
+------+-------+----------+-----------------------------------+
; Port ; Type  ; Severity ; Details                           ;
+------+-------+----------+-----------------------------------+
; en   ; Input ; Info     ; Stuck at VCC                      ;
+------+-------+----------+-----------------------------------+


+-------------------------------------------------------------+
; Port Connectivity Checks: "ascii:display|decode_hex:d_hex4" ;
+------+-------+----------+-----------------------------------+
; Port ; Type  ; Severity ; Details                           ;
+------+-------+----------+-----------------------------------+
; en   ; Input ; Info     ; Stuck at VCC                      ;
+------+-------+----------+-----------------------------------+


+-----------------------------------------------------+
; Post-Synthesis Netlist Statistics for Top Partition ;
+-----------------------+-----------------------------+
; Type                  ; Count                       ;
+-----------------------+-----------------------------+
; arriav_ff             ; 54                          ;
;     CLR               ; 6                           ;
;     ENA               ; 7                           ;
;     ENA CLR           ; 8                           ;
;     plain             ; 33                          ;
; arriav_lcell_comb     ; 152                         ;
;     arith             ; 8                           ;
;         1 data inputs ; 8                           ;
;     normal            ; 144                         ;
;         1 data inputs ; 2                           ;
;         2 data inputs ; 5                           ;
;         3 data inputs ; 14                          ;
;         4 data inputs ; 55                          ;
;         5 data inputs ; 24                          ;
;         6 data inputs ; 44                          ;
; boundary_port         ; 62                          ;
; stratixv_ram_block    ; 16                          ;
;                       ;                             ;
; Max LUT depth         ; 4.00                        ;
; Average LUT depth     ; 2.18                        ;
+-----------------------+-----------------------------+


+-------------------------------+
; Elapsed Time Per Partition    ;
+----------------+--------------+
; Partition Name ; Elapsed Time ;
+----------------+--------------+
; Top            ; 00:00:01     ;
+----------------+--------------+


+-------------------------------+
; Analysis & Synthesis Messages ;
+-------------------------------+
Info: *******************************************************************
Info: Running Quartus Prime Analysis & Synthesis
    Info: Version 17.1.0 Build 590 10/25/2017 SJ Lite Edition
    Info: Processing started: Wed Nov 04 08:57:48 2020
Info: Command: quartus_map --read_settings_files=on --write_settings_files=off Keyboard -c Keyboard
Warning (18236): Number of processors has not been specified which may cause overloading on shared machines.  Set the global assignment NUM_PARALLEL_PROCESSORS in your QSF to an appropriate value for best performance.
Info (20030): Parallel compilation is enabled and will use 4 of the 4 processors detected
Info (12021): Found 1 design units, including 1 entities, in source file keyboard.v
    Info (12023): Found entity 1: Keyboard File: D:/data/Homework/FPGA/Exp/Exp8/Keyboard/Keyboard.v Line: 1
Info (12021): Found 1 design units, including 1 entities, in source file ps2_keyboard_model.v
    Info (12023): Found entity 1: ps2_keyboard_model File: D:/data/Homework/FPGA/Exp/Exp8/Keyboard/ps2_keyboard_model.v Line: 2
Info (12021): Found 1 design units, including 1 entities, in source file ascii.v
    Info (12023): Found entity 1: ascii File: D:/data/Homework/FPGA/Exp/Exp8/Keyboard/ascii.v Line: 1
Info (12021): Found 1 design units, including 1 entities, in source file decode_ascii_hex.v
    Info (12023): Found entity 1: decode_ascii_hex File: D:/data/Homework/FPGA/Exp/Exp8/Keyboard/decode_ascii_hex.v Line: 1
Info (12021): Found 1 design units, including 1 entities, in source file out.v
    Info (12023): Found entity 1: out File: D:/data/Homework/FPGA/Exp/Exp8/Keyboard/out.v Line: 1
Info (12021): Found 1 design units, including 1 entities, in source file ascii2.v
    Info (12023): Found entity 1: ascii2 File: D:/data/Homework/FPGA/Exp/Exp8/Keyboard/ascii2.v Line: 1
Warning (10222): Verilog HDL Parameter Declaration warning at ascii.v(19): Parameter Declaration in module "ascii" behaves as a Local Parameter Declaration because the module has a Module Parameter Port List File: D:/data/Homework/FPGA/Exp/Exp8/Keyboard/ascii.v Line: 19
Warning (10222): Verilog HDL Parameter Declaration warning at ascii2.v(21): Parameter Declaration in module "ascii2" behaves as a Local Parameter Declaration because the module has a Module Parameter Port List File: D:/data/Homework/FPGA/Exp/Exp8/Keyboard/ascii2.v Line: 21
Info (12127): Elaborating entity "Keyboard" for the top level hierarchy
Info (12128): Elaborating entity "out" for hierarchy "out:o" File: D:/data/Homework/FPGA/Exp/Exp8/Keyboard/Keyboard.v Line: 15
Warning (10235): Verilog HDL Always Construct warning at out.v(16): variable "ready" is read inside the Always Construct but isn't in the Always Construct's Event Control File: D:/data/Homework/FPGA/Exp/Exp8/Keyboard/out.v Line: 16
Warning (10235): Verilog HDL Always Construct warning at out.v(19): variable "kbdata" is read inside the Always Construct but isn't in the Always Construct's Event Control File: D:/data/Homework/FPGA/Exp/Exp8/Keyboard/out.v Line: 19
Warning (10240): Verilog HDL Always Construct warning at out.v(14): inferring latch(es) for variable "data", which holds its previous value in one or more paths through the always construct File: D:/data/Homework/FPGA/Exp/Exp8/Keyboard/out.v Line: 14
Info (10041): Inferred latch for "data[0]" at out.v(14) File: D:/data/Homework/FPGA/Exp/Exp8/Keyboard/out.v Line: 14
Info (10041): Inferred latch for "data[1]" at out.v(14) File: D:/data/Homework/FPGA/Exp/Exp8/Keyboard/out.v Line: 14
Info (10041): Inferred latch for "data[2]" at out.v(14) File: D:/data/Homework/FPGA/Exp/Exp8/Keyboard/out.v Line: 14
Info (10041): Inferred latch for "data[3]" at out.v(14) File: D:/data/Homework/FPGA/Exp/Exp8/Keyboard/out.v Line: 14
Info (10041): Inferred latch for "data[4]" at out.v(14) File: D:/data/Homework/FPGA/Exp/Exp8/Keyboard/out.v Line: 14
Info (10041): Inferred latch for "data[5]" at out.v(14) File: D:/data/Homework/FPGA/Exp/Exp8/Keyboard/out.v Line: 14
Info (10041): Inferred latch for "data[6]" at out.v(14) File: D:/data/Homework/FPGA/Exp/Exp8/Keyboard/out.v Line: 14
Info (10041): Inferred latch for "data[7]" at out.v(14) File: D:/data/Homework/FPGA/Exp/Exp8/Keyboard/out.v Line: 14
Warning (12125): Using design file ps2_keyboard.v, which is not specified as a design file for the current project, but contains definitions for 1 design units and 1 entities in project
    Info (12023): Found entity 1: ps2_keyboard File: D:/data/Homework/FPGA/Exp/Exp8/Keyboard/ps2_keyboard.v Line: 1
Info (12128): Elaborating entity "ps2_keyboard" for hierarchy "ps2_keyboard:i" File: D:/data/Homework/FPGA/Exp/Exp8/Keyboard/Keyboard.v Line: 18
Info (12128): Elaborating entity "ascii" for hierarchy "ascii:display" File: D:/data/Homework/FPGA/Exp/Exp8/Keyboard/Keyboard.v Line: 19
Warning (10858): Verilog HDL warning at ascii.v(17): object myrom used but never assigned File: D:/data/Homework/FPGA/Exp/Exp8/Keyboard/ascii.v Line: 17
Warning (10230): Verilog HDL assignment warning at ascii.v(22): truncated value with size 32 to match size of target (2) File: D:/data/Homework/FPGA/Exp/Exp8/Keyboard/ascii.v Line: 22
Warning (10230): Verilog HDL assignment warning at ascii.v(45): truncated value with size 32 to match size of target (2) File: D:/data/Homework/FPGA/Exp/Exp8/Keyboard/ascii.v Line: 45
Warning (10230): Verilog HDL assignment warning at ascii.v(60): truncated value with size 32 to match size of target (2) File: D:/data/Homework/FPGA/Exp/Exp8/Keyboard/ascii.v Line: 60
Warning (10230): Verilog HDL assignment warning at ascii.v(65): truncated value with size 32 to match size of target (8) File: D:/data/Homework/FPGA/Exp/Exp8/Keyboard/ascii.v Line: 65
Warning (10230): Verilog HDL assignment warning at ascii.v(77): truncated value with size 32 to match size of target (8) File: D:/data/Homework/FPGA/Exp/Exp8/Keyboard/ascii.v Line: 77
Warning (10230): Verilog HDL assignment warning at ascii.v(89): truncated value with size 32 to match size of target (8) File: D:/data/Homework/FPGA/Exp/Exp8/Keyboard/ascii.v Line: 89
Warning (10230): Verilog HDL assignment warning at ascii.v(101): truncated value with size 32 to match size of target (2) File: D:/data/Homework/FPGA/Exp/Exp8/Keyboard/ascii.v Line: 101
Warning (10230): Verilog HDL assignment warning at ascii.v(105): truncated value with size 32 to match size of target (2) File: D:/data/Homework/FPGA/Exp/Exp8/Keyboard/ascii.v Line: 105
Warning (10230): Verilog HDL assignment warning at ascii.v(106): truncated value with size 32 to match size of target (8) File: D:/data/Homework/FPGA/Exp/Exp8/Keyboard/ascii.v Line: 106
Warning (10230): Verilog HDL assignment warning at ascii.v(113): truncated value with size 32 to match size of target (2) File: D:/data/Homework/FPGA/Exp/Exp8/Keyboard/ascii.v Line: 113
Warning (10230): Verilog HDL assignment warning at ascii.v(117): truncated value with size 32 to match size of target (8) File: D:/data/Homework/FPGA/Exp/Exp8/Keyboard/ascii.v Line: 117
Warning (10230): Verilog HDL assignment warning at ascii.v(123): truncated value with size 32 to match size of target (8) File: D:/data/Homework/FPGA/Exp/Exp8/Keyboard/ascii.v Line: 123
Warning (10230): Verilog HDL assignment warning at ascii.v(138): truncated value with size 32 to match size of target (2) File: D:/data/Homework/FPGA/Exp/Exp8/Keyboard/ascii.v Line: 138
Warning (10230): Verilog HDL assignment warning at ascii.v(142): truncated value with size 32 to match size of target (2) File: D:/data/Homework/FPGA/Exp/Exp8/Keyboard/ascii.v Line: 142
Warning (10230): Verilog HDL assignment warning at ascii.v(149): truncated value with size 32 to match size of target (2) File: D:/data/Homework/FPGA/Exp/Exp8/Keyboard/ascii.v Line: 149
Warning (10230): Verilog HDL assignment warning at ascii.v(165): truncated value with size 32 to match size of target (2) File: D:/data/Homework/FPGA/Exp/Exp8/Keyboard/ascii.v Line: 165
Warning (10230): Verilog HDL assignment warning at ascii.v(169): truncated value with size 32 to match size of target (2) File: D:/data/Homework/FPGA/Exp/Exp8/Keyboard/ascii.v Line: 169
Warning (12125): Using design file decode_hex.v, which is not specified as a design file for the current project, but contains definitions for 1 design units and 1 entities in project
    Info (12023): Found entity 1: decode_hex File: D:/data/Homework/FPGA/Exp/Exp8/Keyboard/decode_hex.v Line: 1
Info (12128): Elaborating entity "decode_hex" for hierarchy "ascii:display|decode_hex:d_hex0" File: D:/data/Homework/FPGA/Exp/Exp8/Keyboard/ascii.v Line: 34
Info (12128): Elaborating entity "decode_ascii_hex" for hierarchy "ascii:display|decode_ascii_hex:d_hex2" File: D:/data/Homework/FPGA/Exp/Exp8/Keyboard/ascii.v Line: 179
Warning (10230): Verilog HDL assignment warning at decode_ascii_hex.v(13): truncated value with size 32 to match size of target (4) File: D:/data/Homework/FPGA/Exp/Exp8/Keyboard/decode_ascii_hex.v Line: 13
Warning (276020): Inferred RAM node "ps2_keyboard:i|fifo_rtl_0" from synchronous design logic.  Pass-through logic has been added to match the read-during-write behavior of the original design.
Info (19000): Inferred 2 megafunctions from design logic
    Info (276029): Inferred altsyncram megafunction from the following design logic: "ascii:display|myrom_rtl_0" 
        Info (286033): Parameter OPERATION_MODE set to ROM
        Info (286033): Parameter WIDTH_A set to 8
        Info (286033): Parameter WIDTHAD_A set to 8
        Info (286033): Parameter NUMWORDS_A set to 256
        Info (286033): Parameter OUTDATA_REG_A set to UNREGISTERED
        Info (286033): Parameter ADDRESS_ACLR_A set to NONE
        Info (286033): Parameter OUTDATA_ACLR_A set to NONE
        Info (286033): Parameter INDATA_ACLR_A set to NONE
        Info (286033): Parameter WRCONTROL_ACLR_A set to NONE
        Info (286033): Parameter INIT_FILE set to ascii.mif
    Info (276029): Inferred altsyncram megafunction from the following design logic: "ps2_keyboard:i|fifo_rtl_0" 
        Info (286033): Parameter OPERATION_MODE set to DUAL_PORT
        Info (286033): Parameter WIDTH_A set to 8
        Info (286033): Parameter WIDTHAD_A set to 3
        Info (286033): Parameter NUMWORDS_A set to 8
        Info (286033): Parameter WIDTH_B set to 8
        Info (286033): Parameter WIDTHAD_B set to 3
        Info (286033): Parameter NUMWORDS_B set to 8
        Info (286033): Parameter ADDRESS_ACLR_A set to NONE
        Info (286033): Parameter OUTDATA_REG_B set to UNREGISTERED
        Info (286033): Parameter ADDRESS_ACLR_B set to NONE
        Info (286033): Parameter OUTDATA_ACLR_B set to NONE
        Info (286033): Parameter ADDRESS_REG_B set to CLOCK0
        Info (286033): Parameter INDATA_ACLR_A set to NONE
        Info (286033): Parameter WRCONTROL_ACLR_A set to NONE
Info (12130): Elaborated megafunction instantiation "ascii:display|altsyncram:myrom_rtl_0"
Info (12133): Instantiated megafunction "ascii:display|altsyncram:myrom_rtl_0" with the following parameter:
    Info (12134): Parameter "OPERATION_MODE" = "ROM"
    Info (12134): Parameter "WIDTH_A" = "8"
    Info (12134): Parameter "WIDTHAD_A" = "8"
    Info (12134): Parameter "NUMWORDS_A" = "256"
    Info (12134): Parameter "OUTDATA_REG_A" = "UNREGISTERED"
    Info (12134): Parameter "ADDRESS_ACLR_A" = "NONE"
    Info (12134): Parameter "OUTDATA_ACLR_A" = "NONE"
    Info (12134): Parameter "INDATA_ACLR_A" = "NONE"
    Info (12134): Parameter "WRCONTROL_ACLR_A" = "NONE"
    Info (12134): Parameter "INIT_FILE" = "ascii.mif"
Info (12021): Found 1 design units, including 1 entities, in source file db/altsyncram_n8b1.tdf
    Info (12023): Found entity 1: altsyncram_n8b1 File: D:/data/Homework/FPGA/Exp/Exp8/Keyboard/db/altsyncram_n8b1.tdf Line: 27
Info (12130): Elaborated megafunction instantiation "ps2_keyboard:i|altsyncram:fifo_rtl_0"
Info (12133): Instantiated megafunction "ps2_keyboard:i|altsyncram:fifo_rtl_0" with the following parameter:
    Info (12134): Parameter "OPERATION_MODE" = "DUAL_PORT"
    Info (12134): Parameter "WIDTH_A" = "8"
    Info (12134): Parameter "WIDTHAD_A" = "3"
    Info (12134): Parameter "NUMWORDS_A" = "8"
    Info (12134): Parameter "WIDTH_B" = "8"
    Info (12134): Parameter "WIDTHAD_B" = "3"
    Info (12134): Parameter "NUMWORDS_B" = "8"
    Info (12134): Parameter "ADDRESS_ACLR_A" = "NONE"
    Info (12134): Parameter "OUTDATA_REG_B" = "UNREGISTERED"
    Info (12134): Parameter "ADDRESS_ACLR_B" = "NONE"
    Info (12134): Parameter "OUTDATA_ACLR_B" = "NONE"
    Info (12134): Parameter "ADDRESS_REG_B" = "CLOCK0"
    Info (12134): Parameter "INDATA_ACLR_A" = "NONE"
    Info (12134): Parameter "WRCONTROL_ACLR_A" = "NONE"
Info (12021): Found 1 design units, including 1 entities, in source file db/altsyncram_edi1.tdf
    Info (12023): Found entity 1: altsyncram_edi1 File: D:/data/Homework/FPGA/Exp/Exp8/Keyboard/db/altsyncram_edi1.tdf Line: 27
Info (286030): Timing-Driven Synthesis is running
Info (144001): Generated suppressed messages file D:/data/Homework/FPGA/Exp/Exp8/Keyboard/output_files/Keyboard.map.smsg
Info (16010): Generating hard_block partition "hard_block:auto_generated_inst"
    Info (16011): Adding 0 node(s), including 0 DDIO, 0 PLL, 0 transceiver and 0 LCELL
Info (21057): Implemented 250 device resources after synthesis - the final resource count might be different
    Info (21058): Implemented 5 input pins
    Info (21059): Implemented 57 output pins
    Info (21061): Implemented 172 logic cells
    Info (21064): Implemented 16 RAM segments
Info: Quartus Prime Analysis & Synthesis was successful. 0 errors, 28 warnings
    Info: Peak virtual memory: 4846 megabytes
    Info: Processing ended: Wed Nov 04 08:58:03 2020
    Info: Elapsed time: 00:00:15
    Info: Total CPU time (on all processors): 00:00:31


+------------------------------------------+
; Analysis & Synthesis Suppressed Messages ;
+------------------------------------------+
The suppressed messages can be found in D:/data/Homework/FPGA/Exp/Exp8/Keyboard/output_files/Keyboard.map.smsg.


