Analysis & Synthesis report for move
Wed Nov 04 09:46:07 2020
Quartus Prime Version 17.1.0 Build 590 10/25/2017 SJ Lite Edition


---------------------
; Table of Contents ;
---------------------
  1. Legal Notice
  2. Analysis & Synthesis Summary
  3. Analysis & Synthesis Settings
  4. Parallel Compilation
  5. Analysis & Synthesis Source Files Read
  6. Analysis & Synthesis Resource Usage Summary
  7. Analysis & Synthesis Resource Utilization by Entity
  8. Analysis & Synthesis RAM Summary
  9. Analysis & Synthesis IP Cores Summary
 10. Registers Removed During Synthesis
 11. General Register Statistics
 12. Multiplexer Restructuring Statistics (Restructuring Performed)
 13. Source assignments for top_flyinglogo:i|logo_rom:u1|altsyncram:altsyncram_component|altsyncram_r9h1:auto_generated
 14. Parameter Settings for User Entity Instance: top_flyinglogo:i
 15. Parameter Settings for User Entity Instance: top_flyinglogo:i|clkgen:u0
 16. Parameter Settings for User Entity Instance: top_flyinglogo:i|logo_rom:u1|altsyncram:altsyncram_component
 17. Parameter Settings for User Entity Instance: top_flyinglogo:i|vga_640x480:u2
 18. altsyncram Parameter Settings by Entity Instance
 19. Port Connectivity Checks: "top_flyinglogo:i|clkgen:u0"
 20. Port Connectivity Checks: "top_flyinglogo:i"
 21. Post-Synthesis Netlist Statistics for Top Partition
 22. Elapsed Time Per Partition
 23. Analysis & Synthesis Messages
 24. Analysis & Synthesis Suppressed Messages



----------------
; Legal Notice ;
----------------
Copyright (C) 2017  Intel Corporation. All rights reserved.
Your use of Intel Corporation's design tools, logic functions 
and other software and tools, and its AMPP partner logic 
functions, and any output files from any of the foregoing 
(including device programming or simulation files), and any 
associated documentation or information are expressly subject 
to the terms and conditions of the Intel Program License 
Subscription Agreement, the Intel Quartus Prime License Agreement,
the Intel FPGA IP License Agreement, or other applicable license
agreement, including, without limitation, that your use is for
the sole purpose of programming logic devices manufactured by
Intel and sold by Intel or its authorized distributors.  Please
refer to the applicable agreement for further details.



+-------------------------------------------------------------------------------+
; Analysis & Synthesis Summary                                                  ;
+---------------------------------+---------------------------------------------+
; Analysis & Synthesis Status     ; Successful - Wed Nov 04 09:46:07 2020       ;
; Quartus Prime Version           ; 17.1.0 Build 590 10/25/2017 SJ Lite Edition ;
; Revision Name                   ; move                                        ;
; Top-level Entity Name           ; move                                        ;
; Family                          ; Cyclone V                                   ;
; Logic utilization (in ALMs)     ; N/A                                         ;
; Total registers                 ; 112                                         ;
; Total pins                      ; 43                                          ;
; Total virtual pins              ; 0                                           ;
; Total block memory bits         ; 120,000                                     ;
; Total DSP Blocks                ; 0                                           ;
; Total HSSI RX PCSs              ; 0                                           ;
; Total HSSI PMA RX Deserializers ; 0                                           ;
; Total HSSI TX PCSs              ; 0                                           ;
; Total HSSI PMA TX Serializers   ; 0                                           ;
; Total PLLs                      ; 0                                           ;
; Total DLLs                      ; 0                                           ;
+---------------------------------+---------------------------------------------+


+---------------------------------------------------------------------------------------------------------------------------+
; Analysis & Synthesis Settings                                                                                             ;
+---------------------------------------------------------------------------------+--------------------+--------------------+
; Option                                                                          ; Setting            ; Default Value      ;
+---------------------------------------------------------------------------------+--------------------+--------------------+
; Device                                                                          ; 5CSXFC6D6F31C6     ;                    ;
; Top-level entity name                                                           ; move               ; move               ;
; Family name                                                                     ; Cyclone V          ; Cyclone V          ;
; Use smart compilation                                                           ; Off                ; Off                ;
; Enable parallel Assembler and TimeQuest Timing Analyzer during compilation      ; On                 ; On                 ;
; Enable compact report table                                                     ; Off                ; Off                ;
; Restructure Multiplexers                                                        ; Auto               ; Auto               ;
; MLAB Add Timing Constraints For Mixed-Port Feed-Through Mode Setting Don't Care ; Off                ; Off                ;
; Create Debugging Nodes for IP Cores                                             ; Off                ; Off                ;
; Preserve fewer node names                                                       ; On                 ; On                 ;
; Intel FPGA IP Evaluation Mode                                                   ; Enable             ; Enable             ;
; Verilog Version                                                                 ; Verilog_2001       ; Verilog_2001       ;
; VHDL Version                                                                    ; VHDL_1993          ; VHDL_1993          ;
; State Machine Processing                                                        ; Auto               ; Auto               ;
; Safe State Machine                                                              ; Off                ; Off                ;
; Extract Verilog State Machines                                                  ; On                 ; On                 ;
; Extract VHDL State Machines                                                     ; On                 ; On                 ;
; Ignore Verilog initial constructs                                               ; Off                ; Off                ;
; Iteration limit for constant Verilog loops                                      ; 5000               ; 5000               ;
; Iteration limit for non-constant Verilog loops                                  ; 250                ; 250                ;
; Add Pass-Through Logic to Inferred RAMs                                         ; On                 ; On                 ;
; Infer RAMs from Raw Logic                                                       ; On                 ; On                 ;
; Parallel Synthesis                                                              ; On                 ; On                 ;
; DSP Block Balancing                                                             ; Auto               ; Auto               ;
; NOT Gate Push-Back                                                              ; On                 ; On                 ;
; Power-Up Don't Care                                                             ; On                 ; On                 ;
; Remove Redundant Logic Cells                                                    ; Off                ; Off                ;
; Remove Duplicate Registers                                                      ; On                 ; On                 ;
; Ignore CARRY Buffers                                                            ; Off                ; Off                ;
; Ignore CASCADE Buffers                                                          ; Off                ; Off                ;
; Ignore GLOBAL Buffers                                                           ; Off                ; Off                ;
; Ignore ROW GLOBAL Buffers                                                       ; Off                ; Off                ;
; Ignore LCELL Buffers                                                            ; Off                ; Off                ;
; Ignore SOFT Buffers                                                             ; On                 ; On                 ;
; Limit AHDL Integers to 32 Bits                                                  ; Off                ; Off                ;
; Optimization Technique                                                          ; Balanced           ; Balanced           ;
; Carry Chain Length                                                              ; 70                 ; 70                 ;
; Auto Carry Chains                                                               ; On                 ; On                 ;
; Auto Open-Drain Pins                                                            ; On                 ; On                 ;
; Perform WYSIWYG Primitive Resynthesis                                           ; Off                ; Off                ;
; Auto ROM Replacement                                                            ; On                 ; On                 ;
; Auto RAM Replacement                                                            ; On                 ; On                 ;
; Auto DSP Block Replacement                                                      ; On                 ; On                 ;
; Auto Shift Register Replacement                                                 ; Auto               ; Auto               ;
; Allow Shift Register Merging across Hierarchies                                 ; Auto               ; Auto               ;
; Auto Clock Enable Replacement                                                   ; On                 ; On                 ;
; Strict RAM Replacement                                                          ; Off                ; Off                ;
; Allow Synchronous Control Signals                                               ; On                 ; On                 ;
; Force Use of Synchronous Clear Signals                                          ; Off                ; Off                ;
; Auto Resource Sharing                                                           ; Off                ; Off                ;
; Allow Any RAM Size For Recognition                                              ; Off                ; Off                ;
; Allow Any ROM Size For Recognition                                              ; Off                ; Off                ;
; Allow Any Shift Register Size For Recognition                                   ; Off                ; Off                ;
; Use LogicLock Constraints during Resource Balancing                             ; On                 ; On                 ;
; Ignore translate_off and synthesis_off directives                               ; Off                ; Off                ;
; Timing-Driven Synthesis                                                         ; On                 ; On                 ;
; Report Parameter Settings                                                       ; On                 ; On                 ;
; Report Source Assignments                                                       ; On                 ; On                 ;
; Report Connectivity Checks                                                      ; On                 ; On                 ;
; Ignore Maximum Fan-Out Assignments                                              ; Off                ; Off                ;
; Synchronization Register Chain Length                                           ; 3                  ; 3                  ;
; Power Optimization During Synthesis                                             ; Normal compilation ; Normal compilation ;
; HDL message level                                                               ; Level2             ; Level2             ;
; Suppress Register Optimization Related Messages                                 ; Off                ; Off                ;
; Number of Removed Registers Reported in Synthesis Report                        ; 5000               ; 5000               ;
; Number of Swept Nodes Reported in Synthesis Report                              ; 5000               ; 5000               ;
; Number of Inverted Registers Reported in Synthesis Report                       ; 100                ; 100                ;
; Clock MUX Protection                                                            ; On                 ; On                 ;
; Auto Gated Clock Conversion                                                     ; Off                ; Off                ;
; Block Design Naming                                                             ; Auto               ; Auto               ;
; SDC constraint protection                                                       ; Off                ; Off                ;
; Synthesis Effort                                                                ; Auto               ; Auto               ;
; Shift Register Replacement - Allow Asynchronous Clear Signal                    ; On                 ; On                 ;
; Pre-Mapping Resynthesis Optimization                                            ; Off                ; Off                ;
; Analysis & Synthesis Message Level                                              ; Medium             ; Medium             ;
; Disable Register Merging Across Hierarchies                                     ; Auto               ; Auto               ;
; Resource Aware Inference For Block RAM                                          ; On                 ; On                 ;
; Automatic Parallel Synthesis                                                    ; On                 ; On                 ;
; Partial Reconfiguration Bitstream ID                                            ; Off                ; Off                ;
+---------------------------------------------------------------------------------+--------------------+--------------------+


+------------------------------------------+
; Parallel Compilation                     ;
+----------------------------+-------------+
; Processors                 ; Number      ;
+----------------------------+-------------+
; Number detected on machine ; 8           ;
; Maximum allowed            ; 4           ;
;                            ;             ;
; Average used               ; 1.00        ;
; Maximum used               ; 4           ;
;                            ;             ;
; Usage by Processor         ; % Time Used ;
;     Processor 1            ; 100.0%      ;
;     Processors 2-4         ;   0.0%      ;
+----------------------------+-------------+


+--------------------------------------------------------------------------------------------------------------------------------------------------------------------------------------+
; Analysis & Synthesis Source Files Read                                                                                                                                               ;
+----------------------------------+-----------------+----------------------------------------+------------------------------------------------------------------------------+---------+
; File Name with User-Entered Path ; Used in Netlist ; File Type                              ; File Name with Absolute Path                                                 ; Library ;
+----------------------------------+-----------------+----------------------------------------+------------------------------------------------------------------------------+---------+
; vga_timing.v                     ; yes             ; User Verilog HDL File                  ; D:/data/Homework/FPGA/Exp/Exp9/move/vga_timing.v                             ;         ;
; logo_rom.v                       ; yes             ; User Wizard-Generated File             ; D:/data/Homework/FPGA/Exp/Exp9/move/logo_rom.v                               ;         ;
; move.v                           ; yes             ; Auto-Found Verilog HDL File            ; D:/data/Homework/FPGA/Exp/Exp9/move/move.v                                   ;         ;
; top_flyinglogo.v                 ; yes             ; Auto-Found Verilog HDL File            ; D:/data/Homework/FPGA/Exp/Exp9/move/top_flyinglogo.v                         ;         ;
; clkgen.v                         ; yes             ; Auto-Found Verilog HDL File            ; D:/data/Homework/FPGA/Exp/Exp9/move/clkgen.v                                 ;         ;
; altsyncram.tdf                   ; yes             ; Megafunction                           ; d:/intelfpga_lite/17.1/quartus/libraries/megafunctions/altsyncram.tdf        ;         ;
; stratix_ram_block.inc            ; yes             ; Megafunction                           ; d:/intelfpga_lite/17.1/quartus/libraries/megafunctions/stratix_ram_block.inc ;         ;
; lpm_mux.inc                      ; yes             ; Megafunction                           ; d:/intelfpga_lite/17.1/quartus/libraries/megafunctions/lpm_mux.inc           ;         ;
; lpm_decode.inc                   ; yes             ; Megafunction                           ; d:/intelfpga_lite/17.1/quartus/libraries/megafunctions/lpm_decode.inc        ;         ;
; aglobal171.inc                   ; yes             ; Megafunction                           ; d:/intelfpga_lite/17.1/quartus/libraries/megafunctions/aglobal171.inc        ;         ;
; a_rdenreg.inc                    ; yes             ; Megafunction                           ; d:/intelfpga_lite/17.1/quartus/libraries/megafunctions/a_rdenreg.inc         ;         ;
; altrom.inc                       ; yes             ; Megafunction                           ; d:/intelfpga_lite/17.1/quartus/libraries/megafunctions/altrom.inc            ;         ;
; altram.inc                       ; yes             ; Megafunction                           ; d:/intelfpga_lite/17.1/quartus/libraries/megafunctions/altram.inc            ;         ;
; altdpram.inc                     ; yes             ; Megafunction                           ; d:/intelfpga_lite/17.1/quartus/libraries/megafunctions/altdpram.inc          ;         ;
; db/altsyncram_r9h1.tdf           ; yes             ; Auto-Generated Megafunction            ; D:/data/Homework/FPGA/Exp/Exp9/move/db/altsyncram_r9h1.tdf                   ;         ;
; data.mif                         ; yes             ; Auto-Found Memory Initialization File  ; D:/data/Homework/FPGA/Exp/Exp9/move/data.mif                                 ;         ;
; db/decode_u0a.tdf                ; yes             ; Auto-Generated Megafunction            ; D:/data/Homework/FPGA/Exp/Exp9/move/db/decode_u0a.tdf                        ;         ;
; db/mux_0hb.tdf                   ; yes             ; Auto-Generated Megafunction            ; D:/data/Homework/FPGA/Exp/Exp9/move/db/mux_0hb.tdf                           ;         ;
; debounce.v                       ; yes             ; Auto-Found Verilog HDL File            ; D:/data/Homework/FPGA/Exp/Exp9/move/debounce.v                               ;         ;
+----------------------------------+-----------------+----------------------------------------+------------------------------------------------------------------------------+---------+


+---------------------------------------------------------------------------------+
; Analysis & Synthesis Resource Usage Summary                                     ;
+---------------------------------------------+-----------------------------------+
; Resource                                    ; Usage                             ;
+---------------------------------------------+-----------------------------------+
; Estimate of Logic utilization (ALMs needed) ; 162                               ;
;                                             ;                                   ;
; Combinational ALUT usage for logic          ; 266                               ;
;     -- 7 input functions                    ; 0                                 ;
;     -- 6 input functions                    ; 56                                ;
;     -- 5 input functions                    ; 43                                ;
;     -- 4 input functions                    ; 24                                ;
;     -- <=3 input functions                  ; 143                               ;
;                                             ;                                   ;
; Dedicated logic registers                   ; 112                               ;
;                                             ;                                   ;
; I/O pins                                    ; 43                                ;
; Total MLAB memory bits                      ; 0                                 ;
; Total block memory bits                     ; 120000                            ;
;                                             ;                                   ;
; Total DSP Blocks                            ; 0                                 ;
;                                             ;                                   ;
; Maximum fan-out node                        ; top_flyinglogo:i|clkgen:u0|clkout ;
; Maximum fan-out                             ; 105                               ;
; Total fan-out                               ; 1681                              ;
; Average fan-out                             ; 3.44                              ;
+---------------------------------------------+-----------------------------------+


+--------------------------------------------------------------------------------------------------------------------------------------------------------------------------------------------------------------------------------------------------------------------------------------------+
; Analysis & Synthesis Resource Utilization by Entity                                                                                                                                                                                                                                        ;
+----------------------------------------------+---------------------+---------------------------+-------------------+------------+------+--------------+---------------------------------------------------------------------------------------------------+-----------------+--------------+
; Compilation Hierarchy Node                   ; Combinational ALUTs ; Dedicated Logic Registers ; Block Memory Bits ; DSP Blocks ; Pins ; Virtual Pins ; Full Hierarchy Name                                                                               ; Entity Name     ; Library Name ;
+----------------------------------------------+---------------------+---------------------------+-------------------+------------+------+--------------+---------------------------------------------------------------------------------------------------+-----------------+--------------+
; |move                                        ; 266 (0)             ; 112 (0)                   ; 120000            ; 0          ; 43   ; 0            ; |move                                                                                             ; move            ; work         ;
;    |top_flyinglogo:i|                        ; 266 (151)           ; 112 (54)                  ; 120000            ; 0          ; 0    ; 0            ; |move|top_flyinglogo:i                                                                            ; top_flyinglogo  ; work         ;
;       |clkgen:u0|                            ; 43 (43)             ; 33 (33)                   ; 0                 ; 0          ; 0    ; 0            ; |move|top_flyinglogo:i|clkgen:u0                                                                  ; clkgen          ; work         ;
;       |debounce:u3|                          ; 1 (1)               ; 3 (3)                     ; 0                 ; 0          ; 0    ; 0            ; |move|top_flyinglogo:i|debounce:u3                                                                ; debounce        ; work         ;
;       |logo_rom:u1|                          ; 0 (0)               ; 2 (0)                     ; 120000            ; 0          ; 0    ; 0            ; |move|top_flyinglogo:i|logo_rom:u1                                                                ; logo_rom        ; work         ;
;          |altsyncram:altsyncram_component|   ; 0 (0)               ; 2 (0)                     ; 120000            ; 0          ; 0    ; 0            ; |move|top_flyinglogo:i|logo_rom:u1|altsyncram:altsyncram_component                                ; altsyncram      ; work         ;
;             |altsyncram_r9h1:auto_generated| ; 0 (0)               ; 2 (2)                     ; 120000            ; 0          ; 0    ; 0            ; |move|top_flyinglogo:i|logo_rom:u1|altsyncram:altsyncram_component|altsyncram_r9h1:auto_generated ; altsyncram_r9h1 ; work         ;
;       |vga_640x480:u2|                       ; 71 (71)             ; 20 (20)                   ; 0                 ; 0          ; 0    ; 0            ; |move|top_flyinglogo:i|vga_640x480:u2                                                             ; vga_640x480     ; work         ;
+----------------------------------------------+---------------------+---------------------------+-------------------+------------+------+--------------+---------------------------------------------------------------------------------------------------+-----------------+--------------+
Note: For table entries with two numbers listed, the numbers in parentheses indicate the number of resources of the given type used by the specific entity alone. The numbers listed outside of parentheses indicate the total resources of the given type used by the specific entity and all of its sub-entities in the hierarchy.


+------------------------------------------------------------------------------------------------------------------------------------------------------------------------------------------------------------+
; Analysis & Synthesis RAM Summary                                                                                                                                                                           ;
+--------------------------------------------------------------------------------------------------------+------------+------+--------------+--------------+--------------+--------------+--------+----------+
; Name                                                                                                   ; Type       ; Mode ; Port A Depth ; Port A Width ; Port B Depth ; Port B Width ; Size   ; MIF      ;
+--------------------------------------------------------------------------------------------------------+------------+------+--------------+--------------+--------------+--------------+--------+----------+
; top_flyinglogo:i|logo_rom:u1|altsyncram:altsyncram_component|altsyncram_r9h1:auto_generated|ALTSYNCRAM ; M10K block ; ROM  ; 10000        ; 12           ; --           ; --           ; 120000 ; data.mif ;
+--------------------------------------------------------------------------------------------------------+------------+------+--------------+--------------+--------------+--------------+--------+----------+


+----------------------------------------------------------------------------------------------------------------------+
; Analysis & Synthesis IP Cores Summary                                                                                ;
+--------+--------------+---------+--------------+--------------+------------------------------------+-----------------+
; Vendor ; IP Core Name ; Version ; Release Date ; License Type ; Entity Instance                    ; IP Include File ;
+--------+--------------+---------+--------------+--------------+------------------------------------+-----------------+
; Altera ; ROM: 1-PORT  ; 17.1    ; N/A          ; N/A          ; |move|top_flyinglogo:i|logo_rom:u1 ; logo_rom.v      ;
+--------+--------------+---------+--------------+--------------+------------------------------------+-----------------+


+------------------------------------------------------------+
; Registers Removed During Synthesis                         ;
+---------------------------------------+--------------------+
; Register name                         ; Reason for Removal ;
+---------------------------------------+--------------------+
; top_flyinglogo:i|speed_cnt[6,7]       ; Lost fanout        ;
; Total Number of Removed Registers = 2 ;                    ;
+---------------------------------------+--------------------+


+------------------------------------------------------+
; General Register Statistics                          ;
+----------------------------------------------+-------+
; Statistic                                    ; Value ;
+----------------------------------------------+-------+
; Total registers                              ; 112   ;
; Number of registers using Synchronous Clear  ; 67    ;
; Number of registers using Synchronous Load   ; 0     ;
; Number of registers using Asynchronous Clear ; 0     ;
; Number of registers using Asynchronous Load  ; 0     ;
; Number of registers using Clock Enable       ; 51    ;
; Number of registers using Preset             ; 0     ;
+----------------------------------------------+-------+


+--------------------------------------------------------------------------------------------------------------------------------------------------------------+
; Multiplexer Restructuring Statistics (Restructuring Performed)                                                                                               ;
+--------------------+-----------+---------------+----------------------+------------------------+------------+------------------------------------------------+
; Multiplexer Inputs ; Bus Width ; Baseline Area ; Area if Restructured ; Saving if Restructured ; Registered ; Example Multiplexer Output                     ;
+--------------------+-----------+---------------+----------------------+------------------------+------------+------------------------------------------------+
; 3:1                ; 14 bits   ; 28 LEs        ; 0 LEs                ; 28 LEs                 ; Yes        ; |move|top_flyinglogo:i|rom_addr[7]             ;
; 3:1                ; 9 bits    ; 18 LEs        ; 0 LEs                ; 18 LEs                 ; Yes        ; |move|top_flyinglogo:i|vga_640x480:u2|y_cnt[5] ;
; 4:1                ; 12 bits   ; 24 LEs        ; 24 LEs               ; 0 LEs                  ; Yes        ; |move|top_flyinglogo:i|vga_data[9]             ;
+--------------------+-----------+---------------+----------------------+------------------------+------------+------------------------------------------------+


+--------------------------------------------------------------------------------------------------------------------+
; Source assignments for top_flyinglogo:i|logo_rom:u1|altsyncram:altsyncram_component|altsyncram_r9h1:auto_generated ;
+---------------------------------+--------------------+------+------------------------------------------------------+
; Assignment                      ; Value              ; From ; To                                                   ;
+---------------------------------+--------------------+------+------------------------------------------------------+
; OPTIMIZE_POWER_DURING_SYNTHESIS ; NORMAL_COMPILATION ; -    ; -                                                    ;
+---------------------------------+--------------------+------+------------------------------------------------------+


+---------------------------------------------------------------+
; Parameter Settings for User Entity Instance: top_flyinglogo:i ;
+----------------+------------+---------------------------------+
; Parameter Name ; Value      ; Type                            ;
+----------------+------------+---------------------------------+
; logo_length    ; 0001100100 ; Unsigned Binary                 ;
; logo_hight     ; 0001100100 ; Unsigned Binary                 ;
+----------------+------------+---------------------------------+
Note: In order to hide this table in the UI and the text report file, please set the "Show Parameter Settings in Synthesis Report" option in "Analysis and Synthesis Settings -> More Settings" to "Off".


+-------------------------------------------------------------------------+
; Parameter Settings for User Entity Instance: top_flyinglogo:i|clkgen:u0 ;
+----------------+----------+---------------------------------------------+
; Parameter Name ; Value    ; Type                                        ;
+----------------+----------+---------------------------------------------+
; clk_freq       ; 25000000 ; Signed Integer                              ;
; countlimit     ; 1        ; Signed Integer                              ;
+----------------+----------+---------------------------------------------+
Note: In order to hide this table in the UI and the text report file, please set the "Show Parameter Settings in Synthesis Report" option in "Analysis and Synthesis Settings -> More Settings" to "Off".


+-----------------------------------------------------------------------------------------------------------+
; Parameter Settings for User Entity Instance: top_flyinglogo:i|logo_rom:u1|altsyncram:altsyncram_component ;
+------------------------------------+----------------------+-----------------------------------------------+
; Parameter Name                     ; Value                ; Type                                          ;
+------------------------------------+----------------------+-----------------------------------------------+
; BYTE_SIZE_BLOCK                    ; 8                    ; Untyped                                       ;
; AUTO_CARRY_CHAINS                  ; ON                   ; AUTO_CARRY                                    ;
; IGNORE_CARRY_BUFFERS               ; OFF                  ; IGNORE_CARRY                                  ;
; AUTO_CASCADE_CHAINS                ; ON                   ; AUTO_CASCADE                                  ;
; IGNORE_CASCADE_BUFFERS             ; OFF                  ; IGNORE_CASCADE                                ;
; WIDTH_BYTEENA                      ; 1                    ; Untyped                                       ;
; OPERATION_MODE                     ; ROM                  ; Untyped                                       ;
; WIDTH_A                            ; 12                   ; Signed Integer                                ;
; WIDTHAD_A                          ; 14                   ; Signed Integer                                ;
; NUMWORDS_A                         ; 10000                ; Signed Integer                                ;
; OUTDATA_REG_A                      ; CLOCK0               ; Untyped                                       ;
; ADDRESS_ACLR_A                     ; NONE                 ; Untyped                                       ;
; OUTDATA_ACLR_A                     ; NONE                 ; Untyped                                       ;
; WRCONTROL_ACLR_A                   ; NONE                 ; Untyped                                       ;
; INDATA_ACLR_A                      ; NONE                 ; Untyped                                       ;
; BYTEENA_ACLR_A                     ; NONE                 ; Untyped                                       ;
; WIDTH_B                            ; 1                    ; Untyped                                       ;
; WIDTHAD_B                          ; 1                    ; Untyped                                       ;
; NUMWORDS_B                         ; 1                    ; Untyped                                       ;
; INDATA_REG_B                       ; CLOCK1               ; Untyped                                       ;
; WRCONTROL_WRADDRESS_REG_B          ; CLOCK1               ; Untyped                                       ;
; RDCONTROL_REG_B                    ; CLOCK1               ; Untyped                                       ;
; ADDRESS_REG_B                      ; CLOCK1               ; Untyped                                       ;
; OUTDATA_REG_B                      ; UNREGISTERED         ; Untyped                                       ;
; BYTEENA_REG_B                      ; CLOCK1               ; Untyped                                       ;
; INDATA_ACLR_B                      ; NONE                 ; Untyped                                       ;
; WRCONTROL_ACLR_B                   ; NONE                 ; Untyped                                       ;
; ADDRESS_ACLR_B                     ; NONE                 ; Untyped                                       ;
; OUTDATA_ACLR_B                     ; NONE                 ; Untyped                                       ;
; RDCONTROL_ACLR_B                   ; NONE                 ; Untyped                                       ;
; BYTEENA_ACLR_B                     ; NONE                 ; Untyped                                       ;
; WIDTH_BYTEENA_A                    ; 1                    ; Signed Integer                                ;
; WIDTH_BYTEENA_B                    ; 1                    ; Untyped                                       ;
; RAM_BLOCK_TYPE                     ; M10K                 ; Untyped                                       ;
; BYTE_SIZE                          ; 8                    ; Untyped                                       ;
; READ_DURING_WRITE_MODE_MIXED_PORTS ; DONT_CARE            ; Untyped                                       ;
; READ_DURING_WRITE_MODE_PORT_A      ; NEW_DATA_NO_NBE_READ ; Untyped                                       ;
; READ_DURING_WRITE_MODE_PORT_B      ; NEW_DATA_NO_NBE_READ ; Untyped                                       ;
; INIT_FILE                          ; data.mif             ; Untyped                                       ;
; INIT_FILE_LAYOUT                   ; PORT_A               ; Untyped                                       ;
; MAXIMUM_DEPTH                      ; 0                    ; Untyped                                       ;
; CLOCK_ENABLE_INPUT_A               ; BYPASS               ; Untyped                                       ;
; CLOCK_ENABLE_INPUT_B               ; NORMAL               ; Untyped                                       ;
; CLOCK_ENABLE_OUTPUT_A              ; BYPASS               ; Untyped                                       ;
; CLOCK_ENABLE_OUTPUT_B              ; NORMAL               ; Untyped                                       ;
; CLOCK_ENABLE_CORE_A                ; USE_INPUT_CLKEN      ; Untyped                                       ;
; CLOCK_ENABLE_CORE_B                ; USE_INPUT_CLKEN      ; Untyped                                       ;
; ENABLE_ECC                         ; FALSE                ; Untyped                                       ;
; ECC_PIPELINE_STAGE_ENABLED         ; FALSE                ; Untyped                                       ;
; WIDTH_ECCSTATUS                    ; 3                    ; Untyped                                       ;
; DEVICE_FAMILY                      ; Cyclone V            ; Untyped                                       ;
; CBXI_PARAMETER                     ; altsyncram_r9h1      ; Untyped                                       ;
+------------------------------------+----------------------+-----------------------------------------------+
Note: In order to hide this table in the UI and the text report file, please set the "Show Parameter Settings in Synthesis Report" option in "Analysis and Synthesis Settings -> More Settings" to "Off".


+------------------------------------------------------------------------------+
; Parameter Settings for User Entity Instance: top_flyinglogo:i|vga_640x480:u2 ;
+----------------+-------+-----------------------------------------------------+
; Parameter Name ; Value ; Type                                                ;
+----------------+-------+-----------------------------------------------------+
; h_frontporch   ; 96    ; Signed Integer                                      ;
; h_active       ; 144   ; Signed Integer                                      ;
; h_backporch    ; 784   ; Signed Integer                                      ;
; h_total        ; 800   ; Signed Integer                                      ;
; v_frontporch   ; 2     ; Signed Integer                                      ;
; v_active       ; 35    ; Signed Integer                                      ;
; v_backporch    ; 515   ; Signed Integer                                      ;
; v_total        ; 525   ; Signed Integer                                      ;
+----------------+-------+-----------------------------------------------------+
Note: In order to hide this table in the UI and the text report file, please set the "Show Parameter Settings in Synthesis Report" option in "Analysis and Synthesis Settings -> More Settings" to "Off".


+----------------------------------------------------------------------------------------------------------+
; altsyncram Parameter Settings by Entity Instance                                                         ;
+-------------------------------------------+--------------------------------------------------------------+
; Name                                      ; Value                                                        ;
+-------------------------------------------+--------------------------------------------------------------+
; Number of entity instances                ; 1                                                            ;
; Entity Instance                           ; top_flyinglogo:i|logo_rom:u1|altsyncram:altsyncram_component ;
;     -- OPERATION_MODE                     ; ROM                                                          ;
;     -- WIDTH_A                            ; 12                                                           ;
;     -- NUMWORDS_A                         ; 10000                                                        ;
;     -- OUTDATA_REG_A                      ; CLOCK0                                                       ;
;     -- WIDTH_B                            ; 1                                                            ;
;     -- NUMWORDS_B                         ; 1                                                            ;
;     -- ADDRESS_REG_B                      ; CLOCK1                                                       ;
;     -- OUTDATA_REG_B                      ; UNREGISTERED                                                 ;
;     -- RAM_BLOCK_TYPE                     ; M10K                                                         ;
;     -- READ_DURING_WRITE_MODE_MIXED_PORTS ; DONT_CARE                                                    ;
+-------------------------------------------+--------------------------------------------------------------+


+--------------------------------------------------------+
; Port Connectivity Checks: "top_flyinglogo:i|clkgen:u0" ;
+-------+-------+----------+-----------------------------+
; Port  ; Type  ; Severity ; Details                     ;
+-------+-------+----------+-----------------------------+
; clken ; Input ; Info     ; Stuck at VCC                ;
+-------+-------+----------+-----------------------------+


+----------------------------------------------+
; Port Connectivity Checks: "top_flyinglogo:i" ;
+------+-------+----------+--------------------+
; Port ; Type  ; Severity ; Details            ;
+------+-------+----------+--------------------+
; rst  ; Input ; Info     ; Stuck at GND       ;
+------+-------+----------+--------------------+


+-----------------------------------------------------+
; Post-Synthesis Netlist Statistics for Top Partition ;
+-----------------------+-----------------------------+
; Type                  ; Count                       ;
+-----------------------+-----------------------------+
; arriav_ff             ; 112                         ;
;     ENA               ; 28                          ;
;     ENA SCLR          ; 23                          ;
;     SCLR              ; 44                          ;
;     plain             ; 17                          ;
; arriav_lcell_comb     ; 268                         ;
;     arith             ; 143                         ;
;         0 data inputs ; 4                           ;
;         1 data inputs ; 120                         ;
;         2 data inputs ; 1                           ;
;         5 data inputs ; 18                          ;
;     normal            ; 125                         ;
;         0 data inputs ; 1                           ;
;         1 data inputs ; 2                           ;
;         2 data inputs ; 8                           ;
;         3 data inputs ; 9                           ;
;         4 data inputs ; 24                          ;
;         5 data inputs ; 25                          ;
;         6 data inputs ; 56                          ;
; boundary_port         ; 43                          ;
; stratixv_ram_block    ; 24                          ;
;                       ;                             ;
; Max LUT depth         ; 6.60                        ;
; Average LUT depth     ; 4.21                        ;
+-----------------------+-----------------------------+


+-------------------------------+
; Elapsed Time Per Partition    ;
+----------------+--------------+
; Partition Name ; Elapsed Time ;
+----------------+--------------+
; Top            ; 00:00:01     ;
+----------------+--------------+


+-------------------------------+
; Analysis & Synthesis Messages ;
+-------------------------------+
Info: *******************************************************************
Info: Running Quartus Prime Analysis & Synthesis
    Info: Version 17.1.0 Build 590 10/25/2017 SJ Lite Edition
    Info: Processing started: Wed Nov 04 09:45:51 2020
Info: Command: quartus_map --read_settings_files=on --write_settings_files=off move -c move
Warning (18236): Number of processors has not been specified which may cause overloading on shared machines.  Set the global assignment NUM_PARALLEL_PROCESSORS in your QSF to an appropriate value for best performance.
Info (20030): Parallel compilation is enabled and will use 4 of the 4 processors detected
Info (12021): Found 1 design units, including 1 entities, in source file vga_timing.v
    Info (12023): Found entity 1: vga_640x480 File: D:/data/Homework/FPGA/Exp/Exp9/move/vga_timing.v Line: 4
Info (12021): Found 1 design units, including 1 entities, in source file logo_rom.v
    Info (12023): Found entity 1: logo_rom File: D:/data/Homework/FPGA/Exp/Exp9/move/logo_rom.v Line: 39
Warning (12125): Using design file move.v, which is not specified as a design file for the current project, but contains definitions for 1 design units and 1 entities in project
    Info (12023): Found entity 1: move File: D:/data/Homework/FPGA/Exp/Exp9/move/move.v Line: 6
Info (12127): Elaborating entity "move" for the top level hierarchy
Warning (12125): Using design file top_flyinglogo.v, which is not specified as a design file for the current project, but contains definitions for 1 design units and 1 entities in project
    Info (12023): Found entity 1: top_flyinglogo File: D:/data/Homework/FPGA/Exp/Exp9/move/top_flyinglogo.v Line: 4
Info (12128): Elaborating entity "top_flyinglogo" for hierarchy "top_flyinglogo:i" File: D:/data/Homework/FPGA/Exp/Exp9/move/move.v Line: 39
Warning (10036): Verilog HDL or VHDL warning at top_flyinglogo.v(33): object "flag_edge" assigned a value but never read File: D:/data/Homework/FPGA/Exp/Exp9/move/top_flyinglogo.v Line: 33
Warning (12125): Using design file clkgen.v, which is not specified as a design file for the current project, but contains definitions for 1 design units and 1 entities in project
    Info (12023): Found entity 1: clkgen File: D:/data/Homework/FPGA/Exp/Exp9/move/clkgen.v Line: 1
Info (12128): Elaborating entity "clkgen" for hierarchy "top_flyinglogo:i|clkgen:u0" File: D:/data/Homework/FPGA/Exp/Exp9/move/top_flyinglogo.v Line: 43
Info (12128): Elaborating entity "logo_rom" for hierarchy "top_flyinglogo:i|logo_rom:u1" File: D:/data/Homework/FPGA/Exp/Exp9/move/top_flyinglogo.v Line: 49
Info (12128): Elaborating entity "altsyncram" for hierarchy "top_flyinglogo:i|logo_rom:u1|altsyncram:altsyncram_component" File: D:/data/Homework/FPGA/Exp/Exp9/move/logo_rom.v Line: 81
Info (12130): Elaborated megafunction instantiation "top_flyinglogo:i|logo_rom:u1|altsyncram:altsyncram_component" File: D:/data/Homework/FPGA/Exp/Exp9/move/logo_rom.v Line: 81
Info (12133): Instantiated megafunction "top_flyinglogo:i|logo_rom:u1|altsyncram:altsyncram_component" with the following parameter: File: D:/data/Homework/FPGA/Exp/Exp9/move/logo_rom.v Line: 81
    Info (12134): Parameter "address_aclr_a" = "NONE"
    Info (12134): Parameter "clock_enable_input_a" = "BYPASS"
    Info (12134): Parameter "clock_enable_output_a" = "BYPASS"
    Info (12134): Parameter "init_file" = "data.mif"
    Info (12134): Parameter "intended_device_family" = "Cyclone V"
    Info (12134): Parameter "lpm_hint" = "ENABLE_RUNTIME_MOD=NO"
    Info (12134): Parameter "lpm_type" = "altsyncram"
    Info (12134): Parameter "numwords_a" = "10000"
    Info (12134): Parameter "operation_mode" = "ROM"
    Info (12134): Parameter "outdata_aclr_a" = "NONE"
    Info (12134): Parameter "outdata_reg_a" = "CLOCK0"
    Info (12134): Parameter "ram_block_type" = "M10K"
    Info (12134): Parameter "widthad_a" = "14"
    Info (12134): Parameter "width_a" = "12"
    Info (12134): Parameter "width_byteena_a" = "1"
Info (12021): Found 1 design units, including 1 entities, in source file db/altsyncram_r9h1.tdf
    Info (12023): Found entity 1: altsyncram_r9h1 File: D:/data/Homework/FPGA/Exp/Exp9/move/db/altsyncram_r9h1.tdf Line: 31
Info (12128): Elaborating entity "altsyncram_r9h1" for hierarchy "top_flyinglogo:i|logo_rom:u1|altsyncram:altsyncram_component|altsyncram_r9h1:auto_generated" File: d:/intelfpga_lite/17.1/quartus/libraries/megafunctions/altsyncram.tdf Line: 791
Info (12021): Found 1 design units, including 1 entities, in source file db/decode_u0a.tdf
    Info (12023): Found entity 1: decode_u0a File: D:/data/Homework/FPGA/Exp/Exp9/move/db/decode_u0a.tdf Line: 22
Info (12128): Elaborating entity "decode_u0a" for hierarchy "top_flyinglogo:i|logo_rom:u1|altsyncram:altsyncram_component|altsyncram_r9h1:auto_generated|decode_u0a:rden_decode" File: D:/data/Homework/FPGA/Exp/Exp9/move/db/altsyncram_r9h1.tdf Line: 40
Info (12021): Found 1 design units, including 1 entities, in source file db/mux_0hb.tdf
    Info (12023): Found entity 1: mux_0hb File: D:/data/Homework/FPGA/Exp/Exp9/move/db/mux_0hb.tdf Line: 22
Info (12128): Elaborating entity "mux_0hb" for hierarchy "top_flyinglogo:i|logo_rom:u1|altsyncram:altsyncram_component|altsyncram_r9h1:auto_generated|mux_0hb:mux2" File: D:/data/Homework/FPGA/Exp/Exp9/move/db/altsyncram_r9h1.tdf Line: 41
Info (12128): Elaborating entity "vga_640x480" for hierarchy "top_flyinglogo:i|vga_640x480:u2" File: D:/data/Homework/FPGA/Exp/Exp9/move/top_flyinglogo.v Line: 59
Warning (10230): Verilog HDL assignment warning at vga_timing.v(38): truncated value with size 32 to match size of target (10) File: D:/data/Homework/FPGA/Exp/Exp9/move/vga_timing.v Line: 38
Warning (10230): Verilog HDL assignment warning at vga_timing.v(50): truncated value with size 32 to match size of target (10) File: D:/data/Homework/FPGA/Exp/Exp9/move/vga_timing.v Line: 50
Warning (10230): Verilog HDL assignment warning at vga_timing.v(66): truncated value with size 32 to match size of target (10) File: D:/data/Homework/FPGA/Exp/Exp9/move/vga_timing.v Line: 66
Warning (10230): Verilog HDL assignment warning at vga_timing.v(68): truncated value with size 32 to match size of target (10) File: D:/data/Homework/FPGA/Exp/Exp9/move/vga_timing.v Line: 68
Warning (12125): Using design file debounce.v, which is not specified as a design file for the current project, but contains definitions for 1 design units and 1 entities in project
    Info (12023): Found entity 1: debounce File: D:/data/Homework/FPGA/Exp/Exp9/move/debounce.v Line: 3
Info (12128): Elaborating entity "debounce" for hierarchy "top_flyinglogo:i|debounce:u3" File: D:/data/Homework/FPGA/Exp/Exp9/move/top_flyinglogo.v Line: 110
Warning (13024): Output pins are stuck at VCC or GND
    Warning (13410): Pin "VGA_B[0]" is stuck at GND File: D:/data/Homework/FPGA/Exp/Exp9/move/move.v Line: 19
    Warning (13410): Pin "VGA_B[1]" is stuck at GND File: D:/data/Homework/FPGA/Exp/Exp9/move/move.v Line: 19
    Warning (13410): Pin "VGA_B[2]" is stuck at GND File: D:/data/Homework/FPGA/Exp/Exp9/move/move.v Line: 19
    Warning (13410): Pin "VGA_B[3]" is stuck at GND File: D:/data/Homework/FPGA/Exp/Exp9/move/move.v Line: 19
    Warning (13410): Pin "VGA_G[0]" is stuck at GND File: D:/data/Homework/FPGA/Exp/Exp9/move/move.v Line: 21
    Warning (13410): Pin "VGA_G[1]" is stuck at GND File: D:/data/Homework/FPGA/Exp/Exp9/move/move.v Line: 21
    Warning (13410): Pin "VGA_G[2]" is stuck at GND File: D:/data/Homework/FPGA/Exp/Exp9/move/move.v Line: 21
    Warning (13410): Pin "VGA_G[3]" is stuck at GND File: D:/data/Homework/FPGA/Exp/Exp9/move/move.v Line: 21
    Warning (13410): Pin "VGA_R[0]" is stuck at GND File: D:/data/Homework/FPGA/Exp/Exp9/move/move.v Line: 23
    Warning (13410): Pin "VGA_R[1]" is stuck at GND File: D:/data/Homework/FPGA/Exp/Exp9/move/move.v Line: 23
    Warning (13410): Pin "VGA_R[2]" is stuck at GND File: D:/data/Homework/FPGA/Exp/Exp9/move/move.v Line: 23
    Warning (13410): Pin "VGA_R[3]" is stuck at GND File: D:/data/Homework/FPGA/Exp/Exp9/move/move.v Line: 23
    Warning (13410): Pin "VGA_SYNC_N" is stuck at GND File: D:/data/Homework/FPGA/Exp/Exp9/move/move.v Line: 24
Info (286030): Timing-Driven Synthesis is running
Info (17049): 2 registers lost all their fanouts during netlist optimizations.
Info (144001): Generated suppressed messages file D:/data/Homework/FPGA/Exp/Exp9/move/move.map.smsg
Info (16010): Generating hard_block partition "hard_block:auto_generated_inst"
    Info (16011): Adding 0 node(s), including 0 DDIO, 0 PLL, 0 transceiver and 0 LCELL
Warning (21074): Design contains 13 input pin(s) that do not drive logic
    Warning (15610): No output dependent on input pin "CLOCK3_50" File: D:/data/Homework/FPGA/Exp/Exp9/move/move.v Line: 10
    Warning (15610): No output dependent on input pin "CLOCK4_50" File: D:/data/Homework/FPGA/Exp/Exp9/move/move.v Line: 11
    Warning (15610): No output dependent on input pin "CLOCK_50" File: D:/data/Homework/FPGA/Exp/Exp9/move/move.v Line: 12
    Warning (15610): No output dependent on input pin "SW[0]" File: D:/data/Homework/FPGA/Exp/Exp9/move/move.v Line: 15
    Warning (15610): No output dependent on input pin "SW[1]" File: D:/data/Homework/FPGA/Exp/Exp9/move/move.v Line: 15
    Warning (15610): No output dependent on input pin "SW[2]" File: D:/data/Homework/FPGA/Exp/Exp9/move/move.v Line: 15
    Warning (15610): No output dependent on input pin "SW[3]" File: D:/data/Homework/FPGA/Exp/Exp9/move/move.v Line: 15
    Warning (15610): No output dependent on input pin "SW[4]" File: D:/data/Homework/FPGA/Exp/Exp9/move/move.v Line: 15
    Warning (15610): No output dependent on input pin "SW[5]" File: D:/data/Homework/FPGA/Exp/Exp9/move/move.v Line: 15
    Warning (15610): No output dependent on input pin "SW[6]" File: D:/data/Homework/FPGA/Exp/Exp9/move/move.v Line: 15
    Warning (15610): No output dependent on input pin "SW[7]" File: D:/data/Homework/FPGA/Exp/Exp9/move/move.v Line: 15
    Warning (15610): No output dependent on input pin "SW[8]" File: D:/data/Homework/FPGA/Exp/Exp9/move/move.v Line: 15
    Warning (15610): No output dependent on input pin "SW[9]" File: D:/data/Homework/FPGA/Exp/Exp9/move/move.v Line: 15
Info (21057): Implemented 370 device resources after synthesis - the final resource count might be different
    Info (21058): Implemented 14 input pins
    Info (21059): Implemented 29 output pins
    Info (21061): Implemented 303 logic cells
    Info (21064): Implemented 24 RAM segments
Info: Quartus Prime Analysis & Synthesis was successful. 0 errors, 38 warnings
    Info: Peak virtual memory: 4842 megabytes
    Info: Processing ended: Wed Nov 04 09:46:07 2020
    Info: Elapsed time: 00:00:16
    Info: Total CPU time (on all processors): 00:00:35


+------------------------------------------+
; Analysis & Synthesis Suppressed Messages ;
+------------------------------------------+
The suppressed messages can be found in D:/data/Homework/FPGA/Exp/Exp9/move/move.map.smsg.


