Flow report for ASCII_INPUT
Mon Nov 30 14:29:36 2020
Quartus Prime Version 17.1.0 Build 590 10/25/2017 SJ Lite Edition


---------------------
; Table of Contents ;
---------------------
  1. Legal Notice
  2. Flow Summary
  3. Flow Settings
  4. Flow Non-Default Global Settings
  5. Flow Elapsed Time
  6. Flow OS Summary
  7. Flow Log
  8. Flow Messages
  9. Flow Suppressed Messages



----------------
; Legal Notice ;
----------------
Copyright (C) 2017  Intel Corporation. All rights reserved.
Your use of Intel Corporation's design tools, logic functions 
and other software and tools, and its AMPP partner logic 
functions, and any output files from any of the foregoing 
(including device programming or simulation files), and any 
associated documentation or information are expressly subject 
to the terms and conditions of the Intel Program License 
Subscription Agreement, the Intel Quartus Prime License Agreement,
the Intel FPGA IP License Agreement, or other applicable license
agreement, including, without limitation, that your use is for
the sole purpose of programming logic devices manufactured by
Intel and sold by Intel or its authorized distributors.  Please
refer to the applicable agreement for further details.



+-------------------------------------------------------------------------------+
; Flow Summary                                                                  ;
+---------------------------------+---------------------------------------------+
; Flow Status                     ; Successful - Mon Nov 30 14:29:24 2020       ;
; Quartus Prime Version           ; 17.1.0 Build 590 10/25/2017 SJ Lite Edition ;
; Revision Name                   ; ASCII_INPUT                                 ;
; Top-level Entity Name           ; ASCII_INPUT                                 ;
; Family                          ; Cyclone V                                   ;
; Device                          ; 5CSXFC6D6F31C6                              ;
; Timing Models                   ; Final                                       ;
; Logic utilization (in ALMs)     ; 325 / 41,910 ( < 1 % )                      ;
; Total registers                 ; 183                                         ;
; Total pins                      ; 103 / 499 ( 21 % )                          ;
; Total virtual pins              ; 0                                           ;
; Total block memory bits         ; 61,856 / 5,662,720 ( 1 % )                  ;
; Total DSP Blocks                ; 2 / 112 ( 2 % )                             ;
; Total HSSI RX PCSs              ; 0 / 9 ( 0 % )                               ;
; Total HSSI PMA RX Deserializers ; 0 / 9 ( 0 % )                               ;
; Total HSSI TX PCSs              ; 0 / 9 ( 0 % )                               ;
; Total HSSI PMA TX Serializers   ; 0 / 9 ( 0 % )                               ;
; Total PLLs                      ; 0 / 15 ( 0 % )                              ;
; Total DLLs                      ; 0 / 4 ( 0 % )                               ;
+---------------------------------+---------------------------------------------+


+-----------------------------------------+
; Flow Settings                           ;
+-------------------+---------------------+
; Option            ; Setting             ;
+-------------------+---------------------+
; Start date & time ; 11/30/2020 14:27:53 ;
; Main task         ; Compilation         ;
; Revision Name     ; ASCII_INPUT         ;
+-------------------+---------------------+


+-------------------------------------------------------------------------------------------------------------------------+
; Flow Non-Default Global Settings                                                                                        ;
+-------------------------------------+----------------------------------------+---------------+-------------+------------+
; Assignment Name                     ; Value                                  ; Default Value ; Entity Name ; Section Id ;
+-------------------------------------+----------------------------------------+---------------+-------------+------------+
; COMPILER_SIGNATURE_ID               ; 193675815533095.160671767311360        ; --            ; --          ; --         ;
; MISC_FILE                           ; display_bb.v                           ; --            ; --          ; --         ;
; MISC_FILE                           ; ascii_bb.v                             ; --            ; --          ; --         ;
; MISC_FILE                           ; font_data_bb.v                         ; --            ; --          ; --         ;
; PARTITION_COLOR                     ; -- (Not supported for targeted family) ; --            ; --          ; Top        ;
; PARTITION_FITTER_PRESERVATION_LEVEL ; -- (Not supported for targeted family) ; --            ; --          ; Top        ;
; PARTITION_NETLIST_TYPE              ; -- (Not supported for targeted family) ; --            ; --          ; Top        ;
+-------------------------------------+----------------------------------------+---------------+-------------+------------+


+-------------------------------------------------------------------------------------------------------------------------------+
; Flow Elapsed Time                                                                                                             ;
+---------------------------+--------------+-------------------------+---------------------+------------------------------------+
; Module Name               ; Elapsed Time ; Average Processors Used ; Peak Virtual Memory ; Total CPU Time (on all processors) ;
+---------------------------+--------------+-------------------------+---------------------+------------------------------------+
; Analysis & Synthesis      ; 00:00:17     ; 1.0                     ; 4857 MB             ; 00:00:36                           ;
; Fitter                    ; 00:01:02     ; 1.0                     ; 6692 MB             ; 00:02:07                           ;
; Assembler                 ; 00:00:09     ; 1.0                     ; 4842 MB             ; 00:00:10                           ;
; TimeQuest Timing Analyzer ; 00:00:10     ; 1.3                     ; 5183 MB             ; 00:00:12                           ;
; Total                     ; 00:01:38     ; --                      ; --                  ; 00:03:05                           ;
+---------------------------+--------------+-------------------------+---------------------+------------------------------------+


+-----------------------------------------------------------------------------------------+
; Flow OS Summary                                                                         ;
+---------------------------+------------------+------------+------------+----------------+
; Module Name               ; Machine Hostname ; OS Name    ; OS Version ; Processor type ;
+---------------------------+------------------+------------+------------+----------------+
; Analysis & Synthesis      ; DESKTOP-NLU4QHJ  ; Windows 10 ; 10.0       ; x86_64         ;
; Fitter                    ; DESKTOP-NLU4QHJ  ; Windows 10 ; 10.0       ; x86_64         ;
; Assembler                 ; DESKTOP-NLU4QHJ  ; Windows 10 ; 10.0       ; x86_64         ;
; TimeQuest Timing Analyzer ; DESKTOP-NLU4QHJ  ; Windows 10 ; 10.0       ; x86_64         ;
+---------------------------+------------------+------------+------------+----------------+


------------
; Flow Log ;
------------
quartus_map --read_settings_files=on --write_settings_files=off ASCII_INPUT -c ASCII_INPUT
quartus_fit --read_settings_files=off --write_settings_files=off ASCII_INPUT -c ASCII_INPUT
quartus_asm --read_settings_files=off --write_settings_files=off ASCII_INPUT -c ASCII_INPUT
quartus_sta ASCII_INPUT -c ASCII_INPUT



