Analysis & Synthesis report for ASCII_INPUT
Mon Nov 30 14:28:10 2020
Quartus Prime Version 17.1.0 Build 590 10/25/2017 SJ Lite Edition


---------------------
; Table of Contents ;
---------------------
  1. Legal Notice
  2. Analysis & Synthesis Summary
  3. Analysis & Synthesis Settings
  4. Parallel Compilation
  5. Analysis & Synthesis Source Files Read
  6. Analysis & Synthesis Resource Usage Summary
  7. Analysis & Synthesis Resource Utilization by Entity
  8. Analysis & Synthesis RAM Summary
  9. Analysis & Synthesis DSP Block Usage Summary
 10. Analysis & Synthesis IP Cores Summary
 11. Registers Removed During Synthesis
 12. General Register Statistics
 13. Multiplexer Restructuring Statistics (Restructuring Performed)
 14. Source assignments for getcolor:comb_4|display:d|altsyncram:altsyncram_component|altsyncram_grt1:auto_generated
 15. Source assignments for getcolor:comb_4|font_data:fram|altsyncram:altsyncram_component|altsyncram_koo1:auto_generated
 16. Parameter Settings for User Entity Instance: clkgen:my_vgaclk
 17. Parameter Settings for User Entity Instance: vga_ctrl:my_ctrl
 18. Parameter Settings for User Entity Instance: getcolor:comb_4|display:d|altsyncram:altsyncram_component
 19. Parameter Settings for User Entity Instance: getcolor:comb_4|font_data:fram|altsyncram:altsyncram_component
 20. Parameter Settings for Inferred Entity Instance: getcolor:comb_4|lpm_divide:Mod0
 21. Parameter Settings for Inferred Entity Instance: getcolor:comb_4|lpm_divide:Div1
 22. Parameter Settings for Inferred Entity Instance: getcolor:comb_4|lpm_divide:Div0
 23. altsyncram Parameter Settings by Entity Instance
 24. Port Connectivity Checks: "getcolor:comb_4|font_data:fram"
 25. Port Connectivity Checks: "getcolor:comb_4|ps2_keyboard:i"
 26. Port Connectivity Checks: "vga_ctrl:my_ctrl"
 27. Port Connectivity Checks: "clkgen:my_vgaclk"
 28. Post-Synthesis Netlist Statistics for Top Partition
 29. Elapsed Time Per Partition
 30. Analysis & Synthesis Messages
 31. Analysis & Synthesis Suppressed Messages



----------------
; Legal Notice ;
----------------
Copyright (C) 2017  Intel Corporation. All rights reserved.
Your use of Intel Corporation's design tools, logic functions 
and other software and tools, and its AMPP partner logic 
functions, and any output files from any of the foregoing 
(including device programming or simulation files), and any 
associated documentation or information are expressly subject 
to the terms and conditions of the Intel Program License 
Subscription Agreement, the Intel Quartus Prime License Agreement,
the Intel FPGA IP License Agreement, or other applicable license
agreement, including, without limitation, that your use is for
the sole purpose of programming logic devices manufactured by
Intel and sold by Intel or its authorized distributors.  Please
refer to the applicable agreement for further details.



+-------------------------------------------------------------------------------+
; Analysis & Synthesis Summary                                                  ;
+---------------------------------+---------------------------------------------+
; Analysis & Synthesis Status     ; Successful - Mon Nov 30 14:28:10 2020       ;
; Quartus Prime Version           ; 17.1.0 Build 590 10/25/2017 SJ Lite Edition ;
; Revision Name                   ; ASCII_INPUT                                 ;
; Top-level Entity Name           ; ASCII_INPUT                                 ;
; Family                          ; Cyclone V                                   ;
; Logic utilization (in ALMs)     ; N/A                                         ;
; Total registers                 ; 174                                         ;
; Total pins                      ; 103                                         ;
; Total virtual pins              ; 0                                           ;
; Total block memory bits         ; 61,856                                      ;
; Total DSP Blocks                ; 2                                           ;
; Total HSSI RX PCSs              ; 0                                           ;
; Total HSSI PMA RX Deserializers ; 0                                           ;
; Total HSSI TX PCSs              ; 0                                           ;
; Total HSSI PMA TX Serializers   ; 0                                           ;
; Total PLLs                      ; 0                                           ;
; Total DLLs                      ; 0                                           ;
+---------------------------------+---------------------------------------------+


+---------------------------------------------------------------------------------------------------------------------------+
; Analysis & Synthesis Settings                                                                                             ;
+---------------------------------------------------------------------------------+--------------------+--------------------+
; Option                                                                          ; Setting            ; Default Value      ;
+---------------------------------------------------------------------------------+--------------------+--------------------+
; Device                                                                          ; 5CSXFC6D6F31C6     ;                    ;
; Top-level entity name                                                           ; ASCII_INPUT        ; ASCII_INPUT        ;
; Family name                                                                     ; Cyclone V          ; Cyclone V          ;
; Use smart compilation                                                           ; Off                ; Off                ;
; Enable parallel Assembler and TimeQuest Timing Analyzer during compilation      ; On                 ; On                 ;
; Enable compact report table                                                     ; Off                ; Off                ;
; Restructure Multiplexers                                                        ; Auto               ; Auto               ;
; MLAB Add Timing Constraints For Mixed-Port Feed-Through Mode Setting Don't Care ; Off                ; Off                ;
; Create Debugging Nodes for IP Cores                                             ; Off                ; Off                ;
; Preserve fewer node names                                                       ; On                 ; On                 ;
; Intel FPGA IP Evaluation Mode                                                   ; Enable             ; Enable             ;
; Verilog Version                                                                 ; Verilog_2001       ; Verilog_2001       ;
; VHDL Version                                                                    ; VHDL_1993          ; VHDL_1993          ;
; State Machine Processing                                                        ; Auto               ; Auto               ;
; Safe State Machine                                                              ; Off                ; Off                ;
; Extract Verilog State Machines                                                  ; On                 ; On                 ;
; Extract VHDL State Machines                                                     ; On                 ; On                 ;
; Ignore Verilog initial constructs                                               ; Off                ; Off                ;
; Iteration limit for constant Verilog loops                                      ; 5000               ; 5000               ;
; Iteration limit for non-constant Verilog loops                                  ; 250                ; 250                ;
; Add Pass-Through Logic to Inferred RAMs                                         ; On                 ; On                 ;
; Infer RAMs from Raw Logic                                                       ; On                 ; On                 ;
; Parallel Synthesis                                                              ; On                 ; On                 ;
; DSP Block Balancing                                                             ; Auto               ; Auto               ;
; NOT Gate Push-Back                                                              ; On                 ; On                 ;
; Power-Up Don't Care                                                             ; On                 ; On                 ;
; Remove Redundant Logic Cells                                                    ; Off                ; Off                ;
; Remove Duplicate Registers                                                      ; On                 ; On                 ;
; Ignore CARRY Buffers                                                            ; Off                ; Off                ;
; Ignore CASCADE Buffers                                                          ; Off                ; Off                ;
; Ignore GLOBAL Buffers                                                           ; Off                ; Off                ;
; Ignore ROW GLOBAL Buffers                                                       ; Off                ; Off                ;
; Ignore LCELL Buffers                                                            ; Off                ; Off                ;
; Ignore SOFT Buffers                                                             ; On                 ; On                 ;
; Limit AHDL Integers to 32 Bits                                                  ; Off                ; Off                ;
; Optimization Technique                                                          ; Balanced           ; Balanced           ;
; Carry Chain Length                                                              ; 70                 ; 70                 ;
; Auto Carry Chains                                                               ; On                 ; On                 ;
; Auto Open-Drain Pins                                                            ; On                 ; On                 ;
; Perform WYSIWYG Primitive Resynthesis                                           ; Off                ; Off                ;
; Auto ROM Replacement                                                            ; On                 ; On                 ;
; Auto RAM Replacement                                                            ; On                 ; On                 ;
; Auto DSP Block Replacement                                                      ; On                 ; On                 ;
; Auto Shift Register Replacement                                                 ; Auto               ; Auto               ;
; Allow Shift Register Merging across Hierarchies                                 ; Auto               ; Auto               ;
; Auto Clock Enable Replacement                                                   ; On                 ; On                 ;
; Strict RAM Replacement                                                          ; Off                ; Off                ;
; Allow Synchronous Control Signals                                               ; On                 ; On                 ;
; Force Use of Synchronous Clear Signals                                          ; Off                ; Off                ;
; Auto Resource Sharing                                                           ; Off                ; Off                ;
; Allow Any RAM Size For Recognition                                              ; Off                ; Off                ;
; Allow Any ROM Size For Recognition                                              ; Off                ; Off                ;
; Allow Any Shift Register Size For Recognition                                   ; Off                ; Off                ;
; Use LogicLock Constraints during Resource Balancing                             ; On                 ; On                 ;
; Ignore translate_off and synthesis_off directives                               ; Off                ; Off                ;
; Timing-Driven Synthesis                                                         ; On                 ; On                 ;
; Report Parameter Settings                                                       ; On                 ; On                 ;
; Report Source Assignments                                                       ; On                 ; On                 ;
; Report Connectivity Checks                                                      ; On                 ; On                 ;
; Ignore Maximum Fan-Out Assignments                                              ; Off                ; Off                ;
; Synchronization Register Chain Length                                           ; 3                  ; 3                  ;
; Power Optimization During Synthesis                                             ; Normal compilation ; Normal compilation ;
; HDL message level                                                               ; Level2             ; Level2             ;
; Suppress Register Optimization Related Messages                                 ; Off                ; Off                ;
; Number of Removed Registers Reported in Synthesis Report                        ; 5000               ; 5000               ;
; Number of Swept Nodes Reported in Synthesis Report                              ; 5000               ; 5000               ;
; Number of Inverted Registers Reported in Synthesis Report                       ; 100                ; 100                ;
; Clock MUX Protection                                                            ; On                 ; On                 ;
; Auto Gated Clock Conversion                                                     ; Off                ; Off                ;
; Block Design Naming                                                             ; Auto               ; Auto               ;
; SDC constraint protection                                                       ; Off                ; Off                ;
; Synthesis Effort                                                                ; Auto               ; Auto               ;
; Shift Register Replacement - Allow Asynchronous Clear Signal                    ; On                 ; On                 ;
; Pre-Mapping Resynthesis Optimization                                            ; Off                ; Off                ;
; Analysis & Synthesis Message Level                                              ; Medium             ; Medium             ;
; Disable Register Merging Across Hierarchies                                     ; Auto               ; Auto               ;
; Resource Aware Inference For Block RAM                                          ; On                 ; On                 ;
; Automatic Parallel Synthesis                                                    ; On                 ; On                 ;
; Partial Reconfiguration Bitstream ID                                            ; Off                ; Off                ;
+---------------------------------------------------------------------------------+--------------------+--------------------+


+------------------------------------------+
; Parallel Compilation                     ;
+----------------------------+-------------+
; Processors                 ; Number      ;
+----------------------------+-------------+
; Number detected on machine ; 8           ;
; Maximum allowed            ; 4           ;
;                            ;             ;
; Average used               ; 1.00        ;
; Maximum used               ; 4           ;
;                            ;             ;
; Usage by Processor         ; % Time Used ;
;     Processor 1            ; 100.0%      ;
;     Processors 2-4         ;   0.0%      ;
+----------------------------+-------------+


+--------------------------------------------------------------------------------------------------------------------------------------------------------------------------------------+
; Analysis & Synthesis Source Files Read                                                                                                                                               ;
+----------------------------------+-----------------+----------------------------------------+------------------------------------------------------------------------------+---------+
; File Name with User-Entered Path ; Used in Netlist ; File Type                              ; File Name with Absolute Path                                                 ; Library ;
+----------------------------------+-----------------+----------------------------------------+------------------------------------------------------------------------------+---------+
; display.v                        ; yes             ; User Wizard-Generated File             ; D:/data/Homework/FPGA/Exp/Exp11/ASCII_INPUT/display.v                        ;         ;
; font_data.v                      ; yes             ; User Wizard-Generated File             ; D:/data/Homework/FPGA/Exp/Exp11/ASCII_INPUT/font_data.v                      ;         ;
; ascii_input.v                    ; yes             ; Auto-Found Verilog HDL File            ; D:/data/Homework/FPGA/Exp/Exp11/ASCII_INPUT/ascii_input.v                    ;         ;
; clkgen.v                         ; yes             ; Auto-Found Verilog HDL File            ; D:/data/Homework/FPGA/Exp/Exp11/ASCII_INPUT/clkgen.v                         ;         ;
; vga_ctrl.v                       ; yes             ; Auto-Found Verilog HDL File            ; D:/data/Homework/FPGA/Exp/Exp11/ASCII_INPUT/vga_ctrl.v                       ;         ;
; getcolor.v                       ; yes             ; Auto-Found Verilog HDL File            ; D:/data/Homework/FPGA/Exp/Exp11/ASCII_INPUT/getcolor.v                       ;         ;
; ps2_keyboard.v                   ; yes             ; Auto-Found Verilog HDL File            ; D:/data/Homework/FPGA/Exp/Exp11/ASCII_INPUT/ps2_keyboard.v                   ;         ;
; altsyncram.tdf                   ; yes             ; Megafunction                           ; d:/intelfpga_lite/17.1/quartus/libraries/megafunctions/altsyncram.tdf        ;         ;
; stratix_ram_block.inc            ; yes             ; Megafunction                           ; d:/intelfpga_lite/17.1/quartus/libraries/megafunctions/stratix_ram_block.inc ;         ;
; lpm_mux.inc                      ; yes             ; Megafunction                           ; d:/intelfpga_lite/17.1/quartus/libraries/megafunctions/lpm_mux.inc           ;         ;
; lpm_decode.inc                   ; yes             ; Megafunction                           ; d:/intelfpga_lite/17.1/quartus/libraries/megafunctions/lpm_decode.inc        ;         ;
; aglobal171.inc                   ; yes             ; Megafunction                           ; d:/intelfpga_lite/17.1/quartus/libraries/megafunctions/aglobal171.inc        ;         ;
; a_rdenreg.inc                    ; yes             ; Megafunction                           ; d:/intelfpga_lite/17.1/quartus/libraries/megafunctions/a_rdenreg.inc         ;         ;
; altrom.inc                       ; yes             ; Megafunction                           ; d:/intelfpga_lite/17.1/quartus/libraries/megafunctions/altrom.inc            ;         ;
; altram.inc                       ; yes             ; Megafunction                           ; d:/intelfpga_lite/17.1/quartus/libraries/megafunctions/altram.inc            ;         ;
; altdpram.inc                     ; yes             ; Megafunction                           ; d:/intelfpga_lite/17.1/quartus/libraries/megafunctions/altdpram.inc          ;         ;
; db/altsyncram_grt1.tdf           ; yes             ; Auto-Generated Megafunction            ; D:/data/Homework/FPGA/Exp/Exp11/ASCII_INPUT/db/altsyncram_grt1.tdf           ;         ;
; db/altsyncram_koo1.tdf           ; yes             ; Auto-Generated Megafunction            ; D:/data/Homework/FPGA/Exp/Exp11/ASCII_INPUT/db/altsyncram_koo1.tdf           ;         ;
; vga_font.mif                     ; yes             ; Auto-Found Memory Initialization File  ; D:/data/Homework/FPGA/Exp/Exp11/ASCII_INPUT/vga_font.mif                     ;         ;
; decode_hex.v                     ; yes             ; Auto-Found Verilog HDL File            ; D:/data/Homework/FPGA/Exp/Exp11/ASCII_INPUT/decode_hex.v                     ;         ;
; lpm_divide.tdf                   ; yes             ; Megafunction                           ; d:/intelfpga_lite/17.1/quartus/libraries/megafunctions/lpm_divide.tdf        ;         ;
; abs_divider.inc                  ; yes             ; Megafunction                           ; d:/intelfpga_lite/17.1/quartus/libraries/megafunctions/abs_divider.inc       ;         ;
; sign_div_unsign.inc              ; yes             ; Megafunction                           ; d:/intelfpga_lite/17.1/quartus/libraries/megafunctions/sign_div_unsign.inc   ;         ;
; db/lpm_divide_i3m.tdf            ; yes             ; Auto-Generated Megafunction            ; D:/data/Homework/FPGA/Exp/Exp11/ASCII_INPUT/db/lpm_divide_i3m.tdf            ;         ;
; db/sign_div_unsign_llh.tdf       ; yes             ; Auto-Generated Megafunction            ; D:/data/Homework/FPGA/Exp/Exp11/ASCII_INPUT/db/sign_div_unsign_llh.tdf       ;         ;
; db/alt_u_div_gve.tdf             ; yes             ; Auto-Generated Megafunction            ; D:/data/Homework/FPGA/Exp/Exp11/ASCII_INPUT/db/alt_u_div_gve.tdf             ;         ;
; db/lpm_divide_kbm.tdf            ; yes             ; Auto-Generated Megafunction            ; D:/data/Homework/FPGA/Exp/Exp11/ASCII_INPUT/db/lpm_divide_kbm.tdf            ;         ;
; db/sign_div_unsign_qlh.tdf       ; yes             ; Auto-Generated Megafunction            ; D:/data/Homework/FPGA/Exp/Exp11/ASCII_INPUT/db/sign_div_unsign_qlh.tdf       ;         ;
; db/alt_u_div_qve.tdf             ; yes             ; Auto-Generated Megafunction            ; D:/data/Homework/FPGA/Exp/Exp11/ASCII_INPUT/db/alt_u_div_qve.tdf             ;         ;
; db/lpm_divide_ebm.tdf            ; yes             ; Auto-Generated Megafunction            ; D:/data/Homework/FPGA/Exp/Exp11/ASCII_INPUT/db/lpm_divide_ebm.tdf            ;         ;
; db/sign_div_unsign_klh.tdf       ; yes             ; Auto-Generated Megafunction            ; D:/data/Homework/FPGA/Exp/Exp11/ASCII_INPUT/db/sign_div_unsign_klh.tdf       ;         ;
; db/alt_u_div_eve.tdf             ; yes             ; Auto-Generated Megafunction            ; D:/data/Homework/FPGA/Exp/Exp11/ASCII_INPUT/db/alt_u_div_eve.tdf             ;         ;
+----------------------------------+-----------------+----------------------------------------+------------------------------------------------------------------------------+---------+


+-----------------------------------------------------------------------+
; Analysis & Synthesis Resource Usage Summary                           ;
+---------------------------------------------+-------------------------+
; Resource                                    ; Usage                   ;
+---------------------------------------------+-------------------------+
; Estimate of Logic utilization (ALMs needed) ; 331                     ;
;                                             ;                         ;
; Combinational ALUT usage for logic          ; 601                     ;
;     -- 7 input functions                    ; 6                       ;
;     -- 6 input functions                    ; 43                      ;
;     -- 5 input functions                    ; 75                      ;
;     -- 4 input functions                    ; 133                     ;
;     -- <=3 input functions                  ; 344                     ;
;                                             ;                         ;
; Dedicated logic registers                   ; 174                     ;
;                                             ;                         ;
; I/O pins                                    ; 103                     ;
; Total MLAB memory bits                      ; 0                       ;
; Total block memory bits                     ; 61856                   ;
;                                             ;                         ;
; Total DSP Blocks                            ; 2                       ;
;                                             ;                         ;
; Maximum fan-out node                        ; clkgen:my_vgaclk|clkout ;
; Maximum fan-out                             ; 162                     ;
; Total fan-out                               ; 3096                    ;
; Average fan-out                             ; 3.08                    ;
+---------------------------------------------+-------------------------+


+---------------------------------------------------------------------------------------------------------------------------------------------------------------------------------------------------------------------------------------------------------------------------------------------------------------------------+
; Analysis & Synthesis Resource Utilization by Entity                                                                                                                                                                                                                                                                       ;
+----------------------------------------------+---------------------+---------------------------+-------------------+------------+------+--------------+------------------------------------------------------------------------------------------------------------------------------+---------------------+--------------+
; Compilation Hierarchy Node                   ; Combinational ALUTs ; Dedicated Logic Registers ; Block Memory Bits ; DSP Blocks ; Pins ; Virtual Pins ; Full Hierarchy Name                                                                                                          ; Entity Name         ; Library Name ;
+----------------------------------------------+---------------------+---------------------------+-------------------+------------+------+--------------+------------------------------------------------------------------------------------------------------------------------------+---------------------+--------------+
; |ASCII_INPUT                                 ; 601 (1)             ; 174 (0)                   ; 61856             ; 2          ; 103  ; 0            ; |ASCII_INPUT                                                                                                                 ; ASCII_INPUT         ; work         ;
;    |clkgen:my_vgaclk|                        ; 43 (43)             ; 33 (33)                   ; 0                 ; 0          ; 0    ; 0            ; |ASCII_INPUT|clkgen:my_vgaclk                                                                                                ; clkgen              ; work         ;
;    |getcolor:comb_4|                         ; 488 (104)           ; 121 (33)                  ; 61856             ; 2          ; 0    ; 0            ; |ASCII_INPUT|getcolor:comb_4                                                                                                 ; getcolor            ; work         ;
;       |decode_hex:hex0|                      ; 7 (7)               ; 0 (0)                     ; 0                 ; 0          ; 0    ; 0            ; |ASCII_INPUT|getcolor:comb_4|decode_hex:hex0                                                                                 ; decode_hex          ; work         ;
;       |decode_hex:hex1|                      ; 7 (7)               ; 0 (0)                     ; 0                 ; 0          ; 0    ; 0            ; |ASCII_INPUT|getcolor:comb_4|decode_hex:hex1                                                                                 ; decode_hex          ; work         ;
;       |decode_hex:hex2|                      ; 7 (7)               ; 0 (0)                     ; 0                 ; 0          ; 0    ; 0            ; |ASCII_INPUT|getcolor:comb_4|decode_hex:hex2                                                                                 ; decode_hex          ; work         ;
;       |decode_hex:hex3|                      ; 7 (7)               ; 0 (0)                     ; 0                 ; 0          ; 0    ; 0            ; |ASCII_INPUT|getcolor:comb_4|decode_hex:hex3                                                                                 ; decode_hex          ; work         ;
;       |decode_hex:hex4|                      ; 7 (7)               ; 0 (0)                     ; 0                 ; 0          ; 0    ; 0            ; |ASCII_INPUT|getcolor:comb_4|decode_hex:hex4                                                                                 ; decode_hex          ; work         ;
;       |decode_hex:hex5|                      ; 7 (7)               ; 0 (0)                     ; 0                 ; 0          ; 0    ; 0            ; |ASCII_INPUT|getcolor:comb_4|decode_hex:hex5                                                                                 ; decode_hex          ; work         ;
;       |display:d|                            ; 0 (0)               ; 0 (0)                     ; 16800             ; 0          ; 0    ; 0            ; |ASCII_INPUT|getcolor:comb_4|display:d                                                                                       ; display             ; work         ;
;          |altsyncram:altsyncram_component|   ; 0 (0)               ; 0 (0)                     ; 16800             ; 0          ; 0    ; 0            ; |ASCII_INPUT|getcolor:comb_4|display:d|altsyncram:altsyncram_component                                                       ; altsyncram          ; work         ;
;             |altsyncram_grt1:auto_generated| ; 0 (0)               ; 0 (0)                     ; 16800             ; 0          ; 0    ; 0            ; |ASCII_INPUT|getcolor:comb_4|display:d|altsyncram:altsyncram_component|altsyncram_grt1:auto_generated                        ; altsyncram_grt1     ; work         ;
;       |font_data:fram|                       ; 0 (0)               ; 0 (0)                     ; 45056             ; 0          ; 0    ; 0            ; |ASCII_INPUT|getcolor:comb_4|font_data:fram                                                                                  ; font_data           ; work         ;
;          |altsyncram:altsyncram_component|   ; 0 (0)               ; 0 (0)                     ; 45056             ; 0          ; 0    ; 0            ; |ASCII_INPUT|getcolor:comb_4|font_data:fram|altsyncram:altsyncram_component                                                  ; altsyncram          ; work         ;
;             |altsyncram_koo1:auto_generated| ; 0 (0)               ; 0 (0)                     ; 45056             ; 0          ; 0    ; 0            ; |ASCII_INPUT|getcolor:comb_4|font_data:fram|altsyncram:altsyncram_component|altsyncram_koo1:auto_generated                   ; altsyncram_koo1     ; work         ;
;       |lpm_divide:Div0|                      ; 66 (0)              ; 0 (0)                     ; 0                 ; 0          ; 0    ; 0            ; |ASCII_INPUT|getcolor:comb_4|lpm_divide:Div0                                                                                 ; lpm_divide          ; work         ;
;          |lpm_divide_ebm:auto_generated|     ; 66 (0)              ; 0 (0)                     ; 0                 ; 0          ; 0    ; 0            ; |ASCII_INPUT|getcolor:comb_4|lpm_divide:Div0|lpm_divide_ebm:auto_generated                                                   ; lpm_divide_ebm      ; work         ;
;             |sign_div_unsign_klh:divider|    ; 66 (0)              ; 0 (0)                     ; 0                 ; 0          ; 0    ; 0            ; |ASCII_INPUT|getcolor:comb_4|lpm_divide:Div0|lpm_divide_ebm:auto_generated|sign_div_unsign_klh:divider                       ; sign_div_unsign_klh ; work         ;
;                |alt_u_div_eve:divider|       ; 66 (66)             ; 0 (0)                     ; 0                 ; 0          ; 0    ; 0            ; |ASCII_INPUT|getcolor:comb_4|lpm_divide:Div0|lpm_divide_ebm:auto_generated|sign_div_unsign_klh:divider|alt_u_div_eve:divider ; alt_u_div_eve       ; work         ;
;       |lpm_divide:Div1|                      ; 117 (0)             ; 0 (0)                     ; 0                 ; 0          ; 0    ; 0            ; |ASCII_INPUT|getcolor:comb_4|lpm_divide:Div1                                                                                 ; lpm_divide          ; work         ;
;          |lpm_divide_kbm:auto_generated|     ; 117 (0)             ; 0 (0)                     ; 0                 ; 0          ; 0    ; 0            ; |ASCII_INPUT|getcolor:comb_4|lpm_divide:Div1|lpm_divide_kbm:auto_generated                                                   ; lpm_divide_kbm      ; work         ;
;             |sign_div_unsign_qlh:divider|    ; 117 (0)             ; 0 (0)                     ; 0                 ; 0          ; 0    ; 0            ; |ASCII_INPUT|getcolor:comb_4|lpm_divide:Div1|lpm_divide_kbm:auto_generated|sign_div_unsign_qlh:divider                       ; sign_div_unsign_qlh ; work         ;
;                |alt_u_div_qve:divider|       ; 117 (117)           ; 0 (0)                     ; 0                 ; 0          ; 0    ; 0            ; |ASCII_INPUT|getcolor:comb_4|lpm_divide:Div1|lpm_divide_kbm:auto_generated|sign_div_unsign_qlh:divider|alt_u_div_qve:divider ; alt_u_div_qve       ; work         ;
;       |lpm_divide:Mod0|                      ; 81 (0)              ; 0 (0)                     ; 0                 ; 0          ; 0    ; 0            ; |ASCII_INPUT|getcolor:comb_4|lpm_divide:Mod0                                                                                 ; lpm_divide          ; work         ;
;          |lpm_divide_i3m:auto_generated|     ; 81 (0)              ; 0 (0)                     ; 0                 ; 0          ; 0    ; 0            ; |ASCII_INPUT|getcolor:comb_4|lpm_divide:Mod0|lpm_divide_i3m:auto_generated                                                   ; lpm_divide_i3m      ; work         ;
;             |sign_div_unsign_llh:divider|    ; 81 (0)              ; 0 (0)                     ; 0                 ; 0          ; 0    ; 0            ; |ASCII_INPUT|getcolor:comb_4|lpm_divide:Mod0|lpm_divide_i3m:auto_generated|sign_div_unsign_llh:divider                       ; sign_div_unsign_llh ; work         ;
;                |alt_u_div_gve:divider|       ; 81 (81)             ; 0 (0)                     ; 0                 ; 0          ; 0    ; 0            ; |ASCII_INPUT|getcolor:comb_4|lpm_divide:Mod0|lpm_divide_i3m:auto_generated|sign_div_unsign_llh:divider|alt_u_div_gve:divider ; alt_u_div_gve       ; work         ;
;       |ps2_keyboard:i|                       ; 78 (78)             ; 88 (88)                   ; 0                 ; 0          ; 0    ; 0            ; |ASCII_INPUT|getcolor:comb_4|ps2_keyboard:i                                                                                  ; ps2_keyboard        ; work         ;
;    |vga_ctrl:my_ctrl|                        ; 69 (69)             ; 20 (20)                   ; 0                 ; 0          ; 0    ; 0            ; |ASCII_INPUT|vga_ctrl:my_ctrl                                                                                                ; vga_ctrl            ; work         ;
+----------------------------------------------+---------------------+---------------------------+-------------------+------------+------+--------------+------------------------------------------------------------------------------------------------------------------------------+---------------------+--------------+
Note: For table entries with two numbers listed, the numbers in parentheses indicate the number of resources of the given type used by the specific entity alone. The numbers listed outside of parentheses indicate the total resources of the given type used by the specific entity and all of its sub-entities in the hierarchy.


+-----------------------------------------------------------------------------------------------------------------------------------------------------------------------------------------------------------------------+
; Analysis & Synthesis RAM Summary                                                                                                                                                                                      ;
+----------------------------------------------------------------------------------------------------------+------+------------------+--------------+--------------+--------------+--------------+-------+--------------+
; Name                                                                                                     ; Type ; Mode             ; Port A Depth ; Port A Width ; Port B Depth ; Port B Width ; Size  ; MIF          ;
+----------------------------------------------------------------------------------------------------------+------+------------------+--------------+--------------+--------------+--------------+-------+--------------+
; getcolor:comb_4|display:d|altsyncram:altsyncram_component|altsyncram_grt1:auto_generated|ALTSYNCRAM      ; AUTO ; Simple Dual Port ; 2100         ; 8            ; 2100         ; 8            ; 16800 ; None         ;
; getcolor:comb_4|font_data:fram|altsyncram:altsyncram_component|altsyncram_koo1:auto_generated|ALTSYNCRAM ; AUTO ; Single Port      ; 4096         ; 11           ; --           ; --           ; 45056 ; vga_font.mif ;
+----------------------------------------------------------------------------------------------------------+------+------------------+--------------+--------------+--------------+--------------+-------+--------------+


+-----------------------------------------------+
; Analysis & Synthesis DSP Block Usage Summary  ;
+---------------------------------+-------------+
; Statistic                       ; Number Used ;
+---------------------------------+-------------+
; Two Independent 18x18           ; 1           ;
; Independent 18x18 plus 36       ; 1           ;
; Total number of DSP blocks      ; 2           ;
;                                 ;             ;
; Fixed Point Unsigned Multiplier ; 2           ;
+---------------------------------+-------------+


+-------------------------------------------------------------------------------------------------------------------------------+
; Analysis & Synthesis IP Cores Summary                                                                                         ;
+--------+--------------+---------+--------------+--------------+---------------------------------------------+-----------------+
; Vendor ; IP Core Name ; Version ; Release Date ; License Type ; Entity Instance                             ; IP Include File ;
+--------+--------------+---------+--------------+--------------+---------------------------------------------+-----------------+
; Altera ; RAM: 2-PORT  ; 17.1    ; N/A          ; N/A          ; |ASCII_INPUT|getcolor:comb_4|display:d      ; display.v       ;
; Altera ; RAM: 1-PORT  ; 17.1    ; N/A          ; N/A          ; |ASCII_INPUT|getcolor:comb_4|font_data:fram ; font_data.v     ;
+--------+--------------+---------+--------------+--------------+---------------------------------------------+-----------------+


+--------------------------------------------------------------------------------+
; Registers Removed During Synthesis                                             ;
+---------------------------------------+----------------------------------------+
; Register name                         ; Reason for Removal                     ;
+---------------------------------------+----------------------------------------+
; getcolor:comb_4|code[7]               ; Stuck at GND due to stuck port data_in ;
; Total Number of Removed Registers = 1 ;                                        ;
+---------------------------------------+----------------------------------------+


+------------------------------------------------------+
; General Register Statistics                          ;
+----------------------------------------------+-------+
; Statistic                                    ; Value ;
+----------------------------------------------+-------+
; Total registers                              ; 174   ;
; Number of registers using Synchronous Clear  ; 129   ;
; Number of registers using Synchronous Load   ; 0     ;
; Number of registers using Asynchronous Clear ; 0     ;
; Number of registers using Asynchronous Load  ; 0     ;
; Number of registers using Clock Enable       ; 110   ;
; Number of registers using Preset             ; 0     ;
+----------------------------------------------+-------+


+----------------------------------------------------------------------------------------------------------------------------------------------------------------------+
; Multiplexer Restructuring Statistics (Restructuring Performed)                                                                                                       ;
+--------------------+-----------+---------------+----------------------+------------------------+------------+--------------------------------------------------------+
; Multiplexer Inputs ; Bus Width ; Baseline Area ; Area if Restructured ; Saving if Restructured ; Registered ; Example Multiplexer Output                             ;
+--------------------+-----------+---------------+----------------------+------------------------+------------+--------------------------------------------------------+
; 3:1                ; 9 bits    ; 18 LEs        ; 0 LEs                ; 18 LEs                 ; Yes        ; |ASCII_INPUT|vga_ctrl:my_ctrl|y_cnt[5]                 ;
; 3:1                ; 12 bits   ; 24 LEs        ; 0 LEs                ; 24 LEs                 ; Yes        ; |ASCII_INPUT|getcolor:comb_4|idx[9]                    ;
; 3:1                ; 8 bits    ; 16 LEs        ; 0 LEs                ; 16 LEs                 ; Yes        ; |ASCII_INPUT|getcolor:comb_4|ps2_keyboard:i|fifo[0][5] ;
; 3:1                ; 8 bits    ; 16 LEs        ; 0 LEs                ; 16 LEs                 ; Yes        ; |ASCII_INPUT|getcolor:comb_4|ps2_keyboard:i|fifo[1][1] ;
; 3:1                ; 8 bits    ; 16 LEs        ; 0 LEs                ; 16 LEs                 ; Yes        ; |ASCII_INPUT|getcolor:comb_4|ps2_keyboard:i|fifo[2][5] ;
; 3:1                ; 8 bits    ; 16 LEs        ; 0 LEs                ; 16 LEs                 ; Yes        ; |ASCII_INPUT|getcolor:comb_4|ps2_keyboard:i|fifo[3][7] ;
; 3:1                ; 8 bits    ; 16 LEs        ; 0 LEs                ; 16 LEs                 ; Yes        ; |ASCII_INPUT|getcolor:comb_4|ps2_keyboard:i|fifo[4][0] ;
; 3:1                ; 8 bits    ; 16 LEs        ; 0 LEs                ; 16 LEs                 ; Yes        ; |ASCII_INPUT|getcolor:comb_4|ps2_keyboard:i|fifo[5][7] ;
; 3:1                ; 8 bits    ; 16 LEs        ; 0 LEs                ; 16 LEs                 ; Yes        ; |ASCII_INPUT|getcolor:comb_4|ps2_keyboard:i|fifo[6][4] ;
; 3:1                ; 8 bits    ; 16 LEs        ; 0 LEs                ; 16 LEs                 ; Yes        ; |ASCII_INPUT|getcolor:comb_4|ps2_keyboard:i|fifo[7][7] ;
; 4:1                ; 12 bits   ; 24 LEs        ; 12 LEs               ; 12 LEs                 ; Yes        ; |ASCII_INPUT|getcolor:comb_4|cnt[9]                    ;
; 8:1                ; 8 bits    ; 40 LEs        ; 40 LEs               ; 0 LEs                  ; No         ; |ASCII_INPUT|getcolor:comb_4|ps2_keyboard:i|Mux4       ;
+--------------------+-----------+---------------+----------------------+------------------------+------------+--------------------------------------------------------+


+-----------------------------------------------------------------------------------------------------------------+
; Source assignments for getcolor:comb_4|display:d|altsyncram:altsyncram_component|altsyncram_grt1:auto_generated ;
+---------------------------------+--------------------+------+---------------------------------------------------+
; Assignment                      ; Value              ; From ; To                                                ;
+---------------------------------+--------------------+------+---------------------------------------------------+
; OPTIMIZE_POWER_DURING_SYNTHESIS ; NORMAL_COMPILATION ; -    ; -                                                 ;
+---------------------------------+--------------------+------+---------------------------------------------------+


+----------------------------------------------------------------------------------------------------------------------+
; Source assignments for getcolor:comb_4|font_data:fram|altsyncram:altsyncram_component|altsyncram_koo1:auto_generated ;
+---------------------------------+--------------------+------+--------------------------------------------------------+
; Assignment                      ; Value              ; From ; To                                                     ;
+---------------------------------+--------------------+------+--------------------------------------------------------+
; OPTIMIZE_POWER_DURING_SYNTHESIS ; NORMAL_COMPILATION ; -    ; -                                                      ;
+---------------------------------+--------------------+------+--------------------------------------------------------+


+---------------------------------------------------------------+
; Parameter Settings for User Entity Instance: clkgen:my_vgaclk ;
+----------------+----------+-----------------------------------+
; Parameter Name ; Value    ; Type                              ;
+----------------+----------+-----------------------------------+
; clk_freq       ; 25000000 ; Signed Integer                    ;
; countlimit     ; 1        ; Signed Integer                    ;
+----------------+----------+-----------------------------------+
Note: In order to hide this table in the UI and the text report file, please set the "Show Parameter Settings in Synthesis Report" option in "Analysis and Synthesis Settings -> More Settings" to "Off".


+---------------------------------------------------------------+
; Parameter Settings for User Entity Instance: vga_ctrl:my_ctrl ;
+----------------+-------+--------------------------------------+
; Parameter Name ; Value ; Type                                 ;
+----------------+-------+--------------------------------------+
; h_frontporch   ; 96    ; Signed Integer                       ;
; h_active       ; 144   ; Signed Integer                       ;
; h_backporch    ; 784   ; Signed Integer                       ;
; h_total        ; 800   ; Signed Integer                       ;
; v_frontporch   ; 2     ; Signed Integer                       ;
; v_active       ; 35    ; Signed Integer                       ;
; v_backporch    ; 515   ; Signed Integer                       ;
; v_total        ; 525   ; Signed Integer                       ;
+----------------+-------+--------------------------------------+
Note: In order to hide this table in the UI and the text report file, please set the "Show Parameter Settings in Synthesis Report" option in "Analysis and Synthesis Settings -> More Settings" to "Off".


+--------------------------------------------------------------------------------------------------------+
; Parameter Settings for User Entity Instance: getcolor:comb_4|display:d|altsyncram:altsyncram_component ;
+------------------------------------+----------------------+--------------------------------------------+
; Parameter Name                     ; Value                ; Type                                       ;
+------------------------------------+----------------------+--------------------------------------------+
; BYTE_SIZE_BLOCK                    ; 8                    ; Untyped                                    ;
; AUTO_CARRY_CHAINS                  ; ON                   ; AUTO_CARRY                                 ;
; IGNORE_CARRY_BUFFERS               ; OFF                  ; IGNORE_CARRY                               ;
; AUTO_CASCADE_CHAINS                ; ON                   ; AUTO_CASCADE                               ;
; IGNORE_CASCADE_BUFFERS             ; OFF                  ; IGNORE_CASCADE                             ;
; WIDTH_BYTEENA                      ; 1                    ; Untyped                                    ;
; OPERATION_MODE                     ; DUAL_PORT            ; Untyped                                    ;
; WIDTH_A                            ; 8                    ; Signed Integer                             ;
; WIDTHAD_A                          ; 12                   ; Signed Integer                             ;
; NUMWORDS_A                         ; 2100                 ; Signed Integer                             ;
; OUTDATA_REG_A                      ; UNREGISTERED         ; Untyped                                    ;
; ADDRESS_ACLR_A                     ; NONE                 ; Untyped                                    ;
; OUTDATA_ACLR_A                     ; NONE                 ; Untyped                                    ;
; WRCONTROL_ACLR_A                   ; NONE                 ; Untyped                                    ;
; INDATA_ACLR_A                      ; NONE                 ; Untyped                                    ;
; BYTEENA_ACLR_A                     ; NONE                 ; Untyped                                    ;
; WIDTH_B                            ; 8                    ; Signed Integer                             ;
; WIDTHAD_B                          ; 12                   ; Signed Integer                             ;
; NUMWORDS_B                         ; 2100                 ; Signed Integer                             ;
; INDATA_REG_B                       ; CLOCK1               ; Untyped                                    ;
; WRCONTROL_WRADDRESS_REG_B          ; CLOCK1               ; Untyped                                    ;
; RDCONTROL_REG_B                    ; CLOCK1               ; Untyped                                    ;
; ADDRESS_REG_B                      ; CLOCK0               ; Untyped                                    ;
; OUTDATA_REG_B                      ; CLOCK0               ; Untyped                                    ;
; BYTEENA_REG_B                      ; CLOCK1               ; Untyped                                    ;
; INDATA_ACLR_B                      ; NONE                 ; Untyped                                    ;
; WRCONTROL_ACLR_B                   ; NONE                 ; Untyped                                    ;
; ADDRESS_ACLR_B                     ; NONE                 ; Untyped                                    ;
; OUTDATA_ACLR_B                     ; NONE                 ; Untyped                                    ;
; RDCONTROL_ACLR_B                   ; NONE                 ; Untyped                                    ;
; BYTEENA_ACLR_B                     ; NONE                 ; Untyped                                    ;
; WIDTH_BYTEENA_A                    ; 1                    ; Signed Integer                             ;
; WIDTH_BYTEENA_B                    ; 1                    ; Untyped                                    ;
; RAM_BLOCK_TYPE                     ; AUTO                 ; Untyped                                    ;
; BYTE_SIZE                          ; 8                    ; Untyped                                    ;
; READ_DURING_WRITE_MODE_MIXED_PORTS ; DONT_CARE            ; Untyped                                    ;
; READ_DURING_WRITE_MODE_PORT_A      ; NEW_DATA_NO_NBE_READ ; Untyped                                    ;
; READ_DURING_WRITE_MODE_PORT_B      ; NEW_DATA_NO_NBE_READ ; Untyped                                    ;
; INIT_FILE                          ; UNUSED               ; Untyped                                    ;
; INIT_FILE_LAYOUT                   ; PORT_A               ; Untyped                                    ;
; MAXIMUM_DEPTH                      ; 0                    ; Untyped                                    ;
; CLOCK_ENABLE_INPUT_A               ; BYPASS               ; Untyped                                    ;
; CLOCK_ENABLE_INPUT_B               ; BYPASS               ; Untyped                                    ;
; CLOCK_ENABLE_OUTPUT_A              ; NORMAL               ; Untyped                                    ;
; CLOCK_ENABLE_OUTPUT_B              ; BYPASS               ; Untyped                                    ;
; CLOCK_ENABLE_CORE_A                ; USE_INPUT_CLKEN      ; Untyped                                    ;
; CLOCK_ENABLE_CORE_B                ; USE_INPUT_CLKEN      ; Untyped                                    ;
; ENABLE_ECC                         ; FALSE                ; Untyped                                    ;
; ECC_PIPELINE_STAGE_ENABLED         ; FALSE                ; Untyped                                    ;
; WIDTH_ECCSTATUS                    ; 3                    ; Untyped                                    ;
; DEVICE_FAMILY                      ; Cyclone V            ; Untyped                                    ;
; CBXI_PARAMETER                     ; altsyncram_grt1      ; Untyped                                    ;
+------------------------------------+----------------------+--------------------------------------------+
Note: In order to hide this table in the UI and the text report file, please set the "Show Parameter Settings in Synthesis Report" option in "Analysis and Synthesis Settings -> More Settings" to "Off".


+-------------------------------------------------------------------------------------------------------------+
; Parameter Settings for User Entity Instance: getcolor:comb_4|font_data:fram|altsyncram:altsyncram_component ;
+------------------------------------+----------------------+-------------------------------------------------+
; Parameter Name                     ; Value                ; Type                                            ;
+------------------------------------+----------------------+-------------------------------------------------+
; BYTE_SIZE_BLOCK                    ; 8                    ; Untyped                                         ;
; AUTO_CARRY_CHAINS                  ; ON                   ; AUTO_CARRY                                      ;
; IGNORE_CARRY_BUFFERS               ; OFF                  ; IGNORE_CARRY                                    ;
; AUTO_CASCADE_CHAINS                ; ON                   ; AUTO_CASCADE                                    ;
; IGNORE_CASCADE_BUFFERS             ; OFF                  ; IGNORE_CASCADE                                  ;
; WIDTH_BYTEENA                      ; 1                    ; Untyped                                         ;
; OPERATION_MODE                     ; SINGLE_PORT          ; Untyped                                         ;
; WIDTH_A                            ; 11                   ; Signed Integer                                  ;
; WIDTHAD_A                          ; 12                   ; Signed Integer                                  ;
; NUMWORDS_A                         ; 4096                 ; Signed Integer                                  ;
; OUTDATA_REG_A                      ; UNREGISTERED         ; Untyped                                         ;
; ADDRESS_ACLR_A                     ; NONE                 ; Untyped                                         ;
; OUTDATA_ACLR_A                     ; NONE                 ; Untyped                                         ;
; WRCONTROL_ACLR_A                   ; NONE                 ; Untyped                                         ;
; INDATA_ACLR_A                      ; NONE                 ; Untyped                                         ;
; BYTEENA_ACLR_A                     ; NONE                 ; Untyped                                         ;
; WIDTH_B                            ; 1                    ; Untyped                                         ;
; WIDTHAD_B                          ; 1                    ; Untyped                                         ;
; NUMWORDS_B                         ; 1                    ; Untyped                                         ;
; INDATA_REG_B                       ; CLOCK1               ; Untyped                                         ;
; WRCONTROL_WRADDRESS_REG_B          ; CLOCK1               ; Untyped                                         ;
; RDCONTROL_REG_B                    ; CLOCK1               ; Untyped                                         ;
; ADDRESS_REG_B                      ; CLOCK1               ; Untyped                                         ;
; OUTDATA_REG_B                      ; UNREGISTERED         ; Untyped                                         ;
; BYTEENA_REG_B                      ; CLOCK1               ; Untyped                                         ;
; INDATA_ACLR_B                      ; NONE                 ; Untyped                                         ;
; WRCONTROL_ACLR_B                   ; NONE                 ; Untyped                                         ;
; ADDRESS_ACLR_B                     ; NONE                 ; Untyped                                         ;
; OUTDATA_ACLR_B                     ; NONE                 ; Untyped                                         ;
; RDCONTROL_ACLR_B                   ; NONE                 ; Untyped                                         ;
; BYTEENA_ACLR_B                     ; NONE                 ; Untyped                                         ;
; WIDTH_BYTEENA_A                    ; 1                    ; Signed Integer                                  ;
; WIDTH_BYTEENA_B                    ; 1                    ; Untyped                                         ;
; RAM_BLOCK_TYPE                     ; AUTO                 ; Untyped                                         ;
; BYTE_SIZE                          ; 8                    ; Untyped                                         ;
; READ_DURING_WRITE_MODE_MIXED_PORTS ; DONT_CARE            ; Untyped                                         ;
; READ_DURING_WRITE_MODE_PORT_A      ; NEW_DATA_NO_NBE_READ ; Untyped                                         ;
; READ_DURING_WRITE_MODE_PORT_B      ; NEW_DATA_NO_NBE_READ ; Untyped                                         ;
; INIT_FILE                          ; vga_font.mif         ; Untyped                                         ;
; INIT_FILE_LAYOUT                   ; PORT_A               ; Untyped                                         ;
; MAXIMUM_DEPTH                      ; 0                    ; Untyped                                         ;
; CLOCK_ENABLE_INPUT_A               ; BYPASS               ; Untyped                                         ;
; CLOCK_ENABLE_INPUT_B               ; NORMAL               ; Untyped                                         ;
; CLOCK_ENABLE_OUTPUT_A              ; BYPASS               ; Untyped                                         ;
; CLOCK_ENABLE_OUTPUT_B              ; NORMAL               ; Untyped                                         ;
; CLOCK_ENABLE_CORE_A                ; USE_INPUT_CLKEN      ; Untyped                                         ;
; CLOCK_ENABLE_CORE_B                ; USE_INPUT_CLKEN      ; Untyped                                         ;
; ENABLE_ECC                         ; FALSE                ; Untyped                                         ;
; ECC_PIPELINE_STAGE_ENABLED         ; FALSE                ; Untyped                                         ;
; WIDTH_ECCSTATUS                    ; 3                    ; Untyped                                         ;
; DEVICE_FAMILY                      ; Cyclone V            ; Untyped                                         ;
; CBXI_PARAMETER                     ; altsyncram_koo1      ; Untyped                                         ;
+------------------------------------+----------------------+-------------------------------------------------+
Note: In order to hide this table in the UI and the text report file, please set the "Show Parameter Settings in Synthesis Report" option in "Analysis and Synthesis Settings -> More Settings" to "Off".


+----------------------------------------------------------------------------------+
; Parameter Settings for Inferred Entity Instance: getcolor:comb_4|lpm_divide:Mod0 ;
+------------------------+----------------+----------------------------------------+
; Parameter Name         ; Value          ; Type                                   ;
+------------------------+----------------+----------------------------------------+
; LPM_WIDTHN             ; 11             ; Untyped                                ;
; LPM_WIDTHD             ; 4              ; Untyped                                ;
; LPM_NREPRESENTATION    ; UNSIGNED       ; Untyped                                ;
; LPM_DREPRESENTATION    ; UNSIGNED       ; Untyped                                ;
; LPM_PIPELINE           ; 0              ; Untyped                                ;
; LPM_REMAINDERPOSITIVE  ; TRUE           ; Untyped                                ;
; MAXIMIZE_SPEED         ; 5              ; Untyped                                ;
; CBXI_PARAMETER         ; lpm_divide_i3m ; Untyped                                ;
; CARRY_CHAIN            ; MANUAL         ; Untyped                                ;
; OPTIMIZE_FOR_SPEED     ; 5              ; Untyped                                ;
; AUTO_CARRY_CHAINS      ; ON             ; AUTO_CARRY                             ;
; IGNORE_CARRY_BUFFERS   ; OFF            ; IGNORE_CARRY                           ;
; AUTO_CASCADE_CHAINS    ; ON             ; AUTO_CASCADE                           ;
; IGNORE_CASCADE_BUFFERS ; OFF            ; IGNORE_CASCADE                         ;
+------------------------+----------------+----------------------------------------+
Note: In order to hide this table in the UI and the text report file, please set the "Show Parameter Settings in Synthesis Report" option in "Analysis and Synthesis Settings -> More Settings" to "Off".


+----------------------------------------------------------------------------------+
; Parameter Settings for Inferred Entity Instance: getcolor:comb_4|lpm_divide:Div1 ;
+------------------------+----------------+----------------------------------------+
; Parameter Name         ; Value          ; Type                                   ;
+------------------------+----------------+----------------------------------------+
; LPM_WIDTHN             ; 13             ; Untyped                                ;
; LPM_WIDTHD             ; 7              ; Untyped                                ;
; LPM_NREPRESENTATION    ; UNSIGNED       ; Untyped                                ;
; LPM_DREPRESENTATION    ; UNSIGNED       ; Untyped                                ;
; LPM_PIPELINE           ; 0              ; Untyped                                ;
; LPM_REMAINDERPOSITIVE  ; TRUE           ; Untyped                                ;
; MAXIMIZE_SPEED         ; 5              ; Untyped                                ;
; CBXI_PARAMETER         ; lpm_divide_kbm ; Untyped                                ;
; CARRY_CHAIN            ; MANUAL         ; Untyped                                ;
; OPTIMIZE_FOR_SPEED     ; 5              ; Untyped                                ;
; AUTO_CARRY_CHAINS      ; ON             ; AUTO_CARRY                             ;
; IGNORE_CARRY_BUFFERS   ; OFF            ; IGNORE_CARRY                           ;
; AUTO_CASCADE_CHAINS    ; ON             ; AUTO_CASCADE                           ;
; IGNORE_CASCADE_BUFFERS ; OFF            ; IGNORE_CASCADE                         ;
+------------------------+----------------+----------------------------------------+
Note: In order to hide this table in the UI and the text report file, please set the "Show Parameter Settings in Synthesis Report" option in "Analysis and Synthesis Settings -> More Settings" to "Off".


+----------------------------------------------------------------------------------+
; Parameter Settings for Inferred Entity Instance: getcolor:comb_4|lpm_divide:Div0 ;
+------------------------+----------------+----------------------------------------+
; Parameter Name         ; Value          ; Type                                   ;
+------------------------+----------------+----------------------------------------+
; LPM_WIDTHN             ; 10             ; Untyped                                ;
; LPM_WIDTHD             ; 4              ; Untyped                                ;
; LPM_NREPRESENTATION    ; UNSIGNED       ; Untyped                                ;
; LPM_DREPRESENTATION    ; UNSIGNED       ; Untyped                                ;
; LPM_PIPELINE           ; 0              ; Untyped                                ;
; LPM_REMAINDERPOSITIVE  ; TRUE           ; Untyped                                ;
; MAXIMIZE_SPEED         ; 5              ; Untyped                                ;
; CBXI_PARAMETER         ; lpm_divide_ebm ; Untyped                                ;
; CARRY_CHAIN            ; MANUAL         ; Untyped                                ;
; OPTIMIZE_FOR_SPEED     ; 5              ; Untyped                                ;
; AUTO_CARRY_CHAINS      ; ON             ; AUTO_CARRY                             ;
; IGNORE_CARRY_BUFFERS   ; OFF            ; IGNORE_CARRY                           ;
; AUTO_CASCADE_CHAINS    ; ON             ; AUTO_CASCADE                           ;
; IGNORE_CASCADE_BUFFERS ; OFF            ; IGNORE_CASCADE                         ;
+------------------------+----------------+----------------------------------------+
Note: In order to hide this table in the UI and the text report file, please set the "Show Parameter Settings in Synthesis Report" option in "Analysis and Synthesis Settings -> More Settings" to "Off".


+------------------------------------------------------------------------------------------------------------+
; altsyncram Parameter Settings by Entity Instance                                                           ;
+-------------------------------------------+----------------------------------------------------------------+
; Name                                      ; Value                                                          ;
+-------------------------------------------+----------------------------------------------------------------+
; Number of entity instances                ; 2                                                              ;
; Entity Instance                           ; getcolor:comb_4|display:d|altsyncram:altsyncram_component      ;
;     -- OPERATION_MODE                     ; DUAL_PORT                                                      ;
;     -- WIDTH_A                            ; 8                                                              ;
;     -- NUMWORDS_A                         ; 2100                                                           ;
;     -- OUTDATA_REG_A                      ; UNREGISTERED                                                   ;
;     -- WIDTH_B                            ; 8                                                              ;
;     -- NUMWORDS_B                         ; 2100                                                           ;
;     -- ADDRESS_REG_B                      ; CLOCK0                                                         ;
;     -- OUTDATA_REG_B                      ; CLOCK0                                                         ;
;     -- RAM_BLOCK_TYPE                     ; AUTO                                                           ;
;     -- READ_DURING_WRITE_MODE_MIXED_PORTS ; DONT_CARE                                                      ;
; Entity Instance                           ; getcolor:comb_4|font_data:fram|altsyncram:altsyncram_component ;
;     -- OPERATION_MODE                     ; SINGLE_PORT                                                    ;
;     -- WIDTH_A                            ; 11                                                             ;
;     -- NUMWORDS_A                         ; 4096                                                           ;
;     -- OUTDATA_REG_A                      ; UNREGISTERED                                                   ;
;     -- WIDTH_B                            ; 1                                                              ;
;     -- NUMWORDS_B                         ; 1                                                              ;
;     -- ADDRESS_REG_B                      ; CLOCK1                                                         ;
;     -- OUTDATA_REG_B                      ; UNREGISTERED                                                   ;
;     -- RAM_BLOCK_TYPE                     ; AUTO                                                           ;
;     -- READ_DURING_WRITE_MODE_MIXED_PORTS ; DONT_CARE                                                      ;
+-------------------------------------------+----------------------------------------------------------------+


+----------------------------------------------------------------------------------------------------------------------------------------------------------------------------------------------------------------------+
; Port Connectivity Checks: "getcolor:comb_4|font_data:fram"                                                                                                                                                           ;
+-------------+-------+----------+-------------------------------------------------------------------------------------------------------------------------------------------------------------------------------------+
; Port        ; Type  ; Severity ; Details                                                                                                                                                                             ;
+-------------+-------+----------+-------------------------------------------------------------------------------------------------------------------------------------------------------------------------------------+
; data        ; Input ; Warning  ; Input port expression (32 bits) is wider than the input port (11 bits) it drives.  The 21 most-significant bit(s) in the expression will be dangling if they have no other fanouts. ;
; data[10..0] ; Input ; Info     ; Stuck at GND                                                                                                                                                                        ;
; wren        ; Input ; Warning  ; Input port expression (32 bits) is wider than the input port (1 bits) it drives.  The 31 most-significant bit(s) in the expression will be dangling if they have no other fanouts.  ;
; wren[-1]    ; Input ; Info     ; Stuck at GND                                                                                                                                                                        ;
+-------------+-------+----------+-------------------------------------------------------------------------------------------------------------------------------------------------------------------------------------+


+----------------------------------------------------------------------------------------------------------------------+
; Port Connectivity Checks: "getcolor:comb_4|ps2_keyboard:i"                                                           ;
+------------+--------+----------+-------------------------------------------------------------------------------------+
; Port       ; Type   ; Severity ; Details                                                                             ;
+------------+--------+----------+-------------------------------------------------------------------------------------+
; clrn       ; Input  ; Info     ; Stuck at VCC                                                                        ;
; nextdata_n ; Input  ; Info     ; Stuck at GND                                                                        ;
; ready      ; Output ; Info     ; Connected to dangling logic. Logic that only feeds a dangling port will be removed. ;
+------------+--------+----------+-------------------------------------------------------------------------------------+


+----------------------------------------------+
; Port Connectivity Checks: "vga_ctrl:my_ctrl" ;
+-------+-------+----------+-------------------+
; Port  ; Type  ; Severity ; Details           ;
+-------+-------+----------+-------------------+
; reset ; Input ; Info     ; Stuck at GND      ;
+-------+-------+----------+-------------------+


+----------------------------------------------+
; Port Connectivity Checks: "clkgen:my_vgaclk" ;
+-------+-------+----------+-------------------+
; Port  ; Type  ; Severity ; Details           ;
+-------+-------+----------+-------------------+
; rst   ; Input ; Info     ; Stuck at GND      ;
; clken ; Input ; Info     ; Stuck at VCC      ;
+-------+-------+----------+-------------------+


+-----------------------------------------------------+
; Post-Synthesis Netlist Statistics for Top Partition ;
+-----------------------+-----------------------------+
; Type                  ; Count                       ;
+-----------------------+-----------------------------+
; arriav_ff             ; 174                         ;
;     ENA               ; 13                          ;
;     ENA SCLR          ; 97                          ;
;     SCLR              ; 32                          ;
;     plain             ; 32                          ;
; arriav_io_obuf        ; 4                           ;
; arriav_lcell_comb     ; 607                         ;
;     arith             ; 253                         ;
;         0 data inputs ; 29                          ;
;         1 data inputs ; 120                         ;
;         2 data inputs ; 10                          ;
;         3 data inputs ; 34                          ;
;         4 data inputs ; 60                          ;
;     extend            ; 6                           ;
;         7 data inputs ; 6                           ;
;     normal            ; 340                         ;
;         0 data inputs ; 1                           ;
;         1 data inputs ; 7                           ;
;         2 data inputs ; 82                          ;
;         3 data inputs ; 59                          ;
;         4 data inputs ; 73                          ;
;         5 data inputs ; 75                          ;
;         6 data inputs ; 43                          ;
;     shared            ; 8                           ;
;         0 data inputs ; 1                           ;
;         1 data inputs ; 7                           ;
; arriav_mac            ; 2                           ;
; boundary_port         ; 103                         ;
; stratixv_ram_block    ; 19                          ;
;                       ;                             ;
; Max LUT depth         ; 24.10                       ;
; Average LUT depth     ; 9.25                        ;
+-----------------------+-----------------------------+


+-------------------------------+
; Elapsed Time Per Partition    ;
+----------------+--------------+
; Partition Name ; Elapsed Time ;
+----------------+--------------+
; Top            ; 00:00:03     ;
+----------------+--------------+


+-------------------------------+
; Analysis & Synthesis Messages ;
+-------------------------------+
Info: *******************************************************************
Info: Running Quartus Prime Analysis & Synthesis
    Info: Version 17.1.0 Build 590 10/25/2017 SJ Lite Edition
    Info: Processing started: Mon Nov 30 14:27:52 2020
Info: Command: quartus_map --read_settings_files=on --write_settings_files=off ASCII_INPUT -c ASCII_INPUT
Warning (18236): Number of processors has not been specified which may cause overloading on shared machines.  Set the global assignment NUM_PARALLEL_PROCESSORS in your QSF to an appropriate value for best performance.
Info (20030): Parallel compilation is enabled and will use 4 of the 4 processors detected
Info (12021): Found 1 design units, including 1 entities, in source file display.v
    Info (12023): Found entity 1: display File: D:/data/Homework/FPGA/Exp/Exp11/ASCII_INPUT/display.v Line: 39
Info (12021): Found 1 design units, including 1 entities, in source file ascii.v
    Info (12023): Found entity 1: ascii File: D:/data/Homework/FPGA/Exp/Exp11/ASCII_INPUT/ascii.v Line: 39
Info (12021): Found 1 design units, including 1 entities, in source file font_data.v
    Info (12023): Found entity 1: font_data File: D:/data/Homework/FPGA/Exp/Exp11/ASCII_INPUT/font_data.v Line: 39
Warning (12125): Using design file ascii_input.v, which is not specified as a design file for the current project, but contains definitions for 1 design units and 1 entities in project
    Info (12023): Found entity 1: ASCII_INPUT File: D:/data/Homework/FPGA/Exp/Exp11/ASCII_INPUT/ascii_input.v Line: 6
Critical Warning (10846): Verilog HDL Instantiation warning at ascii_input.v(64): instance has no name File: D:/data/Homework/FPGA/Exp/Exp11/ASCII_INPUT/ascii_input.v Line: 64
Info (12127): Elaborating entity "ASCII_INPUT" for the top level hierarchy
Warning (10034): Output port "LEDR[9..1]" at ascii_input.v(21) has no driver File: D:/data/Homework/FPGA/Exp/Exp11/ASCII_INPUT/ascii_input.v Line: 21
Warning (12125): Using design file clkgen.v, which is not specified as a design file for the current project, but contains definitions for 1 design units and 1 entities in project
    Info (12023): Found entity 1: clkgen File: D:/data/Homework/FPGA/Exp/Exp11/ASCII_INPUT/clkgen.v Line: 1
Info (12128): Elaborating entity "clkgen" for hierarchy "clkgen:my_vgaclk" File: D:/data/Homework/FPGA/Exp/Exp11/ASCII_INPUT/ascii_input.v Line: 62
Warning (12125): Using design file vga_ctrl.v, which is not specified as a design file for the current project, but contains definitions for 1 design units and 1 entities in project
    Info (12023): Found entity 1: vga_ctrl File: D:/data/Homework/FPGA/Exp/Exp11/ASCII_INPUT/vga_ctrl.v Line: 1
Info (12128): Elaborating entity "vga_ctrl" for hierarchy "vga_ctrl:my_ctrl" File: D:/data/Homework/FPGA/Exp/Exp11/ASCII_INPUT/ascii_input.v Line: 63
Warning (10463): Verilog HDL Declaration warning at getcolor.v(20): "break" is SystemVerilog-2005 keyword File: D:/data/Homework/FPGA/Exp/Exp11/ASCII_INPUT/getcolor.v Line: 20
Warning (12125): Using design file getcolor.v, which is not specified as a design file for the current project, but contains definitions for 1 design units and 1 entities in project
    Info (12023): Found entity 1: getcolor File: D:/data/Homework/FPGA/Exp/Exp11/ASCII_INPUT/getcolor.v Line: 1
Info (12128): Elaborating entity "getcolor" for hierarchy "getcolor:comb_4" File: D:/data/Homework/FPGA/Exp/Exp11/ASCII_INPUT/ascii_input.v Line: 64
Warning (10858): Verilog HDL warning at getcolor.v(40): object a used but never assigned File: D:/data/Homework/FPGA/Exp/Exp11/ASCII_INPUT/getcolor.v Line: 40
Warning (10235): Verilog HDL Always Construct warning at getcolor.v(47): variable "h_addr" is read inside the Always Construct but isn't in the Always Construct's Event Control File: D:/data/Homework/FPGA/Exp/Exp11/ASCII_INPUT/getcolor.v Line: 47
Warning (10235): Verilog HDL Always Construct warning at getcolor.v(47): variable "v_addr" is read inside the Always Construct but isn't in the Always Construct's Event Control File: D:/data/Homework/FPGA/Exp/Exp11/ASCII_INPUT/getcolor.v Line: 47
Warning (10230): Verilog HDL assignment warning at getcolor.v(47): truncated value with size 32 to match size of target (12) File: D:/data/Homework/FPGA/Exp/Exp11/ASCII_INPUT/getcolor.v Line: 47
Warning (10235): Verilog HDL Always Construct warning at getcolor.v(48): variable "v_addr" is read inside the Always Construct but isn't in the Always Construct's Event Control File: D:/data/Homework/FPGA/Exp/Exp11/ASCII_INPUT/getcolor.v Line: 48
Warning (10235): Verilog HDL Always Construct warning at getcolor.v(48): variable "q" is read inside the Always Construct but isn't in the Always Construct's Event Control File: D:/data/Homework/FPGA/Exp/Exp11/ASCII_INPUT/getcolor.v Line: 48
Warning (10235): Verilog HDL Always Construct warning at getcolor.v(54): variable "font" is read inside the Always Construct but isn't in the Always Construct's Event Control File: D:/data/Homework/FPGA/Exp/Exp11/ASCII_INPUT/getcolor.v Line: 54
Warning (10235): Verilog HDL Always Construct warning at getcolor.v(68): variable "blank" is read inside the Always Construct but isn't in the Always Construct's Event Control File: D:/data/Homework/FPGA/Exp/Exp11/ASCII_INPUT/getcolor.v Line: 68
Warning (10230): Verilog HDL assignment warning at getcolor.v(94): truncated value with size 32 to match size of target (12) File: D:/data/Homework/FPGA/Exp/Exp11/ASCII_INPUT/getcolor.v Line: 94
Warning (10230): Verilog HDL assignment warning at getcolor.v(101): truncated value with size 32 to match size of target (12) File: D:/data/Homework/FPGA/Exp/Exp11/ASCII_INPUT/getcolor.v Line: 101
Warning (12125): Using design file ps2_keyboard.v, which is not specified as a design file for the current project, but contains definitions for 1 design units and 1 entities in project
    Info (12023): Found entity 1: ps2_keyboard File: D:/data/Homework/FPGA/Exp/Exp11/ASCII_INPUT/ps2_keyboard.v Line: 1
Info (12128): Elaborating entity "ps2_keyboard" for hierarchy "getcolor:comb_4|ps2_keyboard:i" File: D:/data/Homework/FPGA/Exp/Exp11/ASCII_INPUT/getcolor.v Line: 41
Info (12128): Elaborating entity "display" for hierarchy "getcolor:comb_4|display:d" File: D:/data/Homework/FPGA/Exp/Exp11/ASCII_INPUT/getcolor.v Line: 42
Info (12128): Elaborating entity "altsyncram" for hierarchy "getcolor:comb_4|display:d|altsyncram:altsyncram_component" File: D:/data/Homework/FPGA/Exp/Exp11/ASCII_INPUT/display.v Line: 88
Info (12130): Elaborated megafunction instantiation "getcolor:comb_4|display:d|altsyncram:altsyncram_component" File: D:/data/Homework/FPGA/Exp/Exp11/ASCII_INPUT/display.v Line: 88
Info (12133): Instantiated megafunction "getcolor:comb_4|display:d|altsyncram:altsyncram_component" with the following parameter: File: D:/data/Homework/FPGA/Exp/Exp11/ASCII_INPUT/display.v Line: 88
    Info (12134): Parameter "address_aclr_b" = "NONE"
    Info (12134): Parameter "address_reg_b" = "CLOCK0"
    Info (12134): Parameter "clock_enable_input_a" = "BYPASS"
    Info (12134): Parameter "clock_enable_input_b" = "BYPASS"
    Info (12134): Parameter "clock_enable_output_b" = "BYPASS"
    Info (12134): Parameter "intended_device_family" = "Cyclone V"
    Info (12134): Parameter "lpm_type" = "altsyncram"
    Info (12134): Parameter "numwords_a" = "2100"
    Info (12134): Parameter "numwords_b" = "2100"
    Info (12134): Parameter "operation_mode" = "DUAL_PORT"
    Info (12134): Parameter "outdata_aclr_b" = "NONE"
    Info (12134): Parameter "outdata_reg_b" = "CLOCK0"
    Info (12134): Parameter "power_up_uninitialized" = "FALSE"
    Info (12134): Parameter "read_during_write_mode_mixed_ports" = "DONT_CARE"
    Info (12134): Parameter "widthad_a" = "12"
    Info (12134): Parameter "widthad_b" = "12"
    Info (12134): Parameter "width_a" = "8"
    Info (12134): Parameter "width_b" = "8"
    Info (12134): Parameter "width_byteena_a" = "1"
Info (12021): Found 1 design units, including 1 entities, in source file db/altsyncram_grt1.tdf
    Info (12023): Found entity 1: altsyncram_grt1 File: D:/data/Homework/FPGA/Exp/Exp11/ASCII_INPUT/db/altsyncram_grt1.tdf Line: 27
Info (12128): Elaborating entity "altsyncram_grt1" for hierarchy "getcolor:comb_4|display:d|altsyncram:altsyncram_component|altsyncram_grt1:auto_generated" File: d:/intelfpga_lite/17.1/quartus/libraries/megafunctions/altsyncram.tdf Line: 791
Info (12128): Elaborating entity "font_data" for hierarchy "getcolor:comb_4|font_data:fram" File: D:/data/Homework/FPGA/Exp/Exp11/ASCII_INPUT/getcolor.v Line: 43
Info (12128): Elaborating entity "altsyncram" for hierarchy "getcolor:comb_4|font_data:fram|altsyncram:altsyncram_component" File: D:/data/Homework/FPGA/Exp/Exp11/ASCII_INPUT/font_data.v Line: 85
Info (12130): Elaborated megafunction instantiation "getcolor:comb_4|font_data:fram|altsyncram:altsyncram_component" File: D:/data/Homework/FPGA/Exp/Exp11/ASCII_INPUT/font_data.v Line: 85
Info (12133): Instantiated megafunction "getcolor:comb_4|font_data:fram|altsyncram:altsyncram_component" with the following parameter: File: D:/data/Homework/FPGA/Exp/Exp11/ASCII_INPUT/font_data.v Line: 85
    Info (12134): Parameter "clock_enable_input_a" = "BYPASS"
    Info (12134): Parameter "clock_enable_output_a" = "BYPASS"
    Info (12134): Parameter "init_file" = "vga_font.mif"
    Info (12134): Parameter "intended_device_family" = "Cyclone V"
    Info (12134): Parameter "lpm_hint" = "ENABLE_RUNTIME_MOD=NO"
    Info (12134): Parameter "lpm_type" = "altsyncram"
    Info (12134): Parameter "numwords_a" = "4096"
    Info (12134): Parameter "operation_mode" = "SINGLE_PORT"
    Info (12134): Parameter "outdata_aclr_a" = "NONE"
    Info (12134): Parameter "outdata_reg_a" = "UNREGISTERED"
    Info (12134): Parameter "power_up_uninitialized" = "FALSE"
    Info (12134): Parameter "read_during_write_mode_port_a" = "NEW_DATA_NO_NBE_READ"
    Info (12134): Parameter "widthad_a" = "12"
    Info (12134): Parameter "width_a" = "11"
    Info (12134): Parameter "width_byteena_a" = "1"
Info (12021): Found 1 design units, including 1 entities, in source file db/altsyncram_koo1.tdf
    Info (12023): Found entity 1: altsyncram_koo1 File: D:/data/Homework/FPGA/Exp/Exp11/ASCII_INPUT/db/altsyncram_koo1.tdf Line: 27
Info (12128): Elaborating entity "altsyncram_koo1" for hierarchy "getcolor:comb_4|font_data:fram|altsyncram:altsyncram_component|altsyncram_koo1:auto_generated" File: d:/intelfpga_lite/17.1/quartus/libraries/megafunctions/altsyncram.tdf Line: 791
Warning (12125): Using design file decode_hex.v, which is not specified as a design file for the current project, but contains definitions for 1 design units and 1 entities in project
    Info (12023): Found entity 1: decode_hex File: D:/data/Homework/FPGA/Exp/Exp11/ASCII_INPUT/decode_hex.v Line: 1
Info (12128): Elaborating entity "decode_hex" for hierarchy "getcolor:comb_4|decode_hex:hex0" File: D:/data/Homework/FPGA/Exp/Exp11/ASCII_INPUT/getcolor.v Line: 58
Info (276014): Found 1 instances of uninferred RAM logic
    Info (276007): RAM logic "getcolor:comb_4|a" is uninferred due to asynchronous read logic File: D:/data/Homework/FPGA/Exp/Exp11/ASCII_INPUT/getcolor.v Line: 40
Info (278001): Inferred 3 megafunctions from design logic
    Info (278004): Inferred divider/modulo megafunction ("lpm_divide") from the following logic: "getcolor:comb_4|Mod0" File: D:/data/Homework/FPGA/Exp/Exp11/ASCII_INPUT/getcolor.v Line: 54
    Info (278004): Inferred divider/modulo megafunction ("lpm_divide") from the following logic: "getcolor:comb_4|Div1" File: D:/data/Homework/FPGA/Exp/Exp11/ASCII_INPUT/getcolor.v Line: 94
    Info (278004): Inferred divider/modulo megafunction ("lpm_divide") from the following logic: "getcolor:comb_4|Div0" File: D:/data/Homework/FPGA/Exp/Exp11/ASCII_INPUT/getcolor.v Line: 47
Info (12130): Elaborated megafunction instantiation "getcolor:comb_4|lpm_divide:Mod0" File: D:/data/Homework/FPGA/Exp/Exp11/ASCII_INPUT/getcolor.v Line: 54
Info (12133): Instantiated megafunction "getcolor:comb_4|lpm_divide:Mod0" with the following parameter: File: D:/data/Homework/FPGA/Exp/Exp11/ASCII_INPUT/getcolor.v Line: 54
    Info (12134): Parameter "LPM_WIDTHN" = "11"
    Info (12134): Parameter "LPM_WIDTHD" = "4"
    Info (12134): Parameter "LPM_NREPRESENTATION" = "UNSIGNED"
    Info (12134): Parameter "LPM_DREPRESENTATION" = "UNSIGNED"
Info (12021): Found 1 design units, including 1 entities, in source file db/lpm_divide_i3m.tdf
    Info (12023): Found entity 1: lpm_divide_i3m File: D:/data/Homework/FPGA/Exp/Exp11/ASCII_INPUT/db/lpm_divide_i3m.tdf Line: 24
Info (12021): Found 1 design units, including 1 entities, in source file db/sign_div_unsign_llh.tdf
    Info (12023): Found entity 1: sign_div_unsign_llh File: D:/data/Homework/FPGA/Exp/Exp11/ASCII_INPUT/db/sign_div_unsign_llh.tdf Line: 24
Info (12021): Found 1 design units, including 1 entities, in source file db/alt_u_div_gve.tdf
    Info (12023): Found entity 1: alt_u_div_gve File: D:/data/Homework/FPGA/Exp/Exp11/ASCII_INPUT/db/alt_u_div_gve.tdf Line: 22
Info (12130): Elaborated megafunction instantiation "getcolor:comb_4|lpm_divide:Div1" File: D:/data/Homework/FPGA/Exp/Exp11/ASCII_INPUT/getcolor.v Line: 94
Info (12133): Instantiated megafunction "getcolor:comb_4|lpm_divide:Div1" with the following parameter: File: D:/data/Homework/FPGA/Exp/Exp11/ASCII_INPUT/getcolor.v Line: 94
    Info (12134): Parameter "LPM_WIDTHN" = "13"
    Info (12134): Parameter "LPM_WIDTHD" = "7"
    Info (12134): Parameter "LPM_NREPRESENTATION" = "UNSIGNED"
    Info (12134): Parameter "LPM_DREPRESENTATION" = "UNSIGNED"
Info (12021): Found 1 design units, including 1 entities, in source file db/lpm_divide_kbm.tdf
    Info (12023): Found entity 1: lpm_divide_kbm File: D:/data/Homework/FPGA/Exp/Exp11/ASCII_INPUT/db/lpm_divide_kbm.tdf Line: 24
Info (12021): Found 1 design units, including 1 entities, in source file db/sign_div_unsign_qlh.tdf
    Info (12023): Found entity 1: sign_div_unsign_qlh File: D:/data/Homework/FPGA/Exp/Exp11/ASCII_INPUT/db/sign_div_unsign_qlh.tdf Line: 24
Info (12021): Found 1 design units, including 1 entities, in source file db/alt_u_div_qve.tdf
    Info (12023): Found entity 1: alt_u_div_qve File: D:/data/Homework/FPGA/Exp/Exp11/ASCII_INPUT/db/alt_u_div_qve.tdf Line: 22
Info (12130): Elaborated megafunction instantiation "getcolor:comb_4|lpm_divide:Div0" File: D:/data/Homework/FPGA/Exp/Exp11/ASCII_INPUT/getcolor.v Line: 47
Info (12133): Instantiated megafunction "getcolor:comb_4|lpm_divide:Div0" with the following parameter: File: D:/data/Homework/FPGA/Exp/Exp11/ASCII_INPUT/getcolor.v Line: 47
    Info (12134): Parameter "LPM_WIDTHN" = "10"
    Info (12134): Parameter "LPM_WIDTHD" = "4"
    Info (12134): Parameter "LPM_NREPRESENTATION" = "UNSIGNED"
    Info (12134): Parameter "LPM_DREPRESENTATION" = "UNSIGNED"
Info (12021): Found 1 design units, including 1 entities, in source file db/lpm_divide_ebm.tdf
    Info (12023): Found entity 1: lpm_divide_ebm File: D:/data/Homework/FPGA/Exp/Exp11/ASCII_INPUT/db/lpm_divide_ebm.tdf Line: 24
Info (12021): Found 1 design units, including 1 entities, in source file db/sign_div_unsign_klh.tdf
    Info (12023): Found entity 1: sign_div_unsign_klh File: D:/data/Homework/FPGA/Exp/Exp11/ASCII_INPUT/db/sign_div_unsign_klh.tdf Line: 24
Info (12021): Found 1 design units, including 1 entities, in source file db/alt_u_div_eve.tdf
    Info (12023): Found entity 1: alt_u_div_eve File: D:/data/Homework/FPGA/Exp/Exp11/ASCII_INPUT/db/alt_u_div_eve.tdf Line: 22
Warning (12241): 1 hierarchies have connectivity warnings - see the Connectivity Checks report folder
Warning (13039): The following bidirectional pins have no drivers
    Warning (13040): bidirectional pin "PS2_CLK" has no driver File: D:/data/Homework/FPGA/Exp/Exp11/ASCII_INPUT/ascii_input.v Line: 42
    Warning (13040): bidirectional pin "PS2_DAT" has no driver File: D:/data/Homework/FPGA/Exp/Exp11/ASCII_INPUT/ascii_input.v Line: 44
    Warning (13040): bidirectional pin "PS2_CLK2" has no driver File: D:/data/Homework/FPGA/Exp/Exp11/ASCII_INPUT/ascii_input.v Line: 43
    Warning (13040): bidirectional pin "PS2_DAT2" has no driver File: D:/data/Homework/FPGA/Exp/Exp11/ASCII_INPUT/ascii_input.v Line: 46
Warning (13024): Output pins are stuck at VCC or GND
    Warning (13410): Pin "LEDR[1]" is stuck at GND File: D:/data/Homework/FPGA/Exp/Exp11/ASCII_INPUT/ascii_input.v Line: 21
    Warning (13410): Pin "LEDR[2]" is stuck at GND File: D:/data/Homework/FPGA/Exp/Exp11/ASCII_INPUT/ascii_input.v Line: 21
    Warning (13410): Pin "LEDR[3]" is stuck at GND File: D:/data/Homework/FPGA/Exp/Exp11/ASCII_INPUT/ascii_input.v Line: 21
    Warning (13410): Pin "LEDR[4]" is stuck at GND File: D:/data/Homework/FPGA/Exp/Exp11/ASCII_INPUT/ascii_input.v Line: 21
    Warning (13410): Pin "LEDR[5]" is stuck at GND File: D:/data/Homework/FPGA/Exp/Exp11/ASCII_INPUT/ascii_input.v Line: 21
    Warning (13410): Pin "LEDR[6]" is stuck at GND File: D:/data/Homework/FPGA/Exp/Exp11/ASCII_INPUT/ascii_input.v Line: 21
    Warning (13410): Pin "LEDR[7]" is stuck at GND File: D:/data/Homework/FPGA/Exp/Exp11/ASCII_INPUT/ascii_input.v Line: 21
    Warning (13410): Pin "LEDR[8]" is stuck at GND File: D:/data/Homework/FPGA/Exp/Exp11/ASCII_INPUT/ascii_input.v Line: 21
    Warning (13410): Pin "LEDR[9]" is stuck at GND File: D:/data/Homework/FPGA/Exp/Exp11/ASCII_INPUT/ascii_input.v Line: 21
    Warning (13410): Pin "VGA_SYNC_N" is stuck at GND File: D:/data/Homework/FPGA/Exp/Exp11/ASCII_INPUT/ascii_input.v Line: 38
Info (286030): Timing-Driven Synthesis is running
Info (144001): Generated suppressed messages file D:/data/Homework/FPGA/Exp/Exp11/ASCII_INPUT/ASCII_INPUT.map.smsg
Info (16010): Generating hard_block partition "hard_block:auto_generated_inst"
    Info (16011): Adding 0 node(s), including 0 DDIO, 0 PLL, 0 transceiver and 0 LCELL
Warning (21074): Design contains 17 input pin(s) that do not drive logic
    Warning (15610): No output dependent on input pin "CLOCK3_50" File: D:/data/Homework/FPGA/Exp/Exp11/ASCII_INPUT/ascii_input.v Line: 10
    Warning (15610): No output dependent on input pin "CLOCK4_50" File: D:/data/Homework/FPGA/Exp/Exp11/ASCII_INPUT/ascii_input.v Line: 11
    Warning (15610): No output dependent on input pin "CLOCK_50" File: D:/data/Homework/FPGA/Exp/Exp11/ASCII_INPUT/ascii_input.v Line: 12
    Warning (15610): No output dependent on input pin "KEY[0]" File: D:/data/Homework/FPGA/Exp/Exp11/ASCII_INPUT/ascii_input.v Line: 15
    Warning (15610): No output dependent on input pin "KEY[1]" File: D:/data/Homework/FPGA/Exp/Exp11/ASCII_INPUT/ascii_input.v Line: 15
    Warning (15610): No output dependent on input pin "KEY[2]" File: D:/data/Homework/FPGA/Exp/Exp11/ASCII_INPUT/ascii_input.v Line: 15
    Warning (15610): No output dependent on input pin "KEY[3]" File: D:/data/Homework/FPGA/Exp/Exp11/ASCII_INPUT/ascii_input.v Line: 15
    Warning (15610): No output dependent on input pin "SW[0]" File: D:/data/Homework/FPGA/Exp/Exp11/ASCII_INPUT/ascii_input.v Line: 18
    Warning (15610): No output dependent on input pin "SW[1]" File: D:/data/Homework/FPGA/Exp/Exp11/ASCII_INPUT/ascii_input.v Line: 18
    Warning (15610): No output dependent on input pin "SW[2]" File: D:/data/Homework/FPGA/Exp/Exp11/ASCII_INPUT/ascii_input.v Line: 18
    Warning (15610): No output dependent on input pin "SW[3]" File: D:/data/Homework/FPGA/Exp/Exp11/ASCII_INPUT/ascii_input.v Line: 18
    Warning (15610): No output dependent on input pin "SW[4]" File: D:/data/Homework/FPGA/Exp/Exp11/ASCII_INPUT/ascii_input.v Line: 18
    Warning (15610): No output dependent on input pin "SW[5]" File: D:/data/Homework/FPGA/Exp/Exp11/ASCII_INPUT/ascii_input.v Line: 18
    Warning (15610): No output dependent on input pin "SW[6]" File: D:/data/Homework/FPGA/Exp/Exp11/ASCII_INPUT/ascii_input.v Line: 18
    Warning (15610): No output dependent on input pin "SW[7]" File: D:/data/Homework/FPGA/Exp/Exp11/ASCII_INPUT/ascii_input.v Line: 18
    Warning (15610): No output dependent on input pin "SW[8]" File: D:/data/Homework/FPGA/Exp/Exp11/ASCII_INPUT/ascii_input.v Line: 18
    Warning (15610): No output dependent on input pin "SW[9]" File: D:/data/Homework/FPGA/Exp/Exp11/ASCII_INPUT/ascii_input.v Line: 18
Info (21057): Implemented 837 device resources after synthesis - the final resource count might be different
    Info (21058): Implemented 18 input pins
    Info (21059): Implemented 81 output pins
    Info (21060): Implemented 4 bidirectional pins
    Info (21061): Implemented 713 logic cells
    Info (21064): Implemented 19 RAM segments
    Info (21062): Implemented 2 DSP elements
Info: Quartus Prime Analysis & Synthesis was successful. 0 errors, 55 warnings
    Info: Peak virtual memory: 4857 megabytes
    Info: Processing ended: Mon Nov 30 14:28:10 2020
    Info: Elapsed time: 00:00:18
    Info: Total CPU time (on all processors): 00:00:36


+------------------------------------------+
; Analysis & Synthesis Suppressed Messages ;
+------------------------------------------+
The suppressed messages can be found in D:/data/Homework/FPGA/Exp/Exp11/ASCII_INPUT/ASCII_INPUT.map.smsg.


