Analysis & Synthesis report for clk
Mon Oct 12 14:02:08 2020
Quartus Prime Version 17.1.0 Build 590 10/25/2017 SJ Lite Edition


---------------------
; Table of Contents ;
---------------------
  1. Legal Notice
  2. Analysis & Synthesis Summary
  3. Analysis & Synthesis Settings
  4. Parallel Compilation
  5. Analysis & Synthesis Source Files Read
  6. Analysis & Synthesis Resource Usage Summary
  7. Analysis & Synthesis Resource Utilization by Entity
  8. General Register Statistics
  9. Multiplexer Restructuring Statistics (Restructuring Performed)
 10. Parameter Settings for User Entity Instance: div:div1
 11. Parameter Settings for User Entity Instance: div:div2
 12. Parameter Settings for Inferred Entity Instance: decode_hex:hex1|lpm_divide:Mod0
 13. Parameter Settings for Inferred Entity Instance: decode_hex:hex1|lpm_divide:Mod1
 14. Parameter Settings for Inferred Entity Instance: decode_hex:hex1|lpm_divide:Div1
 15. Parameter Settings for Inferred Entity Instance: decode_hex:hex1|lpm_divide:Mod2
 16. Parameter Settings for Inferred Entity Instance: decode_hex:hex1|lpm_divide:Mod3
 17. Parameter Settings for Inferred Entity Instance: decode_hex:hex1|lpm_divide:Div3
 18. Parameter Settings for Inferred Entity Instance: decode_hex:hex1|lpm_divide:Mod4
 19. Parameter Settings for Inferred Entity Instance: decode_hex:hex1|lpm_divide:Div4
 20. Port Connectivity Checks: "decode_hex:hex1"
 21. Post-Synthesis Netlist Statistics for Top Partition
 22. Elapsed Time Per Partition
 23. Analysis & Synthesis Messages
 24. Analysis & Synthesis Suppressed Messages



----------------
; Legal Notice ;
----------------
Copyright (C) 2017  Intel Corporation. All rights reserved.
Your use of Intel Corporation's design tools, logic functions 
and other software and tools, and its AMPP partner logic 
functions, and any output files from any of the foregoing 
(including device programming or simulation files), and any 
associated documentation or information are expressly subject 
to the terms and conditions of the Intel Program License 
Subscription Agreement, the Intel Quartus Prime License Agreement,
the Intel FPGA IP License Agreement, or other applicable license
agreement, including, without limitation, that your use is for
the sole purpose of programming logic devices manufactured by
Intel and sold by Intel or its authorized distributors.  Please
refer to the applicable agreement for further details.



+-------------------------------------------------------------------------------+
; Analysis & Synthesis Summary                                                  ;
+---------------------------------+---------------------------------------------+
; Analysis & Synthesis Status     ; Successful - Mon Oct 12 14:02:08 2020       ;
; Quartus Prime Version           ; 17.1.0 Build 590 10/25/2017 SJ Lite Edition ;
; Revision Name                   ; clk                                         ;
; Top-level Entity Name           ; clk                                         ;
; Family                          ; Cyclone V                                   ;
; Logic utilization (in ALMs)     ; N/A                                         ;
; Total registers                 ; 113                                         ;
; Total pins                      ; 70                                          ;
; Total virtual pins              ; 0                                           ;
; Total block memory bits         ; 0                                           ;
; Total DSP Blocks                ; 0                                           ;
; Total HSSI RX PCSs              ; 0                                           ;
; Total HSSI PMA RX Deserializers ; 0                                           ;
; Total HSSI TX PCSs              ; 0                                           ;
; Total HSSI PMA TX Serializers   ; 0                                           ;
; Total PLLs                      ; 0                                           ;
; Total DLLs                      ; 0                                           ;
+---------------------------------+---------------------------------------------+


+---------------------------------------------------------------------------------------------------------------------------+
; Analysis & Synthesis Settings                                                                                             ;
+---------------------------------------------------------------------------------+--------------------+--------------------+
; Option                                                                          ; Setting            ; Default Value      ;
+---------------------------------------------------------------------------------+--------------------+--------------------+
; Device                                                                          ; 5CSXFC6D6F31C6     ;                    ;
; Top-level entity name                                                           ; clk                ; clk                ;
; Family name                                                                     ; Cyclone V          ; Cyclone V          ;
; Use smart compilation                                                           ; Off                ; Off                ;
; Enable parallel Assembler and TimeQuest Timing Analyzer during compilation      ; On                 ; On                 ;
; Enable compact report table                                                     ; Off                ; Off                ;
; Restructure Multiplexers                                                        ; Auto               ; Auto               ;
; MLAB Add Timing Constraints For Mixed-Port Feed-Through Mode Setting Don't Care ; Off                ; Off                ;
; Create Debugging Nodes for IP Cores                                             ; Off                ; Off                ;
; Preserve fewer node names                                                       ; On                 ; On                 ;
; Intel FPGA IP Evaluation Mode                                                   ; Enable             ; Enable             ;
; Verilog Version                                                                 ; Verilog_2001       ; Verilog_2001       ;
; VHDL Version                                                                    ; VHDL_1993          ; VHDL_1993          ;
; State Machine Processing                                                        ; Auto               ; Auto               ;
; Safe State Machine                                                              ; Off                ; Off                ;
; Extract Verilog State Machines                                                  ; On                 ; On                 ;
; Extract VHDL State Machines                                                     ; On                 ; On                 ;
; Ignore Verilog initial constructs                                               ; Off                ; Off                ;
; Iteration limit for constant Verilog loops                                      ; 5000               ; 5000               ;
; Iteration limit for non-constant Verilog loops                                  ; 250                ; 250                ;
; Add Pass-Through Logic to Inferred RAMs                                         ; On                 ; On                 ;
; Infer RAMs from Raw Logic                                                       ; On                 ; On                 ;
; Parallel Synthesis                                                              ; On                 ; On                 ;
; DSP Block Balancing                                                             ; Auto               ; Auto               ;
; NOT Gate Push-Back                                                              ; On                 ; On                 ;
; Power-Up Don't Care                                                             ; On                 ; On                 ;
; Remove Redundant Logic Cells                                                    ; Off                ; Off                ;
; Remove Duplicate Registers                                                      ; On                 ; On                 ;
; Ignore CARRY Buffers                                                            ; Off                ; Off                ;
; Ignore CASCADE Buffers                                                          ; Off                ; Off                ;
; Ignore GLOBAL Buffers                                                           ; Off                ; Off                ;
; Ignore ROW GLOBAL Buffers                                                       ; Off                ; Off                ;
; Ignore LCELL Buffers                                                            ; Off                ; Off                ;
; Ignore SOFT Buffers                                                             ; On                 ; On                 ;
; Limit AHDL Integers to 32 Bits                                                  ; Off                ; Off                ;
; Optimization Technique                                                          ; Balanced           ; Balanced           ;
; Carry Chain Length                                                              ; 70                 ; 70                 ;
; Auto Carry Chains                                                               ; On                 ; On                 ;
; Auto Open-Drain Pins                                                            ; On                 ; On                 ;
; Perform WYSIWYG Primitive Resynthesis                                           ; Off                ; Off                ;
; Auto ROM Replacement                                                            ; On                 ; On                 ;
; Auto RAM Replacement                                                            ; On                 ; On                 ;
; Auto DSP Block Replacement                                                      ; On                 ; On                 ;
; Auto Shift Register Replacement                                                 ; Auto               ; Auto               ;
; Allow Shift Register Merging across Hierarchies                                 ; Auto               ; Auto               ;
; Auto Clock Enable Replacement                                                   ; On                 ; On                 ;
; Strict RAM Replacement                                                          ; Off                ; Off                ;
; Allow Synchronous Control Signals                                               ; On                 ; On                 ;
; Force Use of Synchronous Clear Signals                                          ; Off                ; Off                ;
; Auto Resource Sharing                                                           ; Off                ; Off                ;
; Allow Any RAM Size For Recognition                                              ; Off                ; Off                ;
; Allow Any ROM Size For Recognition                                              ; Off                ; Off                ;
; Allow Any Shift Register Size For Recognition                                   ; Off                ; Off                ;
; Use LogicLock Constraints during Resource Balancing                             ; On                 ; On                 ;
; Ignore translate_off and synthesis_off directives                               ; Off                ; Off                ;
; Timing-Driven Synthesis                                                         ; On                 ; On                 ;
; Report Parameter Settings                                                       ; On                 ; On                 ;
; Report Source Assignments                                                       ; On                 ; On                 ;
; Report Connectivity Checks                                                      ; On                 ; On                 ;
; Ignore Maximum Fan-Out Assignments                                              ; Off                ; Off                ;
; Synchronization Register Chain Length                                           ; 3                  ; 3                  ;
; Power Optimization During Synthesis                                             ; Normal compilation ; Normal compilation ;
; HDL message level                                                               ; Level2             ; Level2             ;
; Suppress Register Optimization Related Messages                                 ; Off                ; Off                ;
; Number of Removed Registers Reported in Synthesis Report                        ; 5000               ; 5000               ;
; Number of Swept Nodes Reported in Synthesis Report                              ; 5000               ; 5000               ;
; Number of Inverted Registers Reported in Synthesis Report                       ; 100                ; 100                ;
; Clock MUX Protection                                                            ; On                 ; On                 ;
; Auto Gated Clock Conversion                                                     ; Off                ; Off                ;
; Block Design Naming                                                             ; Auto               ; Auto               ;
; SDC constraint protection                                                       ; Off                ; Off                ;
; Synthesis Effort                                                                ; Auto               ; Auto               ;
; Shift Register Replacement - Allow Asynchronous Clear Signal                    ; On                 ; On                 ;
; Pre-Mapping Resynthesis Optimization                                            ; Off                ; Off                ;
; Analysis & Synthesis Message Level                                              ; Medium             ; Medium             ;
; Disable Register Merging Across Hierarchies                                     ; Auto               ; Auto               ;
; Resource Aware Inference For Block RAM                                          ; On                 ; On                 ;
; Automatic Parallel Synthesis                                                    ; On                 ; On                 ;
; Partial Reconfiguration Bitstream ID                                            ; Off                ; Off                ;
+---------------------------------------------------------------------------------+--------------------+--------------------+


+------------------------------------------+
; Parallel Compilation                     ;
+----------------------------+-------------+
; Processors                 ; Number      ;
+----------------------------+-------------+
; Number detected on machine ; 8           ;
; Maximum allowed            ; 4           ;
;                            ;             ;
; Average used               ; 1.00        ;
; Maximum used               ; 4           ;
;                            ;             ;
; Usage by Processor         ; % Time Used ;
;     Processor 1            ; 100.0%      ;
;     Processor 2            ;   0.0%      ;
;     Processor 3            ;   0.0%      ;
;     Processor 4            ;   0.0%      ;
+----------------------------+-------------+


+--------------------------------------------------------------------------------------------------------------------------------------------------------------------------+
; Analysis & Synthesis Source Files Read                                                                                                                                   ;
+----------------------------------+-----------------+------------------------------+----------------------------------------------------------------------------+---------+
; File Name with User-Entered Path ; Used in Netlist ; File Type                    ; File Name with Absolute Path                                               ; Library ;
+----------------------------------+-----------------+------------------------------+----------------------------------------------------------------------------+---------+
; div.v                            ; yes             ; User Verilog HDL File        ; D:/data/Homework/FPGA/Exp/Exp5/clk/div.v                                   ;         ;
; decode_hex.v                     ; yes             ; User Verilog HDL File        ; D:/data/Homework/FPGA/Exp/Exp5/clk/decode_hex.v                            ;         ;
; clock.v                          ; yes             ; User Verilog HDL File        ; D:/data/Homework/FPGA/Exp/Exp5/clk/clock.v                                 ;         ;
; Timer.v                          ; yes             ; User Verilog HDL File        ; D:/data/Homework/FPGA/Exp/Exp5/clk/Timer.v                                 ;         ;
; alarm.v                          ; yes             ; User Verilog HDL File        ; D:/data/Homework/FPGA/Exp/Exp5/clk/alarm.v                                 ;         ;
; clk.v                            ; yes             ; Auto-Found Verilog HDL File  ; D:/data/Homework/FPGA/Exp/Exp5/clk/clk.v                                   ;         ;
; lpm_divide.tdf                   ; yes             ; Megafunction                 ; d:/intelfpga_lite/17.1/quartus/libraries/megafunctions/lpm_divide.tdf      ;         ;
; abs_divider.inc                  ; yes             ; Megafunction                 ; d:/intelfpga_lite/17.1/quartus/libraries/megafunctions/abs_divider.inc     ;         ;
; sign_div_unsign.inc              ; yes             ; Megafunction                 ; d:/intelfpga_lite/17.1/quartus/libraries/megafunctions/sign_div_unsign.inc ;         ;
; aglobal171.inc                   ; yes             ; Megafunction                 ; d:/intelfpga_lite/17.1/quartus/libraries/megafunctions/aglobal171.inc      ;         ;
; db/lpm_divide_i3m.tdf            ; yes             ; Auto-Generated Megafunction  ; D:/data/Homework/FPGA/Exp/Exp5/clk/db/lpm_divide_i3m.tdf                   ;         ;
; db/sign_div_unsign_llh.tdf       ; yes             ; Auto-Generated Megafunction  ; D:/data/Homework/FPGA/Exp/Exp5/clk/db/sign_div_unsign_llh.tdf              ;         ;
; db/alt_u_div_gve.tdf             ; yes             ; Auto-Generated Megafunction  ; D:/data/Homework/FPGA/Exp/Exp5/clk/db/alt_u_div_gve.tdf                    ;         ;
; db/lpm_divide_l3m.tdf            ; yes             ; Auto-Generated Megafunction  ; D:/data/Homework/FPGA/Exp/Exp5/clk/db/lpm_divide_l3m.tdf                   ;         ;
; db/sign_div_unsign_olh.tdf       ; yes             ; Auto-Generated Megafunction  ; D:/data/Homework/FPGA/Exp/Exp5/clk/db/sign_div_unsign_olh.tdf              ;         ;
; db/alt_u_div_mve.tdf             ; yes             ; Auto-Generated Megafunction  ; D:/data/Homework/FPGA/Exp/Exp5/clk/db/alt_u_div_mve.tdf                    ;         ;
; db/lpm_divide_ibm.tdf            ; yes             ; Auto-Generated Megafunction  ; D:/data/Homework/FPGA/Exp/Exp5/clk/db/lpm_divide_ibm.tdf                   ;         ;
; db/lpm_divide_k3m.tdf            ; yes             ; Auto-Generated Megafunction  ; D:/data/Homework/FPGA/Exp/Exp5/clk/db/lpm_divide_k3m.tdf                   ;         ;
; db/sign_div_unsign_nlh.tdf       ; yes             ; Auto-Generated Megafunction  ; D:/data/Homework/FPGA/Exp/Exp5/clk/db/sign_div_unsign_nlh.tdf              ;         ;
; db/alt_u_div_kve.tdf             ; yes             ; Auto-Generated Megafunction  ; D:/data/Homework/FPGA/Exp/Exp5/clk/db/alt_u_div_kve.tdf                    ;         ;
; db/lpm_divide_62m.tdf            ; yes             ; Auto-Generated Megafunction  ; D:/data/Homework/FPGA/Exp/Exp5/clk/db/lpm_divide_62m.tdf                   ;         ;
; db/sign_div_unsign_9kh.tdf       ; yes             ; Auto-Generated Megafunction  ; D:/data/Homework/FPGA/Exp/Exp5/clk/db/sign_div_unsign_9kh.tdf              ;         ;
; db/alt_u_div_ose.tdf             ; yes             ; Auto-Generated Megafunction  ; D:/data/Homework/FPGA/Exp/Exp5/clk/db/alt_u_div_ose.tdf                    ;         ;
; db/lpm_divide_hbm.tdf            ; yes             ; Auto-Generated Megafunction  ; D:/data/Homework/FPGA/Exp/Exp5/clk/db/lpm_divide_hbm.tdf                   ;         ;
; db/lpm_divide_fbm.tdf            ; yes             ; Auto-Generated Megafunction  ; D:/data/Homework/FPGA/Exp/Exp5/clk/db/lpm_divide_fbm.tdf                   ;         ;
+----------------------------------+-----------------+------------------------------+----------------------------------------------------------------------------+---------+


+-----------------------------------------------------------+
; Analysis & Synthesis Resource Usage Summary               ;
+---------------------------------------------+-------------+
; Resource                                    ; Usage       ;
+---------------------------------------------+-------------+
; Estimate of Logic utilization (ALMs needed) ; 952         ;
;                                             ;             ;
; Combinational ALUT usage for logic          ; 1831        ;
;     -- 7 input functions                    ; 0           ;
;     -- 6 input functions                    ; 73          ;
;     -- 5 input functions                    ; 139         ;
;     -- 4 input functions                    ; 201         ;
;     -- <=3 input functions                  ; 1418        ;
;                                             ;             ;
; Dedicated logic registers                   ; 113         ;
;                                             ;             ;
; I/O pins                                    ; 70          ;
;                                             ;             ;
; Total DSP Blocks                            ; 0           ;
;                                             ;             ;
; Maximum fan-out node                        ; SW[1]~input ;
; Maximum fan-out                             ; 198         ;
; Total fan-out                               ; 6181        ;
; Average fan-out                             ; 2.97        ;
+---------------------------------------------+-------------+


+----------------------------------------------------------------------------------------------------------------------------------------------------------------------------------------------------------------------------------------------------------------------------------------------------------------+
; Analysis & Synthesis Resource Utilization by Entity                                                                                                                                                                                                                                                            ;
+-------------------------------------------+---------------------+---------------------------+-------------------+------------+------+--------------+----------------------------------------------------------------------------------------------------------------------+---------------------+--------------+
; Compilation Hierarchy Node                ; Combinational ALUTs ; Dedicated Logic Registers ; Block Memory Bits ; DSP Blocks ; Pins ; Virtual Pins ; Full Hierarchy Name                                                                                                  ; Entity Name         ; Library Name ;
+-------------------------------------------+---------------------+---------------------------+-------------------+------------+------+--------------+----------------------------------------------------------------------------------------------------------------------+---------------------+--------------+
; |clk                                      ; 1831 (66)           ; 113 (0)                   ; 0                 ; 0          ; 70   ; 0            ; |clk                                                                                                                 ; clk                 ; work         ;
;    |Timer:timer1|                         ; 117 (117)           ; 21 (21)                   ; 0                 ; 0          ; 0    ; 0            ; |clk|Timer:timer1                                                                                                    ; Timer               ; work         ;
;    |alarm:alarm1|                         ; 104 (104)           ; 20 (20)                   ; 0                 ; 0          ; 0    ; 0            ; |clk|alarm:alarm1                                                                                                    ; alarm               ; work         ;
;    |clock:clock1|                         ; 125 (125)           ; 20 (20)                   ; 0                 ; 0          ; 0    ; 0            ; |clk|clock:clock1                                                                                                    ; clock               ; work         ;
;    |decode_hex:hex1|                      ; 1357 (57)           ; 0 (0)                     ; 0                 ; 0          ; 0    ; 0            ; |clk|decode_hex:hex1                                                                                                 ; decode_hex          ; work         ;
;       |lpm_divide:Div1|                   ; 239 (0)             ; 0 (0)                     ; 0                 ; 0          ; 0    ; 0            ; |clk|decode_hex:hex1|lpm_divide:Div1                                                                                 ; lpm_divide          ; work         ;
;          |lpm_divide_ibm:auto_generated|  ; 239 (0)             ; 0 (0)                     ; 0                 ; 0          ; 0    ; 0            ; |clk|decode_hex:hex1|lpm_divide:Div1|lpm_divide_ibm:auto_generated                                                   ; lpm_divide_ibm      ; work         ;
;             |sign_div_unsign_olh:divider| ; 239 (0)             ; 0 (0)                     ; 0                 ; 0          ; 0    ; 0            ; |clk|decode_hex:hex1|lpm_divide:Div1|lpm_divide_ibm:auto_generated|sign_div_unsign_olh:divider                       ; sign_div_unsign_olh ; work         ;
;                |alt_u_div_mve:divider|    ; 239 (239)           ; 0 (0)                     ; 0                 ; 0          ; 0    ; 0            ; |clk|decode_hex:hex1|lpm_divide:Div1|lpm_divide_ibm:auto_generated|sign_div_unsign_olh:divider|alt_u_div_mve:divider ; alt_u_div_mve       ; work         ;
;       |lpm_divide:Div3|                   ; 177 (0)             ; 0 (0)                     ; 0                 ; 0          ; 0    ; 0            ; |clk|decode_hex:hex1|lpm_divide:Div3                                                                                 ; lpm_divide          ; work         ;
;          |lpm_divide_hbm:auto_generated|  ; 177 (0)             ; 0 (0)                     ; 0                 ; 0          ; 0    ; 0            ; |clk|decode_hex:hex1|lpm_divide:Div3|lpm_divide_hbm:auto_generated                                                   ; lpm_divide_hbm      ; work         ;
;             |sign_div_unsign_nlh:divider| ; 177 (0)             ; 0 (0)                     ; 0                 ; 0          ; 0    ; 0            ; |clk|decode_hex:hex1|lpm_divide:Div3|lpm_divide_hbm:auto_generated|sign_div_unsign_nlh:divider                       ; sign_div_unsign_nlh ; work         ;
;                |alt_u_div_kve:divider|    ; 177 (177)           ; 0 (0)                     ; 0                 ; 0          ; 0    ; 0            ; |clk|decode_hex:hex1|lpm_divide:Div3|lpm_divide_hbm:auto_generated|sign_div_unsign_nlh:divider|alt_u_div_kve:divider ; alt_u_div_kve       ; work         ;
;       |lpm_divide:Div4|                   ; 111 (0)             ; 0 (0)                     ; 0                 ; 0          ; 0    ; 0            ; |clk|decode_hex:hex1|lpm_divide:Div4                                                                                 ; lpm_divide          ; work         ;
;          |lpm_divide_fbm:auto_generated|  ; 111 (0)             ; 0 (0)                     ; 0                 ; 0          ; 0    ; 0            ; |clk|decode_hex:hex1|lpm_divide:Div4|lpm_divide_fbm:auto_generated                                                   ; lpm_divide_fbm      ; work         ;
;             |sign_div_unsign_llh:divider| ; 111 (0)             ; 0 (0)                     ; 0                 ; 0          ; 0    ; 0            ; |clk|decode_hex:hex1|lpm_divide:Div4|lpm_divide_fbm:auto_generated|sign_div_unsign_llh:divider                       ; sign_div_unsign_llh ; work         ;
;                |alt_u_div_gve:divider|    ; 111 (111)           ; 0 (0)                     ; 0                 ; 0          ; 0    ; 0            ; |clk|decode_hex:hex1|lpm_divide:Div4|lpm_divide_fbm:auto_generated|sign_div_unsign_llh:divider|alt_u_div_gve:divider ; alt_u_div_gve       ; work         ;
;       |lpm_divide:Mod0|                   ; 186 (0)             ; 0 (0)                     ; 0                 ; 0          ; 0    ; 0            ; |clk|decode_hex:hex1|lpm_divide:Mod0                                                                                 ; lpm_divide          ; work         ;
;          |lpm_divide_i3m:auto_generated|  ; 186 (0)             ; 0 (0)                     ; 0                 ; 0          ; 0    ; 0            ; |clk|decode_hex:hex1|lpm_divide:Mod0|lpm_divide_i3m:auto_generated                                                   ; lpm_divide_i3m      ; work         ;
;             |sign_div_unsign_llh:divider| ; 186 (0)             ; 0 (0)                     ; 0                 ; 0          ; 0    ; 0            ; |clk|decode_hex:hex1|lpm_divide:Mod0|lpm_divide_i3m:auto_generated|sign_div_unsign_llh:divider                       ; sign_div_unsign_llh ; work         ;
;                |alt_u_div_gve:divider|    ; 186 (186)           ; 0 (0)                     ; 0                 ; 0          ; 0    ; 0            ; |clk|decode_hex:hex1|lpm_divide:Mod0|lpm_divide_i3m:auto_generated|sign_div_unsign_llh:divider|alt_u_div_gve:divider ; alt_u_div_gve       ; work         ;
;       |lpm_divide:Mod1|                   ; 246 (0)             ; 0 (0)                     ; 0                 ; 0          ; 0    ; 0            ; |clk|decode_hex:hex1|lpm_divide:Mod1                                                                                 ; lpm_divide          ; work         ;
;          |lpm_divide_l3m:auto_generated|  ; 246 (0)             ; 0 (0)                     ; 0                 ; 0          ; 0    ; 0            ; |clk|decode_hex:hex1|lpm_divide:Mod1|lpm_divide_l3m:auto_generated                                                   ; lpm_divide_l3m      ; work         ;
;             |sign_div_unsign_olh:divider| ; 246 (0)             ; 0 (0)                     ; 0                 ; 0          ; 0    ; 0            ; |clk|decode_hex:hex1|lpm_divide:Mod1|lpm_divide_l3m:auto_generated|sign_div_unsign_olh:divider                       ; sign_div_unsign_olh ; work         ;
;                |alt_u_div_mve:divider|    ; 246 (246)           ; 0 (0)                     ; 0                 ; 0          ; 0    ; 0            ; |clk|decode_hex:hex1|lpm_divide:Mod1|lpm_divide_l3m:auto_generated|sign_div_unsign_olh:divider|alt_u_div_mve:divider ; alt_u_div_mve       ; work         ;
;       |lpm_divide:Mod2|                   ; 197 (0)             ; 0 (0)                     ; 0                 ; 0          ; 0    ; 0            ; |clk|decode_hex:hex1|lpm_divide:Mod2                                                                                 ; lpm_divide          ; work         ;
;          |lpm_divide_k3m:auto_generated|  ; 197 (0)             ; 0 (0)                     ; 0                 ; 0          ; 0    ; 0            ; |clk|decode_hex:hex1|lpm_divide:Mod2|lpm_divide_k3m:auto_generated                                                   ; lpm_divide_k3m      ; work         ;
;             |sign_div_unsign_nlh:divider| ; 197 (0)             ; 0 (0)                     ; 0                 ; 0          ; 0    ; 0            ; |clk|decode_hex:hex1|lpm_divide:Mod2|lpm_divide_k3m:auto_generated|sign_div_unsign_nlh:divider                       ; sign_div_unsign_nlh ; work         ;
;                |alt_u_div_kve:divider|    ; 197 (197)           ; 0 (0)                     ; 0                 ; 0          ; 0    ; 0            ; |clk|decode_hex:hex1|lpm_divide:Mod2|lpm_divide_k3m:auto_generated|sign_div_unsign_nlh:divider|alt_u_div_kve:divider ; alt_u_div_kve       ; work         ;
;       |lpm_divide:Mod3|                   ; 29 (0)              ; 0 (0)                     ; 0                 ; 0          ; 0    ; 0            ; |clk|decode_hex:hex1|lpm_divide:Mod3                                                                                 ; lpm_divide          ; work         ;
;          |lpm_divide_62m:auto_generated|  ; 29 (0)              ; 0 (0)                     ; 0                 ; 0          ; 0    ; 0            ; |clk|decode_hex:hex1|lpm_divide:Mod3|lpm_divide_62m:auto_generated                                                   ; lpm_divide_62m      ; work         ;
;             |sign_div_unsign_9kh:divider| ; 29 (0)              ; 0 (0)                     ; 0                 ; 0          ; 0    ; 0            ; |clk|decode_hex:hex1|lpm_divide:Mod3|lpm_divide_62m:auto_generated|sign_div_unsign_9kh:divider                       ; sign_div_unsign_9kh ; work         ;
;                |alt_u_div_ose:divider|    ; 29 (29)             ; 0 (0)                     ; 0                 ; 0          ; 0    ; 0            ; |clk|decode_hex:hex1|lpm_divide:Mod3|lpm_divide_62m:auto_generated|sign_div_unsign_9kh:divider|alt_u_div_ose:divider ; alt_u_div_ose       ; work         ;
;       |lpm_divide:Mod4|                   ; 115 (0)             ; 0 (0)                     ; 0                 ; 0          ; 0    ; 0            ; |clk|decode_hex:hex1|lpm_divide:Mod4                                                                                 ; lpm_divide          ; work         ;
;          |lpm_divide_i3m:auto_generated|  ; 115 (0)             ; 0 (0)                     ; 0                 ; 0          ; 0    ; 0            ; |clk|decode_hex:hex1|lpm_divide:Mod4|lpm_divide_i3m:auto_generated                                                   ; lpm_divide_i3m      ; work         ;
;             |sign_div_unsign_llh:divider| ; 115 (0)             ; 0 (0)                     ; 0                 ; 0          ; 0    ; 0            ; |clk|decode_hex:hex1|lpm_divide:Mod4|lpm_divide_i3m:auto_generated|sign_div_unsign_llh:divider                       ; sign_div_unsign_llh ; work         ;
;                |alt_u_div_gve:divider|    ; 115 (115)           ; 0 (0)                     ; 0                 ; 0          ; 0    ; 0            ; |clk|decode_hex:hex1|lpm_divide:Mod4|lpm_divide_i3m:auto_generated|sign_div_unsign_llh:divider|alt_u_div_gve:divider ; alt_u_div_gve       ; work         ;
;    |div:div1|                             ; 31 (31)             ; 26 (26)                   ; 0                 ; 0          ; 0    ; 0            ; |clk|div:div1                                                                                                        ; div                 ; work         ;
;    |div:div2|                             ; 31 (31)             ; 26 (26)                   ; 0                 ; 0          ; 0    ; 0            ; |clk|div:div2                                                                                                        ; div                 ; work         ;
+-------------------------------------------+---------------------+---------------------------+-------------------+------------+------+--------------+----------------------------------------------------------------------------------------------------------------------+---------------------+--------------+
Note: For table entries with two numbers listed, the numbers in parentheses indicate the number of resources of the given type used by the specific entity alone. The numbers listed outside of parentheses indicate the total resources of the given type used by the specific entity and all of its sub-entities in the hierarchy.


+------------------------------------------------------+
; General Register Statistics                          ;
+----------------------------------------------+-------+
; Statistic                                    ; Value ;
+----------------------------------------------+-------+
; Total registers                              ; 113   ;
; Number of registers using Synchronous Clear  ; 50    ;
; Number of registers using Synchronous Load   ; 16    ;
; Number of registers using Asynchronous Clear ; 21    ;
; Number of registers using Asynchronous Load  ; 0     ;
; Number of registers using Clock Enable       ; 58    ;
; Number of registers using Preset             ; 0     ;
+----------------------------------------------+-------+


+-------------------------------------------------------------------------------------------------------------------------------------------+
; Multiplexer Restructuring Statistics (Restructuring Performed)                                                                            ;
+--------------------+-----------+---------------+----------------------+------------------------+------------+-----------------------------+
; Multiplexer Inputs ; Bus Width ; Baseline Area ; Area if Restructured ; Saving if Restructured ; Registered ; Example Multiplexer Output  ;
+--------------------+-----------+---------------+----------------------+------------------------+------------+-----------------------------+
; 3:1                ; 2 bits    ; 4 LEs         ; 2 LEs                ; 2 LEs                  ; Yes        ; |clk|alarm:alarm1|count[0]  ;
; 4:1                ; 2 bits    ; 4 LEs         ; 4 LEs                ; 0 LEs                  ; Yes        ; |clk|alarm:alarm1|count[2]  ;
; 5:1                ; 16 bits   ; 48 LEs        ; 32 LEs               ; 16 LEs                 ; Yes        ; |clk|alarm:alarm1|count[4]  ;
; 6:1                ; 2 bits    ; 8 LEs         ; 4 LEs                ; 4 LEs                  ; Yes        ; |clk|clock:clock1|count[2]  ;
; 8:1                ; 16 bits   ; 80 LEs        ; 48 LEs               ; 32 LEs                 ; Yes        ; |clk|clock:clock1|count[18] ;
; 3:1                ; 20 bits   ; 40 LEs        ; 40 LEs               ; 0 LEs                  ; No         ; |clk|count[0]               ;
+--------------------+-----------+---------------+----------------------+------------------------+------------+-----------------------------+


+-------------------------------------------------------+
; Parameter Settings for User Entity Instance: div:div1 ;
+----------------+----------+---------------------------+
; Parameter Name ; Value    ; Type                      ;
+----------------+----------+---------------------------+
; max            ; 25000000 ; Signed Integer            ;
+----------------+----------+---------------------------+
Note: In order to hide this table in the UI and the text report file, please set the "Show Parameter Settings in Synthesis Report" option in "Analysis and Synthesis Settings -> More Settings" to "Off".


+-------------------------------------------------------+
; Parameter Settings for User Entity Instance: div:div2 ;
+----------------+--------+-----------------------------+
; Parameter Name ; Value  ; Type                        ;
+----------------+--------+-----------------------------+
; max            ; 250000 ; Signed Integer              ;
+----------------+--------+-----------------------------+
Note: In order to hide this table in the UI and the text report file, please set the "Show Parameter Settings in Synthesis Report" option in "Analysis and Synthesis Settings -> More Settings" to "Off".


+----------------------------------------------------------------------------------+
; Parameter Settings for Inferred Entity Instance: decode_hex:hex1|lpm_divide:Mod0 ;
+------------------------+----------------+----------------------------------------+
; Parameter Name         ; Value          ; Type                                   ;
+------------------------+----------------+----------------------------------------+
; LPM_WIDTHN             ; 20             ; Untyped                                ;
; LPM_WIDTHD             ; 4              ; Untyped                                ;
; LPM_NREPRESENTATION    ; UNSIGNED       ; Untyped                                ;
; LPM_DREPRESENTATION    ; UNSIGNED       ; Untyped                                ;
; LPM_PIPELINE           ; 0              ; Untyped                                ;
; LPM_REMAINDERPOSITIVE  ; TRUE           ; Untyped                                ;
; MAXIMIZE_SPEED         ; 5              ; Untyped                                ;
; CBXI_PARAMETER         ; lpm_divide_i3m ; Untyped                                ;
; CARRY_CHAIN            ; MANUAL         ; Untyped                                ;
; OPTIMIZE_FOR_SPEED     ; 5              ; Untyped                                ;
; AUTO_CARRY_CHAINS      ; ON             ; AUTO_CARRY                             ;
; IGNORE_CARRY_BUFFERS   ; OFF            ; IGNORE_CARRY                           ;
; AUTO_CASCADE_CHAINS    ; ON             ; AUTO_CASCADE                           ;
; IGNORE_CASCADE_BUFFERS ; OFF            ; IGNORE_CASCADE                         ;
+------------------------+----------------+----------------------------------------+
Note: In order to hide this table in the UI and the text report file, please set the "Show Parameter Settings in Synthesis Report" option in "Analysis and Synthesis Settings -> More Settings" to "Off".


+----------------------------------------------------------------------------------+
; Parameter Settings for Inferred Entity Instance: decode_hex:hex1|lpm_divide:Mod1 ;
+------------------------+----------------+----------------------------------------+
; Parameter Name         ; Value          ; Type                                   ;
+------------------------+----------------+----------------------------------------+
; LPM_WIDTHN             ; 20             ; Untyped                                ;
; LPM_WIDTHD             ; 7              ; Untyped                                ;
; LPM_NREPRESENTATION    ; UNSIGNED       ; Untyped                                ;
; LPM_DREPRESENTATION    ; UNSIGNED       ; Untyped                                ;
; LPM_PIPELINE           ; 0              ; Untyped                                ;
; LPM_REMAINDERPOSITIVE  ; TRUE           ; Untyped                                ;
; MAXIMIZE_SPEED         ; 5              ; Untyped                                ;
; CBXI_PARAMETER         ; lpm_divide_l3m ; Untyped                                ;
; CARRY_CHAIN            ; MANUAL         ; Untyped                                ;
; OPTIMIZE_FOR_SPEED     ; 5              ; Untyped                                ;
; AUTO_CARRY_CHAINS      ; ON             ; AUTO_CARRY                             ;
; IGNORE_CARRY_BUFFERS   ; OFF            ; IGNORE_CARRY                           ;
; AUTO_CASCADE_CHAINS    ; ON             ; AUTO_CASCADE                           ;
; IGNORE_CASCADE_BUFFERS ; OFF            ; IGNORE_CASCADE                         ;
+------------------------+----------------+----------------------------------------+
Note: In order to hide this table in the UI and the text report file, please set the "Show Parameter Settings in Synthesis Report" option in "Analysis and Synthesis Settings -> More Settings" to "Off".


+----------------------------------------------------------------------------------+
; Parameter Settings for Inferred Entity Instance: decode_hex:hex1|lpm_divide:Div1 ;
+------------------------+----------------+----------------------------------------+
; Parameter Name         ; Value          ; Type                                   ;
+------------------------+----------------+----------------------------------------+
; LPM_WIDTHN             ; 20             ; Untyped                                ;
; LPM_WIDTHD             ; 7              ; Untyped                                ;
; LPM_NREPRESENTATION    ; UNSIGNED       ; Untyped                                ;
; LPM_DREPRESENTATION    ; UNSIGNED       ; Untyped                                ;
; LPM_PIPELINE           ; 0              ; Untyped                                ;
; LPM_REMAINDERPOSITIVE  ; TRUE           ; Untyped                                ;
; MAXIMIZE_SPEED         ; 5              ; Untyped                                ;
; CBXI_PARAMETER         ; lpm_divide_ibm ; Untyped                                ;
; CARRY_CHAIN            ; MANUAL         ; Untyped                                ;
; OPTIMIZE_FOR_SPEED     ; 5              ; Untyped                                ;
; AUTO_CARRY_CHAINS      ; ON             ; AUTO_CARRY                             ;
; IGNORE_CARRY_BUFFERS   ; OFF            ; IGNORE_CARRY                           ;
; AUTO_CASCADE_CHAINS    ; ON             ; AUTO_CASCADE                           ;
; IGNORE_CASCADE_BUFFERS ; OFF            ; IGNORE_CASCADE                         ;
+------------------------+----------------+----------------------------------------+
Note: In order to hide this table in the UI and the text report file, please set the "Show Parameter Settings in Synthesis Report" option in "Analysis and Synthesis Settings -> More Settings" to "Off".


+----------------------------------------------------------------------------------+
; Parameter Settings for Inferred Entity Instance: decode_hex:hex1|lpm_divide:Mod2 ;
+------------------------+----------------+----------------------------------------+
; Parameter Name         ; Value          ; Type                                   ;
+------------------------+----------------+----------------------------------------+
; LPM_WIDTHN             ; 20             ; Untyped                                ;
; LPM_WIDTHD             ; 6              ; Untyped                                ;
; LPM_NREPRESENTATION    ; UNSIGNED       ; Untyped                                ;
; LPM_DREPRESENTATION    ; UNSIGNED       ; Untyped                                ;
; LPM_PIPELINE           ; 0              ; Untyped                                ;
; LPM_REMAINDERPOSITIVE  ; TRUE           ; Untyped                                ;
; MAXIMIZE_SPEED         ; 5              ; Untyped                                ;
; CBXI_PARAMETER         ; lpm_divide_k3m ; Untyped                                ;
; CARRY_CHAIN            ; MANUAL         ; Untyped                                ;
; OPTIMIZE_FOR_SPEED     ; 5              ; Untyped                                ;
; AUTO_CARRY_CHAINS      ; ON             ; AUTO_CARRY                             ;
; IGNORE_CARRY_BUFFERS   ; OFF            ; IGNORE_CARRY                           ;
; AUTO_CASCADE_CHAINS    ; ON             ; AUTO_CASCADE                           ;
; IGNORE_CASCADE_BUFFERS ; OFF            ; IGNORE_CASCADE                         ;
+------------------------+----------------+----------------------------------------+
Note: In order to hide this table in the UI and the text report file, please set the "Show Parameter Settings in Synthesis Report" option in "Analysis and Synthesis Settings -> More Settings" to "Off".


+----------------------------------------------------------------------------------+
; Parameter Settings for Inferred Entity Instance: decode_hex:hex1|lpm_divide:Mod3 ;
+------------------------+----------------+----------------------------------------+
; Parameter Name         ; Value          ; Type                                   ;
+------------------------+----------------+----------------------------------------+
; LPM_WIDTHN             ; 6              ; Untyped                                ;
; LPM_WIDTHD             ; 4              ; Untyped                                ;
; LPM_NREPRESENTATION    ; UNSIGNED       ; Untyped                                ;
; LPM_DREPRESENTATION    ; UNSIGNED       ; Untyped                                ;
; LPM_PIPELINE           ; 0              ; Untyped                                ;
; LPM_REMAINDERPOSITIVE  ; TRUE           ; Untyped                                ;
; MAXIMIZE_SPEED         ; 5              ; Untyped                                ;
; CBXI_PARAMETER         ; lpm_divide_62m ; Untyped                                ;
; CARRY_CHAIN            ; MANUAL         ; Untyped                                ;
; OPTIMIZE_FOR_SPEED     ; 5              ; Untyped                                ;
; AUTO_CARRY_CHAINS      ; ON             ; AUTO_CARRY                             ;
; IGNORE_CARRY_BUFFERS   ; OFF            ; IGNORE_CARRY                           ;
; AUTO_CASCADE_CHAINS    ; ON             ; AUTO_CASCADE                           ;
; IGNORE_CASCADE_BUFFERS ; OFF            ; IGNORE_CASCADE                         ;
+------------------------+----------------+----------------------------------------+
Note: In order to hide this table in the UI and the text report file, please set the "Show Parameter Settings in Synthesis Report" option in "Analysis and Synthesis Settings -> More Settings" to "Off".


+----------------------------------------------------------------------------------+
; Parameter Settings for Inferred Entity Instance: decode_hex:hex1|lpm_divide:Div3 ;
+------------------------+----------------+----------------------------------------+
; Parameter Name         ; Value          ; Type                                   ;
+------------------------+----------------+----------------------------------------+
; LPM_WIDTHN             ; 20             ; Untyped                                ;
; LPM_WIDTHD             ; 6              ; Untyped                                ;
; LPM_NREPRESENTATION    ; UNSIGNED       ; Untyped                                ;
; LPM_DREPRESENTATION    ; UNSIGNED       ; Untyped                                ;
; LPM_PIPELINE           ; 0              ; Untyped                                ;
; LPM_REMAINDERPOSITIVE  ; TRUE           ; Untyped                                ;
; MAXIMIZE_SPEED         ; 5              ; Untyped                                ;
; CBXI_PARAMETER         ; lpm_divide_hbm ; Untyped                                ;
; CARRY_CHAIN            ; MANUAL         ; Untyped                                ;
; OPTIMIZE_FOR_SPEED     ; 5              ; Untyped                                ;
; AUTO_CARRY_CHAINS      ; ON             ; AUTO_CARRY                             ;
; IGNORE_CARRY_BUFFERS   ; OFF            ; IGNORE_CARRY                           ;
; AUTO_CASCADE_CHAINS    ; ON             ; AUTO_CASCADE                           ;
; IGNORE_CASCADE_BUFFERS ; OFF            ; IGNORE_CASCADE                         ;
+------------------------+----------------+----------------------------------------+
Note: In order to hide this table in the UI and the text report file, please set the "Show Parameter Settings in Synthesis Report" option in "Analysis and Synthesis Settings -> More Settings" to "Off".


+----------------------------------------------------------------------------------+
; Parameter Settings for Inferred Entity Instance: decode_hex:hex1|lpm_divide:Mod4 ;
+------------------------+----------------+----------------------------------------+
; Parameter Name         ; Value          ; Type                                   ;
+------------------------+----------------+----------------------------------------+
; LPM_WIDTHN             ; 20             ; Untyped                                ;
; LPM_WIDTHD             ; 4              ; Untyped                                ;
; LPM_NREPRESENTATION    ; UNSIGNED       ; Untyped                                ;
; LPM_DREPRESENTATION    ; UNSIGNED       ; Untyped                                ;
; LPM_PIPELINE           ; 0              ; Untyped                                ;
; LPM_REMAINDERPOSITIVE  ; TRUE           ; Untyped                                ;
; MAXIMIZE_SPEED         ; 5              ; Untyped                                ;
; CBXI_PARAMETER         ; lpm_divide_i3m ; Untyped                                ;
; CARRY_CHAIN            ; MANUAL         ; Untyped                                ;
; OPTIMIZE_FOR_SPEED     ; 5              ; Untyped                                ;
; AUTO_CARRY_CHAINS      ; ON             ; AUTO_CARRY                             ;
; IGNORE_CARRY_BUFFERS   ; OFF            ; IGNORE_CARRY                           ;
; AUTO_CASCADE_CHAINS    ; ON             ; AUTO_CASCADE                           ;
; IGNORE_CASCADE_BUFFERS ; OFF            ; IGNORE_CASCADE                         ;
+------------------------+----------------+----------------------------------------+
Note: In order to hide this table in the UI and the text report file, please set the "Show Parameter Settings in Synthesis Report" option in "Analysis and Synthesis Settings -> More Settings" to "Off".


+----------------------------------------------------------------------------------+
; Parameter Settings for Inferred Entity Instance: decode_hex:hex1|lpm_divide:Div4 ;
+------------------------+----------------+----------------------------------------+
; Parameter Name         ; Value          ; Type                                   ;
+------------------------+----------------+----------------------------------------+
; LPM_WIDTHN             ; 20             ; Untyped                                ;
; LPM_WIDTHD             ; 4              ; Untyped                                ;
; LPM_NREPRESENTATION    ; UNSIGNED       ; Untyped                                ;
; LPM_DREPRESENTATION    ; UNSIGNED       ; Untyped                                ;
; LPM_PIPELINE           ; 0              ; Untyped                                ;
; LPM_REMAINDERPOSITIVE  ; TRUE           ; Untyped                                ;
; MAXIMIZE_SPEED         ; 5              ; Untyped                                ;
; CBXI_PARAMETER         ; lpm_divide_fbm ; Untyped                                ;
; CARRY_CHAIN            ; MANUAL         ; Untyped                                ;
; OPTIMIZE_FOR_SPEED     ; 5              ; Untyped                                ;
; AUTO_CARRY_CHAINS      ; ON             ; AUTO_CARRY                             ;
; IGNORE_CARRY_BUFFERS   ; OFF            ; IGNORE_CARRY                           ;
; AUTO_CASCADE_CHAINS    ; ON             ; AUTO_CASCADE                           ;
; IGNORE_CASCADE_BUFFERS ; OFF            ; IGNORE_CASCADE                         ;
+------------------------+----------------+----------------------------------------+
Note: In order to hide this table in the UI and the text report file, please set the "Show Parameter Settings in Synthesis Report" option in "Analysis and Synthesis Settings -> More Settings" to "Off".


+-------------------------------------------------+
; Port Connectivity Checks: "decode_hex:hex1"     ;
+---------------+-------+----------+--------------+
; Port          ; Type  ; Severity ; Details      ;
+---------------+-------+----------+--------------+
; hex_num[1..0] ; Input ; Info     ; Stuck at GND ;
; hex_num[5]    ; Input ; Info     ; Stuck at VCC ;
; hex_num[2]    ; Input ; Info     ; Stuck at VCC ;
+---------------+-------+----------+--------------+


+-----------------------------------------------------+
; Post-Synthesis Netlist Statistics for Top Partition ;
+-----------------------+-----------------------------+
; Type                  ; Count                       ;
+-----------------------+-----------------------------+
; arriav_ff             ; 113                         ;
;     CLR               ; 1                           ;
;     ENA               ; 22                          ;
;     ENA CLR           ; 20                          ;
;     ENA SLD           ; 16                          ;
;     SCLR              ; 50                          ;
;     plain             ; 4                           ;
; arriav_lcell_comb     ; 1846                        ;
;     arith             ; 1007                        ;
;         0 data inputs ; 184                         ;
;         1 data inputs ; 284                         ;
;         2 data inputs ; 14                          ;
;         3 data inputs ; 327                         ;
;         4 data inputs ; 118                         ;
;         5 data inputs ; 80                          ;
;     normal            ; 794                         ;
;         0 data inputs ; 1                           ;
;         1 data inputs ; 14                          ;
;         2 data inputs ; 242                         ;
;         3 data inputs ; 322                         ;
;         4 data inputs ; 83                          ;
;         5 data inputs ; 59                          ;
;         6 data inputs ; 73                          ;
;     shared            ; 45                          ;
;         0 data inputs ; 13                          ;
;         1 data inputs ; 10                          ;
;         2 data inputs ; 20                          ;
;         3 data inputs ; 2                           ;
; boundary_port         ; 70                          ;
;                       ;                             ;
; Max LUT depth         ; 37.20                       ;
; Average LUT depth     ; 23.15                       ;
+-----------------------+-----------------------------+


+-------------------------------+
; Elapsed Time Per Partition    ;
+----------------+--------------+
; Partition Name ; Elapsed Time ;
+----------------+--------------+
; Top            ; 00:00:03     ;
+----------------+--------------+


+-------------------------------+
; Analysis & Synthesis Messages ;
+-------------------------------+
Info: *******************************************************************
Info: Running Quartus Prime Analysis & Synthesis
    Info: Version 17.1.0 Build 590 10/25/2017 SJ Lite Edition
    Info: Processing started: Mon Oct 12 14:01:52 2020
Info: Command: quartus_map --read_settings_files=on --write_settings_files=off clk -c clk
Warning (18236): Number of processors has not been specified which may cause overloading on shared machines.  Set the global assignment NUM_PARALLEL_PROCESSORS in your QSF to an appropriate value for best performance.
Info (20030): Parallel compilation is enabled and will use 4 of the 4 processors detected
Info (12021): Found 1 design units, including 1 entities, in source file div.v
    Info (12023): Found entity 1: div File: D:/data/Homework/FPGA/Exp/Exp5/clk/div.v Line: 1
Info (12021): Found 1 design units, including 1 entities, in source file decode_hex.v
    Info (12023): Found entity 1: decode_hex File: D:/data/Homework/FPGA/Exp/Exp5/clk/decode_hex.v Line: 1
Info (12021): Found 1 design units, including 1 entities, in source file clock.v
    Info (12023): Found entity 1: clock File: D:/data/Homework/FPGA/Exp/Exp5/clk/clock.v Line: 1
Info (12021): Found 1 design units, including 1 entities, in source file timer.v
    Info (12023): Found entity 1: Timer File: D:/data/Homework/FPGA/Exp/Exp5/clk/Timer.v Line: 1
Info (12021): Found 1 design units, including 1 entities, in source file alarm.v
    Info (12023): Found entity 1: alarm File: D:/data/Homework/FPGA/Exp/Exp5/clk/alarm.v Line: 1
Warning (12125): Using design file clk.v, which is not specified as a design file for the current project, but contains definitions for 1 design units and 1 entities in project
    Info (12023): Found entity 1: clk File: D:/data/Homework/FPGA/Exp/Exp5/clk/clk.v Line: 6
Info (12127): Elaborating entity "clk" for the top level hierarchy
Warning (10230): Verilog HDL assignment warning at clk.v(51): truncated value with size 32 to match size of target (7) File: D:/data/Homework/FPGA/Exp/Exp5/clk/clk.v Line: 51
Warning (10034): Output port "LEDR[9..3]" at clk.v(21) has no driver File: D:/data/Homework/FPGA/Exp/Exp5/clk/clk.v Line: 21
Info (12128): Elaborating entity "div" for hierarchy "div:div1" File: D:/data/Homework/FPGA/Exp/Exp5/clk/clk.v Line: 43
Warning (10230): Verilog HDL assignment warning at div.v(20): truncated value with size 32 to match size of target (25) File: D:/data/Homework/FPGA/Exp/Exp5/clk/div.v Line: 20
Info (12128): Elaborating entity "div" for hierarchy "div:div2" File: D:/data/Homework/FPGA/Exp/Exp5/clk/clk.v Line: 44
Warning (10230): Verilog HDL assignment warning at div.v(20): truncated value with size 32 to match size of target (25) File: D:/data/Homework/FPGA/Exp/Exp5/clk/div.v Line: 20
Info (12128): Elaborating entity "clock" for hierarchy "clock:clock1" File: D:/data/Homework/FPGA/Exp/Exp5/clk/clk.v Line: 45
Warning (10230): Verilog HDL assignment warning at clock.v(18): truncated value with size 32 to match size of target (20) File: D:/data/Homework/FPGA/Exp/Exp5/clk/clock.v Line: 18
Warning (10230): Verilog HDL assignment warning at clock.v(23): truncated value with size 32 to match size of target (20) File: D:/data/Homework/FPGA/Exp/Exp5/clk/clock.v Line: 23
Warning (10230): Verilog HDL assignment warning at clock.v(29): truncated value with size 32 to match size of target (20) File: D:/data/Homework/FPGA/Exp/Exp5/clk/clock.v Line: 29
Warning (10230): Verilog HDL assignment warning at clock.v(34): truncated value with size 32 to match size of target (20) File: D:/data/Homework/FPGA/Exp/Exp5/clk/clock.v Line: 34
Warning (10230): Verilog HDL assignment warning at clock.v(38): truncated value with size 32 to match size of target (20) File: D:/data/Homework/FPGA/Exp/Exp5/clk/clock.v Line: 38
Info (12128): Elaborating entity "Timer" for hierarchy "Timer:timer1" File: D:/data/Homework/FPGA/Exp/Exp5/clk/clk.v Line: 46
Warning (10230): Verilog HDL assignment warning at Timer.v(29): truncated value with size 32 to match size of target (20) File: D:/data/Homework/FPGA/Exp/Exp5/clk/Timer.v Line: 29
Info (12128): Elaborating entity "alarm" for hierarchy "alarm:alarm1" File: D:/data/Homework/FPGA/Exp/Exp5/clk/clk.v Line: 47
Warning (10230): Verilog HDL assignment warning at alarm.v(16): truncated value with size 32 to match size of target (20) File: D:/data/Homework/FPGA/Exp/Exp5/clk/alarm.v Line: 16
Warning (10230): Verilog HDL assignment warning at alarm.v(21): truncated value with size 32 to match size of target (20) File: D:/data/Homework/FPGA/Exp/Exp5/clk/alarm.v Line: 21
Warning (10230): Verilog HDL assignment warning at alarm.v(26): truncated value with size 32 to match size of target (20) File: D:/data/Homework/FPGA/Exp/Exp5/clk/alarm.v Line: 26
Warning (10230): Verilog HDL assignment warning at alarm.v(30): truncated value with size 32 to match size of target (20) File: D:/data/Homework/FPGA/Exp/Exp5/clk/alarm.v Line: 30
Info (12128): Elaborating entity "decode_hex" for hierarchy "decode_hex:hex1" File: D:/data/Homework/FPGA/Exp/Exp5/clk/clk.v Line: 56
Warning (10235): Verilog HDL Always Construct warning at decode_hex.v(21): variable "hex_num" is read inside the Always Construct but isn't in the Always Construct's Event Control File: D:/data/Homework/FPGA/Exp/Exp5/clk/decode_hex.v Line: 21
Warning (10235): Verilog HDL Always Construct warning at decode_hex.v(34): variable "hex_num" is read inside the Always Construct but isn't in the Always Construct's Event Control File: D:/data/Homework/FPGA/Exp/Exp5/clk/decode_hex.v Line: 34
Warning (10235): Verilog HDL Always Construct warning at decode_hex.v(47): variable "hex_num" is read inside the Always Construct but isn't in the Always Construct's Event Control File: D:/data/Homework/FPGA/Exp/Exp5/clk/decode_hex.v Line: 47
Warning (10235): Verilog HDL Always Construct warning at decode_hex.v(60): variable "hex_num" is read inside the Always Construct but isn't in the Always Construct's Event Control File: D:/data/Homework/FPGA/Exp/Exp5/clk/decode_hex.v Line: 60
Warning (10235): Verilog HDL Always Construct warning at decode_hex.v(73): variable "hex_num" is read inside the Always Construct but isn't in the Always Construct's Event Control File: D:/data/Homework/FPGA/Exp/Exp5/clk/decode_hex.v Line: 73
Info (278001): Inferred 8 megafunctions from design logic
    Info (278004): Inferred divider/modulo megafunction ("lpm_divide") from the following logic: "decode_hex:hex1|Mod0" File: D:/data/Homework/FPGA/Exp/Exp5/clk/decode_hex.v Line: 8
    Info (278004): Inferred divider/modulo megafunction ("lpm_divide") from the following logic: "decode_hex:hex1|Mod1" File: D:/data/Homework/FPGA/Exp/Exp5/clk/decode_hex.v Line: 21
    Info (278004): Inferred divider/modulo megafunction ("lpm_divide") from the following logic: "decode_hex:hex1|Div1" File: D:/data/Homework/FPGA/Exp/Exp5/clk/decode_hex.v Line: 34
    Info (278004): Inferred divider/modulo megafunction ("lpm_divide") from the following logic: "decode_hex:hex1|Mod2" File: D:/data/Homework/FPGA/Exp/Exp5/clk/decode_hex.v Line: 34
    Info (278004): Inferred divider/modulo megafunction ("lpm_divide") from the following logic: "decode_hex:hex1|Mod3" File: D:/data/Homework/FPGA/Exp/Exp5/clk/decode_hex.v Line: 34
    Info (278004): Inferred divider/modulo megafunction ("lpm_divide") from the following logic: "decode_hex:hex1|Div3" File: D:/data/Homework/FPGA/Exp/Exp5/clk/decode_hex.v Line: 60
    Info (278004): Inferred divider/modulo megafunction ("lpm_divide") from the following logic: "decode_hex:hex1|Mod4" File: D:/data/Homework/FPGA/Exp/Exp5/clk/decode_hex.v Line: 60
    Info (278004): Inferred divider/modulo megafunction ("lpm_divide") from the following logic: "decode_hex:hex1|Div4" File: D:/data/Homework/FPGA/Exp/Exp5/clk/decode_hex.v Line: 73
Info (12130): Elaborated megafunction instantiation "decode_hex:hex1|lpm_divide:Mod0" File: D:/data/Homework/FPGA/Exp/Exp5/clk/decode_hex.v Line: 8
Info (12133): Instantiated megafunction "decode_hex:hex1|lpm_divide:Mod0" with the following parameter: File: D:/data/Homework/FPGA/Exp/Exp5/clk/decode_hex.v Line: 8
    Info (12134): Parameter "LPM_WIDTHN" = "20"
    Info (12134): Parameter "LPM_WIDTHD" = "4"
    Info (12134): Parameter "LPM_NREPRESENTATION" = "UNSIGNED"
    Info (12134): Parameter "LPM_DREPRESENTATION" = "UNSIGNED"
Info (12021): Found 1 design units, including 1 entities, in source file db/lpm_divide_i3m.tdf
    Info (12023): Found entity 1: lpm_divide_i3m File: D:/data/Homework/FPGA/Exp/Exp5/clk/db/lpm_divide_i3m.tdf Line: 24
Info (12021): Found 1 design units, including 1 entities, in source file db/sign_div_unsign_llh.tdf
    Info (12023): Found entity 1: sign_div_unsign_llh File: D:/data/Homework/FPGA/Exp/Exp5/clk/db/sign_div_unsign_llh.tdf Line: 24
Info (12021): Found 1 design units, including 1 entities, in source file db/alt_u_div_gve.tdf
    Info (12023): Found entity 1: alt_u_div_gve File: D:/data/Homework/FPGA/Exp/Exp5/clk/db/alt_u_div_gve.tdf Line: 22
Info (12130): Elaborated megafunction instantiation "decode_hex:hex1|lpm_divide:Mod1" File: D:/data/Homework/FPGA/Exp/Exp5/clk/decode_hex.v Line: 21
Info (12133): Instantiated megafunction "decode_hex:hex1|lpm_divide:Mod1" with the following parameter: File: D:/data/Homework/FPGA/Exp/Exp5/clk/decode_hex.v Line: 21
    Info (12134): Parameter "LPM_WIDTHN" = "20"
    Info (12134): Parameter "LPM_WIDTHD" = "7"
    Info (12134): Parameter "LPM_NREPRESENTATION" = "UNSIGNED"
    Info (12134): Parameter "LPM_DREPRESENTATION" = "UNSIGNED"
Info (12021): Found 1 design units, including 1 entities, in source file db/lpm_divide_l3m.tdf
    Info (12023): Found entity 1: lpm_divide_l3m File: D:/data/Homework/FPGA/Exp/Exp5/clk/db/lpm_divide_l3m.tdf Line: 24
Info (12021): Found 1 design units, including 1 entities, in source file db/sign_div_unsign_olh.tdf
    Info (12023): Found entity 1: sign_div_unsign_olh File: D:/data/Homework/FPGA/Exp/Exp5/clk/db/sign_div_unsign_olh.tdf Line: 24
Info (12021): Found 1 design units, including 1 entities, in source file db/alt_u_div_mve.tdf
    Info (12023): Found entity 1: alt_u_div_mve File: D:/data/Homework/FPGA/Exp/Exp5/clk/db/alt_u_div_mve.tdf Line: 22
Info (12130): Elaborated megafunction instantiation "decode_hex:hex1|lpm_divide:Div1" File: D:/data/Homework/FPGA/Exp/Exp5/clk/decode_hex.v Line: 34
Info (12133): Instantiated megafunction "decode_hex:hex1|lpm_divide:Div1" with the following parameter: File: D:/data/Homework/FPGA/Exp/Exp5/clk/decode_hex.v Line: 34
    Info (12134): Parameter "LPM_WIDTHN" = "20"
    Info (12134): Parameter "LPM_WIDTHD" = "7"
    Info (12134): Parameter "LPM_NREPRESENTATION" = "UNSIGNED"
    Info (12134): Parameter "LPM_DREPRESENTATION" = "UNSIGNED"
Info (12021): Found 1 design units, including 1 entities, in source file db/lpm_divide_ibm.tdf
    Info (12023): Found entity 1: lpm_divide_ibm File: D:/data/Homework/FPGA/Exp/Exp5/clk/db/lpm_divide_ibm.tdf Line: 24
Info (12130): Elaborated megafunction instantiation "decode_hex:hex1|lpm_divide:Mod2" File: D:/data/Homework/FPGA/Exp/Exp5/clk/decode_hex.v Line: 34
Info (12133): Instantiated megafunction "decode_hex:hex1|lpm_divide:Mod2" with the following parameter: File: D:/data/Homework/FPGA/Exp/Exp5/clk/decode_hex.v Line: 34
    Info (12134): Parameter "LPM_WIDTHN" = "20"
    Info (12134): Parameter "LPM_WIDTHD" = "6"
    Info (12134): Parameter "LPM_NREPRESENTATION" = "UNSIGNED"
    Info (12134): Parameter "LPM_DREPRESENTATION" = "UNSIGNED"
Info (12021): Found 1 design units, including 1 entities, in source file db/lpm_divide_k3m.tdf
    Info (12023): Found entity 1: lpm_divide_k3m File: D:/data/Homework/FPGA/Exp/Exp5/clk/db/lpm_divide_k3m.tdf Line: 24
Info (12021): Found 1 design units, including 1 entities, in source file db/sign_div_unsign_nlh.tdf
    Info (12023): Found entity 1: sign_div_unsign_nlh File: D:/data/Homework/FPGA/Exp/Exp5/clk/db/sign_div_unsign_nlh.tdf Line: 24
Info (12021): Found 1 design units, including 1 entities, in source file db/alt_u_div_kve.tdf
    Info (12023): Found entity 1: alt_u_div_kve File: D:/data/Homework/FPGA/Exp/Exp5/clk/db/alt_u_div_kve.tdf Line: 22
Info (12130): Elaborated megafunction instantiation "decode_hex:hex1|lpm_divide:Mod3" File: D:/data/Homework/FPGA/Exp/Exp5/clk/decode_hex.v Line: 34
Info (12133): Instantiated megafunction "decode_hex:hex1|lpm_divide:Mod3" with the following parameter: File: D:/data/Homework/FPGA/Exp/Exp5/clk/decode_hex.v Line: 34
    Info (12134): Parameter "LPM_WIDTHN" = "6"
    Info (12134): Parameter "LPM_WIDTHD" = "4"
    Info (12134): Parameter "LPM_NREPRESENTATION" = "UNSIGNED"
    Info (12134): Parameter "LPM_DREPRESENTATION" = "UNSIGNED"
Info (12021): Found 1 design units, including 1 entities, in source file db/lpm_divide_62m.tdf
    Info (12023): Found entity 1: lpm_divide_62m File: D:/data/Homework/FPGA/Exp/Exp5/clk/db/lpm_divide_62m.tdf Line: 24
Info (12021): Found 1 design units, including 1 entities, in source file db/sign_div_unsign_9kh.tdf
    Info (12023): Found entity 1: sign_div_unsign_9kh File: D:/data/Homework/FPGA/Exp/Exp5/clk/db/sign_div_unsign_9kh.tdf Line: 24
Info (12021): Found 1 design units, including 1 entities, in source file db/alt_u_div_ose.tdf
    Info (12023): Found entity 1: alt_u_div_ose File: D:/data/Homework/FPGA/Exp/Exp5/clk/db/alt_u_div_ose.tdf Line: 22
Info (12130): Elaborated megafunction instantiation "decode_hex:hex1|lpm_divide:Div3" File: D:/data/Homework/FPGA/Exp/Exp5/clk/decode_hex.v Line: 60
Info (12133): Instantiated megafunction "decode_hex:hex1|lpm_divide:Div3" with the following parameter: File: D:/data/Homework/FPGA/Exp/Exp5/clk/decode_hex.v Line: 60
    Info (12134): Parameter "LPM_WIDTHN" = "20"
    Info (12134): Parameter "LPM_WIDTHD" = "6"
    Info (12134): Parameter "LPM_NREPRESENTATION" = "UNSIGNED"
    Info (12134): Parameter "LPM_DREPRESENTATION" = "UNSIGNED"
Info (12021): Found 1 design units, including 1 entities, in source file db/lpm_divide_hbm.tdf
    Info (12023): Found entity 1: lpm_divide_hbm File: D:/data/Homework/FPGA/Exp/Exp5/clk/db/lpm_divide_hbm.tdf Line: 24
Info (12130): Elaborated megafunction instantiation "decode_hex:hex1|lpm_divide:Div4" File: D:/data/Homework/FPGA/Exp/Exp5/clk/decode_hex.v Line: 73
Info (12133): Instantiated megafunction "decode_hex:hex1|lpm_divide:Div4" with the following parameter: File: D:/data/Homework/FPGA/Exp/Exp5/clk/decode_hex.v Line: 73
    Info (12134): Parameter "LPM_WIDTHN" = "20"
    Info (12134): Parameter "LPM_WIDTHD" = "4"
    Info (12134): Parameter "LPM_NREPRESENTATION" = "UNSIGNED"
    Info (12134): Parameter "LPM_DREPRESENTATION" = "UNSIGNED"
Info (12021): Found 1 design units, including 1 entities, in source file db/lpm_divide_fbm.tdf
    Info (12023): Found entity 1: lpm_divide_fbm File: D:/data/Homework/FPGA/Exp/Exp5/clk/db/lpm_divide_fbm.tdf Line: 24
Warning (13004): Presettable and clearable registers converted to equivalent circuits with latches. Registers power-up to an undefined state, and DEVCLRn places the registers in an undefined state.
    Warning (13310): Register "Timer:timer1|count[0]" is converted into an equivalent circuit using register "Timer:timer1|count[0]~_emulated" and latch "Timer:timer1|count[0]~1" File: D:/data/Homework/FPGA/Exp/Exp5/clk/Timer.v Line: 21
    Warning (13310): Register "Timer:timer1|count[1]" is converted into an equivalent circuit using register "Timer:timer1|count[1]~_emulated" and latch "Timer:timer1|count[1]~5" File: D:/data/Homework/FPGA/Exp/Exp5/clk/Timer.v Line: 21
    Warning (13310): Register "Timer:timer1|count[2]" is converted into an equivalent circuit using register "Timer:timer1|count[2]~_emulated" and latch "Timer:timer1|count[2]~9" File: D:/data/Homework/FPGA/Exp/Exp5/clk/Timer.v Line: 21
    Warning (13310): Register "Timer:timer1|count[3]" is converted into an equivalent circuit using register "Timer:timer1|count[3]~_emulated" and latch "Timer:timer1|count[3]~13" File: D:/data/Homework/FPGA/Exp/Exp5/clk/Timer.v Line: 21
    Warning (13310): Register "Timer:timer1|count[6]" is converted into an equivalent circuit using register "Timer:timer1|count[6]~_emulated" and latch "Timer:timer1|count[6]~17" File: D:/data/Homework/FPGA/Exp/Exp5/clk/Timer.v Line: 21
    Warning (13310): Register "Timer:timer1|count[5]" is converted into an equivalent circuit using register "Timer:timer1|count[5]~_emulated" and latch "Timer:timer1|count[5]~21" File: D:/data/Homework/FPGA/Exp/Exp5/clk/Timer.v Line: 21
    Warning (13310): Register "Timer:timer1|count[4]" is converted into an equivalent circuit using register "Timer:timer1|count[4]~_emulated" and latch "Timer:timer1|count[4]~25" File: D:/data/Homework/FPGA/Exp/Exp5/clk/Timer.v Line: 21
    Warning (13310): Register "Timer:timer1|count[19]" is converted into an equivalent circuit using register "Timer:timer1|count[19]~_emulated" and latch "Timer:timer1|count[19]~29" File: D:/data/Homework/FPGA/Exp/Exp5/clk/Timer.v Line: 21
    Warning (13310): Register "Timer:timer1|count[18]" is converted into an equivalent circuit using register "Timer:timer1|count[18]~_emulated" and latch "Timer:timer1|count[18]~33" File: D:/data/Homework/FPGA/Exp/Exp5/clk/Timer.v Line: 21
    Warning (13310): Register "Timer:timer1|count[17]" is converted into an equivalent circuit using register "Timer:timer1|count[17]~_emulated" and latch "Timer:timer1|count[17]~37" File: D:/data/Homework/FPGA/Exp/Exp5/clk/Timer.v Line: 21
    Warning (13310): Register "Timer:timer1|count[16]" is converted into an equivalent circuit using register "Timer:timer1|count[16]~_emulated" and latch "Timer:timer1|count[16]~41" File: D:/data/Homework/FPGA/Exp/Exp5/clk/Timer.v Line: 21
    Warning (13310): Register "Timer:timer1|count[15]" is converted into an equivalent circuit using register "Timer:timer1|count[15]~_emulated" and latch "Timer:timer1|count[15]~45" File: D:/data/Homework/FPGA/Exp/Exp5/clk/Timer.v Line: 21
    Warning (13310): Register "Timer:timer1|count[14]" is converted into an equivalent circuit using register "Timer:timer1|count[14]~_emulated" and latch "Timer:timer1|count[14]~49" File: D:/data/Homework/FPGA/Exp/Exp5/clk/Timer.v Line: 21
    Warning (13310): Register "Timer:timer1|count[13]" is converted into an equivalent circuit using register "Timer:timer1|count[13]~_emulated" and latch "Timer:timer1|count[13]~53" File: D:/data/Homework/FPGA/Exp/Exp5/clk/Timer.v Line: 21
    Warning (13310): Register "Timer:timer1|count[12]" is converted into an equivalent circuit using register "Timer:timer1|count[12]~_emulated" and latch "Timer:timer1|count[12]~57" File: D:/data/Homework/FPGA/Exp/Exp5/clk/Timer.v Line: 21
    Warning (13310): Register "Timer:timer1|count[11]" is converted into an equivalent circuit using register "Timer:timer1|count[11]~_emulated" and latch "Timer:timer1|count[11]~61" File: D:/data/Homework/FPGA/Exp/Exp5/clk/Timer.v Line: 21
    Warning (13310): Register "Timer:timer1|count[10]" is converted into an equivalent circuit using register "Timer:timer1|count[10]~_emulated" and latch "Timer:timer1|count[10]~65" File: D:/data/Homework/FPGA/Exp/Exp5/clk/Timer.v Line: 21
    Warning (13310): Register "Timer:timer1|count[9]" is converted into an equivalent circuit using register "Timer:timer1|count[9]~_emulated" and latch "Timer:timer1|count[9]~69" File: D:/data/Homework/FPGA/Exp/Exp5/clk/Timer.v Line: 21
    Warning (13310): Register "Timer:timer1|count[8]" is converted into an equivalent circuit using register "Timer:timer1|count[8]~_emulated" and latch "Timer:timer1|count[8]~73" File: D:/data/Homework/FPGA/Exp/Exp5/clk/Timer.v Line: 21
    Warning (13310): Register "Timer:timer1|count[7]" is converted into an equivalent circuit using register "Timer:timer1|count[7]~_emulated" and latch "Timer:timer1|count[7]~77" File: D:/data/Homework/FPGA/Exp/Exp5/clk/Timer.v Line: 21
    Warning (13310): Register "Timer:timer1|pow" is converted into an equivalent circuit using register "Timer:timer1|pow~_emulated" and latch "Timer:timer1|pow~1" File: D:/data/Homework/FPGA/Exp/Exp5/clk/Timer.v Line: 6
Warning (13024): Output pins are stuck at VCC or GND
    Warning (13410): Pin "LEDR[3]" is stuck at GND File: D:/data/Homework/FPGA/Exp/Exp5/clk/clk.v Line: 21
    Warning (13410): Pin "LEDR[4]" is stuck at GND File: D:/data/Homework/FPGA/Exp/Exp5/clk/clk.v Line: 21
    Warning (13410): Pin "LEDR[5]" is stuck at GND File: D:/data/Homework/FPGA/Exp/Exp5/clk/clk.v Line: 21
    Warning (13410): Pin "LEDR[6]" is stuck at GND File: D:/data/Homework/FPGA/Exp/Exp5/clk/clk.v Line: 21
    Warning (13410): Pin "LEDR[7]" is stuck at GND File: D:/data/Homework/FPGA/Exp/Exp5/clk/clk.v Line: 21
    Warning (13410): Pin "LEDR[8]" is stuck at GND File: D:/data/Homework/FPGA/Exp/Exp5/clk/clk.v Line: 21
    Warning (13410): Pin "LEDR[9]" is stuck at GND File: D:/data/Homework/FPGA/Exp/Exp5/clk/clk.v Line: 21
Info (286030): Timing-Driven Synthesis is running
Info (144001): Generated suppressed messages file D:/data/Homework/FPGA/Exp/Exp5/clk/clk.map.smsg
Info (16010): Generating hard_block partition "hard_block:auto_generated_inst"
    Info (16011): Adding 0 node(s), including 0 DDIO, 0 PLL, 0 transceiver and 0 LCELL
Warning (21074): Design contains 11 input pin(s) that do not drive logic
    Warning (15610): No output dependent on input pin "CLOCK3_50" File: D:/data/Homework/FPGA/Exp/Exp5/clk/clk.v Line: 10
    Warning (15610): No output dependent on input pin "CLOCK4_50" File: D:/data/Homework/FPGA/Exp/Exp5/clk/clk.v Line: 11
    Warning (15610): No output dependent on input pin "CLOCK_50" File: D:/data/Homework/FPGA/Exp/Exp5/clk/clk.v Line: 12
    Warning (15610): No output dependent on input pin "KEY[3]" File: D:/data/Homework/FPGA/Exp/Exp5/clk/clk.v Line: 15
    Warning (15610): No output dependent on input pin "SW[3]" File: D:/data/Homework/FPGA/Exp/Exp5/clk/clk.v Line: 18
    Warning (15610): No output dependent on input pin "SW[4]" File: D:/data/Homework/FPGA/Exp/Exp5/clk/clk.v Line: 18
    Warning (15610): No output dependent on input pin "SW[5]" File: D:/data/Homework/FPGA/Exp/Exp5/clk/clk.v Line: 18
    Warning (15610): No output dependent on input pin "SW[6]" File: D:/data/Homework/FPGA/Exp/Exp5/clk/clk.v Line: 18
    Warning (15610): No output dependent on input pin "SW[7]" File: D:/data/Homework/FPGA/Exp/Exp5/clk/clk.v Line: 18
    Warning (15610): No output dependent on input pin "SW[8]" File: D:/data/Homework/FPGA/Exp/Exp5/clk/clk.v Line: 18
    Warning (15610): No output dependent on input pin "SW[9]" File: D:/data/Homework/FPGA/Exp/Exp5/clk/clk.v Line: 18
Info (21057): Implemented 1901 device resources after synthesis - the final resource count might be different
    Info (21058): Implemented 18 input pins
    Info (21059): Implemented 52 output pins
    Info (21061): Implemented 1831 logic cells
Info: Quartus Prime Analysis & Synthesis was successful. 0 errors, 63 warnings
    Info: Peak virtual memory: 4858 megabytes
    Info: Processing ended: Mon Oct 12 14:02:09 2020
    Info: Elapsed time: 00:00:17
    Info: Total CPU time (on all processors): 00:00:33


+------------------------------------------+
; Analysis & Synthesis Suppressed Messages ;
+------------------------------------------+
The suppressed messages can be found in D:/data/Homework/FPGA/Exp/Exp5/clk/clk.map.smsg.


